{"D:\\Lập trình\\Phongtro\\New_code\\phongtro-ext\\server\\controllers\\category.js": {"path":"D:\\Lập trình\\Phongtro\\New_code\\phongtro-ext\\server\\controllers\\category.js","statementMap":{"0":{"start":{"line":1,"column":11},"end":{"line":1,"column":31}},"1":{"start":{"line":2,"column":21},"end":{"line":2,"column":53}},"2":{"start":{"line":4,"column":22},"end":{"line":18,"column":2}},"3":{"start":{"line":6,"column":21},"end":{"line":6,"column":48}},"4":{"start":{"line":7,"column":19},"end":{"line":7,"column":42}},"5":{"start":{"line":8,"column":15},"end":{"line":8,"column":67}},"6":{"start":{"line":9,"column":4},"end":{"line":13,"column":5}},"7":{"start":{"line":10,"column":8},"end":{"line":10,"column":46}},"8":{"start":{"line":12,"column":8},"end":{"line":12,"column":48}},"9":{"start":{"line":14,"column":4},"end":{"line":17,"column":6}},"10":{"start":{"line":20,"column":0},"end":{"line":22,"column":1}}},"fnMap":{"0":{"name":"(anonymous_0)","decl":{"start":{"line":4,"column":35},"end":{"line":4,"column":36}},"loc":{"start":{"line":4,"column":55},"end":{"line":18,"column":1}},"line":4}},"branchMap":{"0":{"loc":{"start":{"line":7,"column":19},"end":{"line":7,"column":42}},"type":"binary-expr","locations":[{"start":{"line":7,"column":19},"end":{"line":7,"column":32}},{"start":{"line":7,"column":36},"end":{"line":7,"column":42}}],"line":7},"1":{"loc":{"start":{"line":9,"column":4},"end":{"line":13,"column":5}},"type":"if","locations":[{"start":{"line":9,"column":4},"end":{"line":13,"column":5}},{"start":{"line":11,"column":11},"end":{"line":13,"column":5}}],"line":9},"2":{"loc":{"start":{"line":15,"column":17},"end":{"line":15,"column":40}},"type":"cond-expr","locations":[{"start":{"line":15,"column":28},"end":{"line":15,"column":32}},{"start":{"line":15,"column":35},"end":{"line":15,"column":40}}],"line":15},"3":{"loc":{"start":{"line":16,"column":20},"end":{"line":16,"column":65}},"type":"cond-expr","locations":[{"start":{"line":16,"column":31},"end":{"line":16,"column":39}},{"start":{"line":16,"column":42},"end":{"line":16,"column":65}}],"line":16}},"s":{"0":1,"1":1,"2":1,"3":3,"4":2,"5":2,"6":2,"7":2,"8":0,"9":0,"10":1},"f":{"0":3},"b":{"0":[2,1],"1":[2,0],"2":[0,0],"3":[0,0]},"_coverageSchema":"1a1c01bbd47fc00a2c39e90264f33305004495a9","hash":"1fc076690a2f52c1ee3a21bfcd429bebb50d680d"}
,"D:\\Lập trình\\Phongtro\\New_code\\phongtro-ext\\server\\controllers\\comment.js": {"path":"D:\\Lập trình\\Phongtro\\New_code\\phongtro-ext\\server\\controllers\\comment.js","statementMap":{"0":{"start":{"line":1,"column":11},"end":{"line":1,"column":31}},"1":{"start":{"line":2,"column":21},"end":{"line":2,"column":53}},"2":{"start":{"line":3,"column":15},"end":{"line":3,"column":32}},"3":{"start":{"line":5,"column":22},"end":{"line":18,"column":2}},"4":{"start":{"line":6,"column":29},"end":{"line":6,"column":37}},"5":{"start":{"line":7,"column":20},"end":{"line":7,"column":28}},"6":{"start":{"line":8,"column":4},"end":{"line":11,"column":6}},"7":{"start":{"line":8,"column":26},"end":{"line":11,"column":6}},"8":{"start":{"line":12,"column":17},"end":{"line":12,"column":37}},"9":{"start":{"line":13,"column":21},"end":{"line":13,"column":71}},"10":{"start":{"line":14,"column":4},"end":{"line":17,"column":6}},"11":{"start":{"line":20,"column":0},"end":{"line":22,"column":1}}},"fnMap":{"0":{"name":"(anonymous_0)","decl":{"start":{"line":5,"column":35},"end":{"line":5,"column":36}},"loc":{"start":{"line":5,"column":55},"end":{"line":18,"column":1}},"line":5}},"branchMap":{"0":{"loc":{"start":{"line":8,"column":4},"end":{"line":11,"column":6}},"type":"if","locations":[{"start":{"line":8,"column":4},"end":{"line":11,"column":6}},{"start":{},"end":{}}],"line":8},"1":{"loc":{"start":{"line":8,"column":8},"end":{"line":8,"column":24}},"type":"binary-expr","locations":[{"start":{"line":8,"column":8},"end":{"line":8,"column":12}},{"start":{"line":8,"column":16},"end":{"line":8,"column":24}}],"line":8},"2":{"loc":{"start":{"line":15,"column":17},"end":{"line":15,"column":40}},"type":"cond-expr","locations":[{"start":{"line":15,"column":28},"end":{"line":15,"column":32}},{"start":{"line":15,"column":35},"end":{"line":15,"column":40}}],"line":15},"3":{"loc":{"start":{"line":16,"column":13},"end":{"line":16,"column":70}},"type":"cond-expr","locations":[{"start":{"line":16,"column":24},"end":{"line":16,"column":41}},{"start":{"line":16,"column":44},"end":{"line":16,"column":70}}],"line":16}},"s":{"0":1,"1":1,"2":1,"3":1,"4":3,"5":3,"6":3,"7":1,"8":2,"9":2,"10":1,"11":1},"f":{"0":3},"b":{"0":[1,2],"1":[3,2],"2":[1,0],"3":[1,0]},"_coverageSchema":"1a1c01bbd47fc00a2c39e90264f33305004495a9","hash":"70c075f72b20985b1f0c1753484d6d24fa1b6cf8"}
,"D:\\Lập trình\\Phongtro\\New_code\\phongtro-ext\\server\\controllers\\foodtype.js": {"path":"D:\\Lập trình\\Phongtro\\New_code\\phongtro-ext\\server\\controllers\\foodtype.js","statementMap":{"0":{"start":{"line":1,"column":11},"end":{"line":1,"column":31}},"1":{"start":{"line":2,"column":21},"end":{"line":2,"column":53}},"2":{"start":{"line":4,"column":20},"end":{"line":10,"column":2}},"3":{"start":{"line":5,"column":21},"end":{"line":5,"column":48}},"4":{"start":{"line":6,"column":4},"end":{"line":9,"column":6}},"5":{"start":{"line":12,"column":0},"end":{"line":14,"column":1}}},"fnMap":{"0":{"name":"(anonymous_0)","decl":{"start":{"line":4,"column":33},"end":{"line":4,"column":34}},"loc":{"start":{"line":4,"column":53},"end":{"line":10,"column":1}},"line":4}},"branchMap":{"0":{"loc":{"start":{"line":7,"column":17},"end":{"line":7,"column":40}},"type":"cond-expr","locations":[{"start":{"line":7,"column":28},"end":{"line":7,"column":32}},{"start":{"line":7,"column":35},"end":{"line":7,"column":40}}],"line":7},"1":{"loc":{"start":{"line":8,"column":19},"end":{"line":8,"column":62}},"type":"cond-expr","locations":[{"start":{"line":8,"column":30},"end":{"line":8,"column":38}},{"start":{"line":8,"column":41},"end":{"line":8,"column":62}}],"line":8}},"s":{"0":1,"1":1,"2":1,"3":2,"4":1,"5":1},"f":{"0":2},"b":{"0":[1,0],"1":[1,0]},"_coverageSchema":"1a1c01bbd47fc00a2c39e90264f33305004495a9","hash":"28c6c7beb42bf96336c359685054b668b25d94b8"}
,"D:\\Lập trình\\Phongtro\\New_code\\phongtro-ext\\server\\controllers\\post.js": {"path":"D:\\Lập trình\\Phongtro\\New_code\\phongtro-ext\\server\\controllers\\post.js","statementMap":{"0":{"start":{"line":1,"column":11},"end":{"line":1,"column":31}},"1":{"start":{"line":2,"column":21},"end":{"line":2,"column":53}},"2":{"start":{"line":3,"column":15},"end":{"line":3,"column":32}},"3":{"start":{"line":4,"column":15},"end":{"line":4,"column":35}},"4":{"start":{"line":5,"column":22},"end":{"line":5,"column":42}},"5":{"start":{"line":7,"column":20},"end":{"line":25,"column":2}},"6":{"start":{"line":8,"column":18},"end":{"line":8,"column":26}},"7":{"start":{"line":9,"column":30},"end":{"line":9,"column":38}},"8":{"start":{"line":10,"column":40},"end":{"line":10,"column":48}},"9":{"start":{"line":11,"column":2},"end":{"line":11,"column":62}},"10":{"start":{"line":11,"column":17},"end":{"line":11,"column":62}},"11":{"start":{"line":11,"column":53},"end":{"line":11,"column":60}},"12":{"start":{"line":13,"column":2},"end":{"line":13,"column":61}},"13":{"start":{"line":13,"column":27},"end":{"line":13,"column":61}},"14":{"start":{"line":14,"column":2},"end":{"line":14,"column":51}},"15":{"start":{"line":14,"column":26},"end":{"line":14,"column":51}},"16":{"start":{"line":15,"column":19},"end":{"line":18,"column":4}},"17":{"start":{"line":19,"column":2},"end":{"line":24,"column":5}},"18":{"start":{"line":26,"column":19},"end":{"line":38,"column":2}},"19":{"start":{"line":27,"column":18},"end":{"line":27,"column":28}},"20":{"start":{"line":28,"column":22},"end":{"line":28,"column":30}},"21":{"start":{"line":29,"column":2},"end":{"line":29,"column":66}},"22":{"start":{"line":29,"column":17},"end":{"line":29,"column":66}},"23":{"start":{"line":29,"column":57},"end":{"line":29,"column":64}},"24":{"start":{"line":30,"column":2},"end":{"line":30,"column":63}},"25":{"start":{"line":30,"column":26},"end":{"line":30,"column":63}},"26":{"start":{"line":31,"column":16},"end":{"line":31,"column":27}},"27":{"start":{"line":32,"column":2},"end":{"line":32,"column":46}},"28":{"start":{"line":32,"column":16},"end":{"line":32,"column":46}},"29":{"start":{"line":33,"column":19},"end":{"line":33,"column":67}},"30":{"start":{"line":34,"column":2},"end":{"line":37,"column":5}},"31":{"start":{"line":39,"column":20},"end":{"line":48,"column":2}},"32":{"start":{"line":40,"column":18},"end":{"line":40,"column":28}},"33":{"start":{"line":41,"column":16},"end":{"line":41,"column":27}},"34":{"start":{"line":42,"column":2},"end":{"line":42,"column":32}},"35":{"start":{"line":43,"column":19},"end":{"line":43,"column":58}},"36":{"start":{"line":44,"column":2},"end":{"line":47,"column":5}},"37":{"start":{"line":49,"column":27},"end":{"line":56,"column":2}},"38":{"start":{"line":50,"column":18},"end":{"line":50,"column":28}},"39":{"start":{"line":51,"column":19},"end":{"line":51,"column":64}},"40":{"start":{"line":52,"column":2},"end":{"line":55,"column":5}},"41":{"start":{"line":57,"column":17},"end":{"line":91,"column":2}},"42":{"start":{"line":58,"column":59},"end":{"line":58,"column":68}},"43":{"start":{"line":60,"column":18},"end":{"line":60,"column":20}},"44":{"start":{"line":61,"column":15},"end":{"line":61,"column":36}},"45":{"start":{"line":62,"column":2},"end":{"line":62,"column":52}},"46":{"start":{"line":63,"column":2},"end":{"line":63,"column":40}},"47":{"start":{"line":64,"column":2},"end":{"line":64,"column":53}},"48":{"start":{"line":64,"column":13},"end":{"line":64,"column":53}},"49":{"start":{"line":65,"column":2},"end":{"line":66,"column":47}},"50":{"start":{"line":65,"column":13},"end":{"line":65,"column":37}},"51":{"start":{"line":66,"column":7},"end":{"line":66,"column":47}},"52":{"start":{"line":67,"column":2},"end":{"line":75,"column":3}},"53":{"start":{"line":68,"column":4},"end":{"line":74,"column":6}},"54":{"start":{"line":76,"column":2},"end":{"line":76,"column":32}},"55":{"start":{"line":78,"column":19},"end":{"line":86,"column":4}},"56":{"start":{"line":87,"column":2},"end":{"line":90,"column":5}},"57":{"start":{"line":92,"column":24},"end":{"line":151,"column":2}},"58":{"start":{"line":105,"column":6},"end":{"line":105,"column":15}},"59":{"start":{"line":106,"column":18},"end":{"line":106,"column":20}},"60":{"start":{"line":107,"column":15},"end":{"line":107,"column":36}},"61":{"start":{"line":108,"column":2},"end":{"line":108,"column":52}},"62":{"start":{"line":109,"column":2},"end":{"line":109,"column":40}},"63":{"start":{"line":110,"column":2},"end":{"line":118,"column":3}},"64":{"start":{"line":111,"column":4},"end":{"line":117,"column":6}},"65":{"start":{"line":119,"column":2},"end":{"line":127,"column":3}},"66":{"start":{"line":120,"column":4},"end":{"line":126,"column":6}},"67":{"start":{"line":128,"column":2},"end":{"line":128,"column":53}},"68":{"start":{"line":128,"column":13},"end":{"line":128,"column":53}},"69":{"start":{"line":129,"column":2},"end":{"line":130,"column":47}},"70":{"start":{"line":129,"column":13},"end":{"line":129,"column":37}},"71":{"start":{"line":130,"column":7},"end":{"line":130,"column":47}},"72":{"start":{"line":131,"column":2},"end":{"line":132,"column":74}},"73":{"start":{"line":132,"column":4},"end":{"line":132,"column":74}},"74":{"start":{"line":132,"column":67},"end":{"line":132,"column":70}},"75":{"start":{"line":133,"column":2},"end":{"line":134,"column":80}},"76":{"start":{"line":134,"column":4},"end":{"line":134,"column":80}},"77":{"start":{"line":134,"column":73},"end":{"line":134,"column":76}},"78":{"start":{"line":135,"column":2},"end":{"line":135,"column":80}},"79":{"start":{"line":135,"column":12},"end":{"line":135,"column":80}},"80":{"start":{"line":135,"column":73},"end":{"line":135,"column":76}},"81":{"start":{"line":136,"column":2},"end":{"line":136,"column":42}},"82":{"start":{"line":136,"column":16},"end":{"line":136,"column":42}},"83":{"start":{"line":138,"column":19},"end":{"line":146,"column":4}},"84":{"start":{"line":147,"column":2},"end":{"line":150,"column":5}},"85":{"start":{"line":152,"column":16},"end":{"line":164,"column":2}},"86":{"start":{"line":153,"column":19},"end":{"line":159,"column":4}},"87":{"start":{"line":160,"column":2},"end":{"line":163,"column":5}},"88":{"start":{"line":165,"column":16},"end":{"line":220,"column":2}},"89":{"start":{"line":166,"column":18},"end":{"line":166,"column":26}},"90":{"start":{"line":167,"column":25},"end":{"line":167,"column":33}},"91":{"start":{"line":168,"column":2},"end":{"line":173,"column":3}},"92":{"start":{"line":169,"column":4},"end":{"line":172,"column":7}},"93":{"start":{"line":174,"column":2},"end":{"line":178,"column":7}},"94":{"start":{"line":175,"column":4},"end":{"line":178,"column":7}},"95":{"start":{"line":179,"column":15},"end":{"line":179,"column":60}},"96":{"start":{"line":180,"column":2},"end":{"line":184,"column":7}},"97":{"start":{"line":181,"column":4},"end":{"line":184,"column":7}},"98":{"start":{"line":185,"column":22},"end":{"line":185,"column":68}},"99":{"start":{"line":187,"column":2},"end":{"line":219,"column":3}},"100":{"start":{"line":188,"column":21},"end":{"line":188,"column":76}},"101":{"start":{"line":189,"column":17},"end":{"line":189,"column":69}},"102":{"start":{"line":190,"column":4},"end":{"line":198,"column":5}},"103":{"start":{"line":191,"column":6},"end":{"line":191,"column":68}},"104":{"start":{"line":193,"column":19},"end":{"line":193,"column":63}},"105":{"start":{"line":193,"column":45},"end":{"line":193,"column":59}},"106":{"start":{"line":194,"column":6},"end":{"line":197,"column":8}},"107":{"start":{"line":199,"column":4},"end":{"line":202,"column":7}},"108":{"start":{"line":204,"column":21},"end":{"line":204,"column":63}},"109":{"start":{"line":205,"column":17},"end":{"line":205,"column":69}},"110":{"start":{"line":206,"column":4},"end":{"line":214,"column":5}},"111":{"start":{"line":207,"column":6},"end":{"line":207,"column":68}},"112":{"start":{"line":209,"column":19},"end":{"line":209,"column":63}},"113":{"start":{"line":209,"column":45},"end":{"line":209,"column":59}},"114":{"start":{"line":210,"column":6},"end":{"line":213,"column":8}},"115":{"start":{"line":215,"column":4},"end":{"line":218,"column":7}},"116":{"start":{"line":221,"column":20},"end":{"line":263,"column":2}},"117":{"start":{"line":222,"column":18},"end":{"line":222,"column":28}},"118":{"start":{"line":223,"column":19},"end":{"line":255,"column":4}},"119":{"start":{"line":256,"column":2},"end":{"line":258,"column":3}},"120":{"start":{"line":257,"column":4},"end":{"line":257,"column":49}},"121":{"start":{"line":259,"column":2},"end":{"line":262,"column":5}},"122":{"start":{"line":265,"column":21},"end":{"line":370,"column":2}},"123":{"start":{"line":269,"column":35},"end":{"line":269,"column":44}},"124":{"start":{"line":270,"column":20},"end":{"line":270,"column":31}},"125":{"start":{"line":271,"column":19},"end":{"line":271,"column":58}},"126":{"start":{"line":272,"column":16},"end":{"line":272,"column":68}},"127":{"start":{"line":273,"column":14},"end":{"line":273,"column":30}},"128":{"start":{"line":274,"column":12},"end":{"line":274,"column":14}},"129":{"start":{"line":275,"column":2},"end":{"line":290,"column":3}},"130":{"start":{"line":276,"column":4},"end":{"line":289,"column":8}},"131":{"start":{"line":277,"column":6},"end":{"line":282,"column":8}},"132":{"start":{"line":284,"column":6},"end":{"line":289,"column":8}},"133":{"start":{"line":292,"column":4},"end":{"line":353,"column":6}},"134":{"start":{"line":354,"column":2},"end":{"line":369,"column":5}},"135":{"start":{"line":372,"column":0},"end":{"line":383,"column":2}}},"fnMap":{"0":{"name":"(anonymous_0)","decl":{"start":{"line":7,"column":33},"end":{"line":7,"column":34}},"loc":{"start":{"line":7,"column":53},"end":{"line":25,"column":1}},"line":7},"1":{"name":"(anonymous_1)","decl":{"start":{"line":11,"column":45},"end":{"line":11,"column":46}},"loc":{"start":{"line":11,"column":53},"end":{"line":11,"column":60}},"line":11},"2":{"name":"(anonymous_2)","decl":{"start":{"line":26,"column":32},"end":{"line":26,"column":33}},"loc":{"start":{"line":26,"column":52},"end":{"line":38,"column":1}},"line":26},"3":{"name":"(anonymous_3)","decl":{"start":{"line":29,"column":49},"end":{"line":29,"column":50}},"loc":{"start":{"line":29,"column":57},"end":{"line":29,"column":64}},"line":29},"4":{"name":"(anonymous_4)","decl":{"start":{"line":39,"column":33},"end":{"line":39,"column":34}},"loc":{"start":{"line":39,"column":53},"end":{"line":48,"column":1}},"line":39},"5":{"name":"(anonymous_5)","decl":{"start":{"line":49,"column":40},"end":{"line":49,"column":41}},"loc":{"start":{"line":49,"column":60},"end":{"line":56,"column":1}},"line":49},"6":{"name":"(anonymous_6)","decl":{"start":{"line":57,"column":30},"end":{"line":57,"column":31}},"loc":{"start":{"line":57,"column":50},"end":{"line":91,"column":1}},"line":57},"7":{"name":"(anonymous_7)","decl":{"start":{"line":92,"column":37},"end":{"line":92,"column":38}},"loc":{"start":{"line":92,"column":57},"end":{"line":151,"column":1}},"line":92},"8":{"name":"(anonymous_8)","decl":{"start":{"line":132,"column":59},"end":{"line":132,"column":60}},"loc":{"start":{"line":132,"column":67},"end":{"line":132,"column":70}},"line":132},"9":{"name":"(anonymous_9)","decl":{"start":{"line":134,"column":65},"end":{"line":134,"column":66}},"loc":{"start":{"line":134,"column":73},"end":{"line":134,"column":76}},"line":134},"10":{"name":"(anonymous_10)","decl":{"start":{"line":135,"column":65},"end":{"line":135,"column":66}},"loc":{"start":{"line":135,"column":73},"end":{"line":135,"column":76}},"line":135},"11":{"name":"(anonymous_11)","decl":{"start":{"line":152,"column":29},"end":{"line":152,"column":30}},"loc":{"start":{"line":152,"column":49},"end":{"line":164,"column":1}},"line":152},"12":{"name":"(anonymous_12)","decl":{"start":{"line":165,"column":29},"end":{"line":165,"column":30}},"loc":{"start":{"line":165,"column":49},"end":{"line":220,"column":1}},"line":165},"13":{"name":"(anonymous_13)","decl":{"start":{"line":193,"column":32},"end":{"line":193,"column":33}},"loc":{"start":{"line":193,"column":45},"end":{"line":193,"column":59}},"line":193},"14":{"name":"(anonymous_14)","decl":{"start":{"line":209,"column":32},"end":{"line":209,"column":33}},"loc":{"start":{"line":209,"column":45},"end":{"line":209,"column":59}},"line":209},"15":{"name":"(anonymous_15)","decl":{"start":{"line":221,"column":33},"end":{"line":221,"column":34}},"loc":{"start":{"line":221,"column":53},"end":{"line":263,"column":1}},"line":221},"16":{"name":"(anonymous_16)","decl":{"start":{"line":265,"column":34},"end":{"line":265,"column":35}},"loc":{"start":{"line":265,"column":54},"end":{"line":370,"column":1}},"line":265}},"branchMap":{"0":{"loc":{"start":{"line":11,"column":2},"end":{"line":11,"column":62}},"type":"if","locations":[{"start":{"line":11,"column":2},"end":{"line":11,"column":62}},{"start":{},"end":{}}],"line":11},"1":{"loc":{"start":{"line":13,"column":2},"end":{"line":13,"column":61}},"type":"if","locations":[{"start":{"line":13,"column":2},"end":{"line":13,"column":61}},{"start":{},"end":{}}],"line":13},"2":{"loc":{"start":{"line":13,"column":6},"end":{"line":13,"column":25}},"type":"binary-expr","locations":[{"start":{"line":13,"column":6},"end":{"line":13,"column":12}},{"start":{"line":13,"column":16},"end":{"line":13,"column":25}}],"line":13},"3":{"loc":{"start":{"line":14,"column":2},"end":{"line":14,"column":51}},"type":"if","locations":[{"start":{"line":14,"column":2},"end":{"line":14,"column":51}},{"start":{},"end":{}}],"line":14},"4":{"loc":{"start":{"line":20,"column":13},"end":{"line":20,"column":39}},"type":"cond-expr","locations":[{"start":{"line":20,"column":27},"end":{"line":20,"column":31}},{"start":{"line":20,"column":34},"end":{"line":20,"column":39}}],"line":20},"5":{"loc":{"start":{"line":21,"column":9},"end":{"line":23,"column":47}},"type":"cond-expr","locations":[{"start":{"line":22,"column":8},"end":{"line":22,"column":33}},{"start":{"line":23,"column":8},"end":{"line":23,"column":47}}],"line":21},"6":{"loc":{"start":{"line":29,"column":2},"end":{"line":29,"column":66}},"type":"if","locations":[{"start":{"line":29,"column":2},"end":{"line":29,"column":66}},{"start":{},"end":{}}],"line":29},"7":{"loc":{"start":{"line":30,"column":2},"end":{"line":30,"column":63}},"type":"if","locations":[{"start":{"line":30,"column":2},"end":{"line":30,"column":63}},{"start":{},"end":{}}],"line":30},"8":{"loc":{"start":{"line":32,"column":2},"end":{"line":32,"column":46}},"type":"if","locations":[{"start":{"line":32,"column":2},"end":{"line":32,"column":46}},{"start":{},"end":{}}],"line":32},"9":{"loc":{"start":{"line":35,"column":13},"end":{"line":35,"column":43}},"type":"cond-expr","locations":[{"start":{"line":35,"column":31},"end":{"line":35,"column":35}},{"start":{"line":35,"column":38},"end":{"line":35,"column":43}}],"line":35},"10":{"loc":{"start":{"line":36,"column":17},"end":{"line":36,"column":72}},"type":"cond-expr","locations":[{"start":{"line":36,"column":35},"end":{"line":36,"column":44}},{"start":{"line":36,"column":47},"end":{"line":36,"column":72}}],"line":36},"11":{"loc":{"start":{"line":45,"column":13},"end":{"line":45,"column":40}},"type":"cond-expr","locations":[{"start":{"line":45,"column":28},"end":{"line":45,"column":32}},{"start":{"line":45,"column":35},"end":{"line":45,"column":40}}],"line":45},"12":{"loc":{"start":{"line":46,"column":17},"end":{"line":46,"column":69}},"type":"cond-expr","locations":[{"start":{"line":46,"column":32},"end":{"line":46,"column":41}},{"start":{"line":46,"column":44},"end":{"line":46,"column":69}}],"line":46},"13":{"loc":{"start":{"line":53,"column":13},"end":{"line":53,"column":40}},"type":"cond-expr","locations":[{"start":{"line":53,"column":28},"end":{"line":53,"column":32}},{"start":{"line":53,"column":35},"end":{"line":53,"column":40}}],"line":53},"14":{"loc":{"start":{"line":54,"column":17},"end":{"line":54,"column":69}},"type":"cond-expr","locations":[{"start":{"line":54,"column":32},"end":{"line":54,"column":41}},{"start":{"line":54,"column":44},"end":{"line":54,"column":69}}],"line":54},"15":{"loc":{"start":{"line":61,"column":15},"end":{"line":61,"column":36}},"type":"cond-expr","locations":[{"start":{"line":61,"column":23},"end":{"line":61,"column":24}},{"start":{"line":61,"column":27},"end":{"line":61,"column":36}}],"line":61},"16":{"loc":{"start":{"line":62,"column":18},"end":{"line":62,"column":51}},"type":"binary-expr","locations":[{"start":{"line":62,"column":18},"end":{"line":62,"column":24}},{"start":{"line":62,"column":28},"end":{"line":62,"column":51}}],"line":62},"17":{"loc":{"start":{"line":64,"column":2},"end":{"line":64,"column":53}},"type":"if","locations":[{"start":{"line":64,"column":2},"end":{"line":64,"column":53}},{"start":{},"end":{}}],"line":64},"18":{"loc":{"start":{"line":65,"column":2},"end":{"line":66,"column":47}},"type":"if","locations":[{"start":{"line":65,"column":2},"end":{"line":66,"column":47}},{"start":{"line":66,"column":7},"end":{"line":66,"column":47}}],"line":65},"19":{"loc":{"start":{"line":67,"column":2},"end":{"line":75,"column":3}},"type":"if","locations":[{"start":{"line":67,"column":2},"end":{"line":75,"column":3}},{"start":{},"end":{}}],"line":67},"20":{"loc":{"start":{"line":88,"column":13},"end":{"line":88,"column":36}},"type":"cond-expr","locations":[{"start":{"line":88,"column":24},"end":{"line":88,"column":28}},{"start":{"line":88,"column":31},"end":{"line":88,"column":36}}],"line":88},"21":{"loc":{"start":{"line":89,"column":11},"end":{"line":89,"column":58}},"type":"cond-expr","locations":[{"start":{"line":89,"column":22},"end":{"line":89,"column":30}},{"start":{"line":89,"column":33},"end":{"line":89,"column":58}}],"line":89},"22":{"loc":{"start":{"line":107,"column":15},"end":{"line":107,"column":36}},"type":"cond-expr","locations":[{"start":{"line":107,"column":23},"end":{"line":107,"column":24}},{"start":{"line":107,"column":27},"end":{"line":107,"column":36}}],"line":107},"23":{"loc":{"start":{"line":108,"column":18},"end":{"line":108,"column":51}},"type":"binary-expr","locations":[{"start":{"line":108,"column":18},"end":{"line":108,"column":24}},{"start":{"line":108,"column":28},"end":{"line":108,"column":51}}],"line":108},"24":{"loc":{"start":{"line":110,"column":2},"end":{"line":118,"column":3}},"type":"if","locations":[{"start":{"line":110,"column":2},"end":{"line":118,"column":3}},{"start":{},"end":{}}],"line":110},"25":{"loc":{"start":{"line":110,"column":6},"end":{"line":110,"column":32}},"type":"binary-expr","locations":[{"start":{"line":110,"column":6},"end":{"line":110,"column":7}},{"start":{"line":110,"column":11},"end":{"line":110,"column":32}}],"line":110},"26":{"loc":{"start":{"line":119,"column":2},"end":{"line":127,"column":3}},"type":"if","locations":[{"start":{"line":119,"column":2},"end":{"line":127,"column":3}},{"start":{},"end":{}}],"line":119},"27":{"loc":{"start":{"line":119,"column":6},"end":{"line":119,"column":32}},"type":"binary-expr","locations":[{"start":{"line":119,"column":6},"end":{"line":119,"column":7}},{"start":{"line":119,"column":11},"end":{"line":119,"column":32}}],"line":119},"28":{"loc":{"start":{"line":128,"column":2},"end":{"line":128,"column":53}},"type":"if","locations":[{"start":{"line":128,"column":2},"end":{"line":128,"column":53}},{"start":{},"end":{}}],"line":128},"29":{"loc":{"start":{"line":129,"column":2},"end":{"line":130,"column":47}},"type":"if","locations":[{"start":{"line":129,"column":2},"end":{"line":130,"column":47}},{"start":{"line":130,"column":7},"end":{"line":130,"column":47}}],"line":129},"30":{"loc":{"start":{"line":131,"column":2},"end":{"line":132,"column":74}},"type":"if","locations":[{"start":{"line":131,"column":2},"end":{"line":132,"column":74}},{"start":{},"end":{}}],"line":131},"31":{"loc":{"start":{"line":133,"column":2},"end":{"line":134,"column":80}},"type":"if","locations":[{"start":{"line":133,"column":2},"end":{"line":134,"column":80}},{"start":{},"end":{}}],"line":133},"32":{"loc":{"start":{"line":135,"column":2},"end":{"line":135,"column":80}},"type":"if","locations":[{"start":{"line":135,"column":2},"end":{"line":135,"column":80}},{"start":{},"end":{}}],"line":135},"33":{"loc":{"start":{"line":136,"column":2},"end":{"line":136,"column":42}},"type":"if","locations":[{"start":{"line":136,"column":2},"end":{"line":136,"column":42}},{"start":{},"end":{}}],"line":136},"34":{"loc":{"start":{"line":148,"column":13},"end":{"line":148,"column":36}},"type":"cond-expr","locations":[{"start":{"line":148,"column":24},"end":{"line":148,"column":28}},{"start":{"line":148,"column":31},"end":{"line":148,"column":36}}],"line":148},"35":{"loc":{"start":{"line":149,"column":11},"end":{"line":149,"column":58}},"type":"cond-expr","locations":[{"start":{"line":149,"column":22},"end":{"line":149,"column":30}},{"start":{"line":149,"column":33},"end":{"line":149,"column":58}}],"line":149},"36":{"loc":{"start":{"line":161,"column":13},"end":{"line":161,"column":36}},"type":"cond-expr","locations":[{"start":{"line":161,"column":24},"end":{"line":161,"column":28}},{"start":{"line":161,"column":31},"end":{"line":161,"column":36}}],"line":161},"37":{"loc":{"start":{"line":162,"column":10},"end":{"line":162,"column":49}},"type":"cond-expr","locations":[{"start":{"line":162,"column":21},"end":{"line":162,"column":29}},{"start":{"line":162,"column":32},"end":{"line":162,"column":49}}],"line":162},"38":{"loc":{"start":{"line":168,"column":2},"end":{"line":173,"column":3}},"type":"if","locations":[{"start":{"line":168,"column":2},"end":{"line":173,"column":3}},{"start":{},"end":{}}],"line":168},"39":{"loc":{"start":{"line":168,"column":6},"end":{"line":168,"column":28}},"type":"binary-expr","locations":[{"start":{"line":168,"column":6},"end":{"line":168,"column":10}},{"start":{"line":168,"column":14},"end":{"line":168,"column":18}},{"start":{"line":168,"column":22},"end":{"line":168,"column":28}}],"line":168},"40":{"loc":{"start":{"line":174,"column":2},"end":{"line":178,"column":7}},"type":"if","locations":[{"start":{"line":174,"column":2},"end":{"line":178,"column":7}},{"start":{},"end":{}}],"line":174},"41":{"loc":{"start":{"line":174,"column":6},"end":{"line":174,"column":48}},"type":"binary-expr","locations":[{"start":{"line":174,"column":6},"end":{"line":174,"column":20}},{"start":{"line":174,"column":24},"end":{"line":174,"column":34}},{"start":{"line":174,"column":38},"end":{"line":174,"column":48}}],"line":174},"42":{"loc":{"start":{"line":180,"column":2},"end":{"line":184,"column":7}},"type":"if","locations":[{"start":{"line":180,"column":2},"end":{"line":184,"column":7}},{"start":{},"end":{}}],"line":180},"43":{"loc":{"start":{"line":187,"column":2},"end":{"line":219,"column":3}},"type":"if","locations":[{"start":{"line":187,"column":2},"end":{"line":219,"column":3}},{"start":{"line":203,"column":9},"end":{"line":219,"column":3}}],"line":187},"44":{"loc":{"start":{"line":190,"column":4},"end":{"line":198,"column":5}},"type":"if","locations":[{"start":{"line":190,"column":4},"end":{"line":198,"column":5}},{"start":{"line":192,"column":11},"end":{"line":198,"column":5}}],"line":190},"45":{"loc":{"start":{"line":200,"column":15},"end":{"line":200,"column":38}},"type":"cond-expr","locations":[{"start":{"line":200,"column":26},"end":{"line":200,"column":30}},{"start":{"line":200,"column":33},"end":{"line":200,"column":38}}],"line":200},"46":{"loc":{"start":{"line":201,"column":12},"end":{"line":201,"column":60}},"type":"cond-expr","locations":[{"start":{"line":201,"column":23},"end":{"line":201,"column":31}},{"start":{"line":201,"column":34},"end":{"line":201,"column":60}}],"line":201},"47":{"loc":{"start":{"line":206,"column":4},"end":{"line":214,"column":5}},"type":"if","locations":[{"start":{"line":206,"column":4},"end":{"line":214,"column":5}},{"start":{"line":208,"column":11},"end":{"line":214,"column":5}}],"line":206},"48":{"loc":{"start":{"line":216,"column":15},"end":{"line":216,"column":38}},"type":"cond-expr","locations":[{"start":{"line":216,"column":26},"end":{"line":216,"column":30}},{"start":{"line":216,"column":33},"end":{"line":216,"column":38}}],"line":216},"49":{"loc":{"start":{"line":217,"column":12},"end":{"line":217,"column":60}},"type":"cond-expr","locations":[{"start":{"line":217,"column":23},"end":{"line":217,"column":31}},{"start":{"line":217,"column":34},"end":{"line":217,"column":60}}],"line":217},"50":{"loc":{"start":{"line":256,"column":2},"end":{"line":258,"column":3}},"type":"if","locations":[{"start":{"line":256,"column":2},"end":{"line":258,"column":3}},{"start":{},"end":{}}],"line":256},"51":{"loc":{"start":{"line":260,"column":13},"end":{"line":260,"column":36}},"type":"cond-expr","locations":[{"start":{"line":260,"column":24},"end":{"line":260,"column":28}},{"start":{"line":260,"column":31},"end":{"line":260,"column":36}}],"line":260},"52":{"loc":{"start":{"line":261,"column":10},"end":{"line":261,"column":57}},"type":"cond-expr","locations":[{"start":{"line":261,"column":21},"end":{"line":261,"column":29}},{"start":{"line":261,"column":32},"end":{"line":261,"column":57}}],"line":261},"53":{"loc":{"start":{"line":270,"column":20},"end":{"line":270,"column":31}},"type":"binary-expr","locations":[{"start":{"line":270,"column":20},"end":{"line":270,"column":24}},{"start":{"line":270,"column":28},"end":{"line":270,"column":31}}],"line":270},"54":{"loc":{"start":{"line":271,"column":19},"end":{"line":271,"column":58}},"type":"cond-expr","locations":[{"start":{"line":271,"column":38},"end":{"line":271,"column":45}},{"start":{"line":271,"column":48},"end":{"line":271,"column":58}}],"line":271},"55":{"loc":{"start":{"line":272,"column":16},"end":{"line":272,"column":68}},"type":"binary-expr","locations":[{"start":{"line":272,"column":16},"end":{"line":272,"column":20}},{"start":{"line":272,"column":24},"end":{"line":272,"column":68}}],"line":272},"56":{"loc":{"start":{"line":273,"column":14},"end":{"line":273,"column":30}},"type":"binary-expr","locations":[{"start":{"line":273,"column":14},"end":{"line":273,"column":16}},{"start":{"line":273,"column":20},"end":{"line":273,"column":30}}],"line":273},"57":{"loc":{"start":{"line":275,"column":2},"end":{"line":290,"column":3}},"type":"if","locations":[{"start":{"line":275,"column":2},"end":{"line":290,"column":3}},{"start":{},"end":{}}],"line":275},"58":{"loc":{"start":{"line":275,"column":6},"end":{"line":275,"column":16}},"type":"binary-expr","locations":[{"start":{"line":275,"column":6},"end":{"line":275,"column":10}},{"start":{"line":275,"column":14},"end":{"line":275,"column":16}}],"line":275},"59":{"loc":{"start":{"line":276,"column":4},"end":{"line":289,"column":8}},"type":"if","locations":[{"start":{"line":276,"column":4},"end":{"line":289,"column":8}},{"start":{"line":284,"column":6},"end":{"line":289,"column":8}}],"line":276},"60":{"loc":{"start":{"line":355,"column":13},"end":{"line":357,"column":13}},"type":"cond-expr","locations":[{"start":{"line":356,"column":8},"end":{"line":356,"column":12}},{"start":{"line":357,"column":8},"end":{"line":357,"column":13}}],"line":355},"61":{"loc":{"start":{"line":358,"column":15},"end":{"line":368,"column":26}},"type":"cond-expr","locations":[{"start":{"line":359,"column":8},"end":{"line":367,"column":9}},{"start":{"line":368,"column":8},"end":{"line":368,"column":26}}],"line":358}},"s":{"0":1,"1":1,"2":1,"3":1,"4":1,"5":1,"6":2,"7":2,"8":2,"9":2,"10":1,"11":2,"12":2,"13":1,"14":1,"15":1,"16":1,"17":1,"18":1,"19":3,"20":3,"21":3,"22":2,"23":2,"24":3,"25":0,"26":3,"27":3,"28":2,"29":3,"30":3,"31":1,"32":2,"33":2,"34":2,"35":2,"36":2,"37":1,"38":2,"39":2,"40":2,"41":1,"42":2,"43":2,"44":2,"45":2,"46":2,"47":2,"48":1,"49":2,"50":1,"51":1,"52":2,"53":1,"54":2,"55":2,"56":2,"57":1,"58":2,"59":2,"60":2,"61":2,"62":2,"63":2,"64":0,"65":2,"66":1,"67":2,"68":1,"69":2,"70":1,"71":1,"72":2,"73":1,"74":2,"75":2,"76":1,"77":2,"78":2,"79":1,"80":2,"81":2,"82":1,"83":2,"84":2,"85":1,"86":1,"87":1,"88":1,"89":2,"90":2,"91":2,"92":0,"93":2,"94":0,"95":2,"96":2,"97":2,"98":0,"99":0,"100":0,"101":0,"102":0,"103":0,"104":0,"105":0,"106":0,"107":0,"108":0,"109":0,"110":0,"111":0,"112":0,"113":0,"114":0,"115":0,"116":1,"117":1,"118":1,"119":1,"120":0,"121":1,"122":1,"123":1,"124":1,"125":1,"126":1,"127":1,"128":1,"129":1,"130":0,"131":0,"132":0,"133":1,"134":1,"135":1},"f":{"0":2,"1":2,"2":3,"3":2,"4":2,"5":2,"6":2,"7":2,"8":2,"9":2,"10":2,"11":1,"12":2,"13":0,"14":0,"15":1,"16":1},"b":{"0":[1,1],"1":[1,1],"2":[2,1],"3":[1,0],"4":[0,0],"5":[0,0],"6":[2,1],"7":[0,3],"8":[2,1],"9":[0,0],"10":[0,0],"11":[0,2],"12":[0,2],"13":[0,2],"14":[0,2],"15":[1,1],"16":[2,1],"17":[1,1],"18":[1,1],"19":[1,1],"20":[0,2],"21":[0,2],"22":[1,1],"23":[2,1],"24":[0,2],"25":[2,1],"26":[1,1],"27":[2,1],"28":[1,1],"29":[1,1],"30":[1,1],"31":[1,1],"32":[1,1],"33":[1,1],"34":[0,2],"35":[0,2],"36":[0,1],"37":[0,1],"38":[0,2],"39":[2,2,2],"40":[0,2],"41":[2,2,2],"42":[2,0],"43":[0,0],"44":[0,0],"45":[0,0],"46":[0,0],"47":[0,0],"48":[0,0],"49":[0,0],"50":[0,1],"51":[0,1],"52":[0,1],"53":[1,1],"54":[0,1],"55":[1,1],"56":[1,1],"57":[0,1],"58":[1,0],"59":[0,0],"60":[1,0],"61":[1,0]},"_coverageSchema":"1a1c01bbd47fc00a2c39e90264f33305004495a9","hash":"0c2e1cd356d69c4ae88cf5260e894a19cc54f09c"}
,"D:\\Lập trình\\Phongtro\\New_code\\phongtro-ext\\server\\controllers\\sendmail.js": {"path":"D:\\Lập trình\\Phongtro\\New_code\\phongtro-ext\\server\\controllers\\sendmail.js","statementMap":{"0":{"start":{"line":1,"column":19},"end":{"line":1,"column":40}},"1":{"start":{"line":3,"column":17},"end":{"line":23,"column":1}},"2":{"start":{"line":4,"column":22},"end":{"line":12,"column":6}},"3":{"start":{"line":15,"column":15},"end":{"line":20,"column":6}},"4":{"start":{"line":22,"column":4},"end":{"line":22,"column":15}},"5":{"start":{"line":25,"column":0},"end":{"line":25,"column":25}}},"fnMap":{"0":{"name":"(anonymous_0)","decl":{"start":{"line":3,"column":17},"end":{"line":3,"column":18}},"loc":{"start":{"line":3,"column":53},"end":{"line":23,"column":1}},"line":3}},"branchMap":{},"s":{"0":2,"1":2,"2":2,"3":1,"4":1,"5":2},"f":{"0":2},"b":{},"_coverageSchema":"1a1c01bbd47fc00a2c39e90264f33305004495a9","hash":"b82a497a565b6361c7e90daddd5e2f39235d7485"}
,"D:\\Lập trình\\Phongtro\\New_code\\phongtro-ext\\server\\controllers\\user.js": {"path":"D:\\Lập trình\\Phongtro\\New_code\\phongtro-ext\\server\\controllers\\user.js","statementMap":{"0":{"start":{"line":1,"column":11},"end":{"line":1,"column":31}},"1":{"start":{"line":2,"column":21},"end":{"line":2,"column":53}},"2":{"start":{"line":3,"column":15},"end":{"line":3,"column":32}},"3":{"start":{"line":4,"column":33},"end":{"line":4,"column":62}},"4":{"start":{"line":5,"column":15},"end":{"line":5,"column":34}},"5":{"start":{"line":6,"column":18},"end":{"line":6,"column":38}},"6":{"start":{"line":7,"column":15},"end":{"line":7,"column":32}},"7":{"start":{"line":8,"column":17},"end":{"line":8,"column":38}},"8":{"start":{"line":9,"column":15},"end":{"line":9,"column":35}},"9":{"start":{"line":31,"column":17},"end":{"line":56,"column":2}},"10":{"start":{"line":32,"column":38},"end":{"line":32,"column":46}},"11":{"start":{"line":33,"column":4},"end":{"line":33,"column":71}},"12":{"start":{"line":33,"column":38},"end":{"line":33,"column":71}},"13":{"start":{"line":34,"column":17},"end":{"line":34,"column":60}},"14":{"start":{"line":35,"column":18},"end":{"line":35,"column":26}},"15":{"start":{"line":36,"column":4},"end":{"line":43,"column":5}},"16":{"start":{"line":37,"column":8},"end":{"line":42,"column":10}},"17":{"start":{"line":44,"column":4},"end":{"line":51,"column":5}},"18":{"start":{"line":45,"column":24},"end":{"line":45,"column":48}},"19":{"start":{"line":46,"column":21},"end":{"line":46,"column":242}},"20":{"start":{"line":47,"column":8},"end":{"line":47,"column":64}},"21":{"start":{"line":48,"column":8},"end":{"line":50,"column":19}},"22":{"start":{"line":49,"column":12},"end":{"line":49,"column":59}},"23":{"start":{"line":52,"column":4},"end":{"line":55,"column":6}},"24":{"start":{"line":57,"column":22},"end":{"line":72,"column":2}},"25":{"start":{"line":58,"column":29},"end":{"line":58,"column":39}},"26":{"start":{"line":59,"column":21},"end":{"line":59,"column":79}},"27":{"start":{"line":60,"column":4},"end":{"line":71,"column":5}},"28":{"start":{"line":61,"column":23},"end":{"line":61,"column":94}},"29":{"start":{"line":62,"column":8},"end":{"line":67,"column":9}},"30":{"start":{"line":63,"column":12},"end":{"line":63,"column":82}},"31":{"start":{"line":65,"column":12},"end":{"line":65,"column":59}},"32":{"start":{"line":66,"column":12},"end":{"line":66,"column":82}},"33":{"start":{"line":69,"column":8},"end":{"line":69,"column":55}},"34":{"start":{"line":70,"column":8},"end":{"line":70,"column":78}},"35":{"start":{"line":73,"column":14},"end":{"line":87,"column":2}},"36":{"start":{"line":74,"column":32},"end":{"line":74,"column":40}},"37":{"start":{"line":75,"column":4},"end":{"line":75,"column":62}},"38":{"start":{"line":75,"column":29},"end":{"line":75,"column":62}},"39":{"start":{"line":76,"column":21},"end":{"line":78,"column":6}},"40":{"start":{"line":79,"column":30},"end":{"line":79,"column":85}},"41":{"start":{"line":80,"column":18},"end":{"line":80,"column":87}},"42":{"start":{"line":81,"column":15},"end":{"line":84,"column":5}},"43":{"start":{"line":85,"column":4},"end":{"line":85,"column":37}},"44":{"start":{"line":85,"column":15},"end":{"line":85,"column":37}},"45":{"start":{"line":86,"column":4},"end":{"line":86,"column":23}},"46":{"start":{"line":88,"column":18},"end":{"line":90,"column":2}},"47":{"start":{"line":89,"column":4},"end":{"line":89,"column":38}},"48":{"start":{"line":91,"column":17},"end":{"line":124,"column":2}},"49":{"start":{"line":92,"column":60},"end":{"line":92,"column":69}},"50":{"start":{"line":93,"column":20},"end":{"line":93,"column":22}},"51":{"start":{"line":94,"column":17},"end":{"line":94,"column":40}},"52":{"start":{"line":95,"column":4},"end":{"line":95,"column":53}},"53":{"start":{"line":96,"column":4},"end":{"line":96,"column":41}},"54":{"start":{"line":97,"column":4},"end":{"line":97,"column":51}},"55":{"start":{"line":97,"column":14},"end":{"line":97,"column":51}},"56":{"start":{"line":98,"column":4},"end":{"line":98,"column":38}},"57":{"start":{"line":98,"column":15},"end":{"line":98,"column":38}},"58":{"start":{"line":99,"column":4},"end":{"line":106,"column":5}},"59":{"start":{"line":100,"column":8},"end":{"line":105,"column":9}},"60":{"start":{"line":108,"column":21},"end":{"line":119,"column":6}},"61":{"start":{"line":120,"column":4},"end":{"line":123,"column":6}},"62":{"start":{"line":125,"column":19},"end":{"line":140,"column":2}},"63":{"start":{"line":126,"column":20},"end":{"line":126,"column":28}},"64":{"start":{"line":127,"column":21},"end":{"line":135,"column":6}},"65":{"start":{"line":136,"column":4},"end":{"line":139,"column":6}},"66":{"start":{"line":141,"column":22},"end":{"line":158,"column":2}},"67":{"start":{"line":142,"column":20},"end":{"line":142,"column":28}},"68":{"start":{"line":143,"column":4},"end":{"line":143,"column":48}},"69":{"start":{"line":143,"column":18},"end":{"line":143,"column":48}},"70":{"start":{"line":144,"column":4},"end":{"line":152,"column":5}},"71":{"start":{"line":145,"column":21},"end":{"line":145,"column":80}},"72":{"start":{"line":146,"column":8},"end":{"line":151,"column":9}},"73":{"start":{"line":147,"column":12},"end":{"line":150,"column":14}},"74":{"start":{"line":153,"column":21},"end":{"line":153,"column":75}},"75":{"start":{"line":154,"column":4},"end":{"line":157,"column":6}},"76":{"start":{"line":159,"column":17},"end":{"line":165,"column":2}},"77":{"start":{"line":160,"column":21},"end":{"line":160,"column":44}},"78":{"start":{"line":161,"column":4},"end":{"line":164,"column":6}},"79":{"start":{"line":166,"column":26},"end":{"line":182,"column":2}},"80":{"start":{"line":167,"column":20},"end":{"line":167,"column":30}},"81":{"start":{"line":168,"column":4},"end":{"line":176,"column":5}},"82":{"start":{"line":169,"column":21},"end":{"line":169,"column":80}},"83":{"start":{"line":170,"column":8},"end":{"line":175,"column":9}},"84":{"start":{"line":171,"column":12},"end":{"line":174,"column":14}},"85":{"start":{"line":177,"column":21},"end":{"line":177,"column":75}},"86":{"start":{"line":178,"column":4},"end":{"line":181,"column":6}},"87":{"start":{"line":184,"column":19},"end":{"line":196,"column":2}},"88":{"start":{"line":185,"column":20},"end":{"line":185,"column":30}},"89":{"start":{"line":186,"column":21},"end":{"line":191,"column":6}},"90":{"start":{"line":192,"column":4},"end":{"line":195,"column":6}},"91":{"start":{"line":197,"column":23},"end":{"line":231,"column":1}},"92":{"start":{"line":198,"column":4},"end":{"line":230,"column":5}},"93":{"start":{"line":199,"column":8},"end":{"line":202,"column":10}},"94":{"start":{"line":199,"column":42},"end":{"line":202,"column":10}},"95":{"start":{"line":203,"column":19},"end":{"line":203,"column":78}},"96":{"start":{"line":204,"column":8},"end":{"line":224,"column":9}},"97":{"start":{"line":205,"column":26},"end":{"line":205,"column":64}},"98":{"start":{"line":206,"column":28},"end":{"line":206,"column":44}},"99":{"start":{"line":207,"column":25},"end":{"line":207,"column":210}},"100":{"start":{"line":208,"column":28},"end":{"line":213,"column":14}},"101":{"start":{"line":214,"column":12},"end":{"line":214,"column":68}},"102":{"start":{"line":215,"column":12},"end":{"line":218,"column":14}},"103":{"start":{"line":220,"column":12},"end":{"line":223,"column":14}},"104":{"start":{"line":226,"column":8},"end":{"line":229,"column":10}},"105":{"start":{"line":232,"column":22},"end":{"line":265,"column":1}},"106":{"start":{"line":233,"column":4},"end":{"line":264,"column":5}},"107":{"start":{"line":234,"column":36},"end":{"line":234,"column":44}},"108":{"start":{"line":235,"column":8},"end":{"line":238,"column":10}},"109":{"start":{"line":235,"column":33},"end":{"line":238,"column":10}},"110":{"start":{"line":239,"column":19},"end":{"line":239,"column":72}},"111":{"start":{"line":240,"column":8},"end":{"line":258,"column":9}},"112":{"start":{"line":241,"column":28},"end":{"line":248,"column":13}},"113":{"start":{"line":249,"column":12},"end":{"line":252,"column":14}},"114":{"start":{"line":254,"column":12},"end":{"line":257,"column":14}},"115":{"start":{"line":260,"column":8},"end":{"line":263,"column":10}},"116":{"start":{"line":266,"column":0},"end":{"line":279,"column":1}}},"fnMap":{"0":{"name":"(anonymous_0)","decl":{"start":{"line":31,"column":30},"end":{"line":31,"column":31}},"loc":{"start":{"line":31,"column":50},"end":{"line":56,"column":1}},"line":31},"1":{"name":"(anonymous_1)","decl":{"start":{"line":48,"column":19},"end":{"line":48,"column":20}},"loc":{"start":{"line":48,"column":31},"end":{"line":50,"column":9}},"line":48},"2":{"name":"(anonymous_2)","decl":{"start":{"line":57,"column":35},"end":{"line":57,"column":36}},"loc":{"start":{"line":57,"column":55},"end":{"line":72,"column":1}},"line":57},"3":{"name":"(anonymous_3)","decl":{"start":{"line":73,"column":27},"end":{"line":73,"column":28}},"loc":{"start":{"line":73,"column":47},"end":{"line":87,"column":1}},"line":73},"4":{"name":"(anonymous_4)","decl":{"start":{"line":88,"column":31},"end":{"line":88,"column":32}},"loc":{"start":{"line":88,"column":45},"end":{"line":90,"column":1}},"line":88},"5":{"name":"(anonymous_5)","decl":{"start":{"line":91,"column":30},"end":{"line":91,"column":31}},"loc":{"start":{"line":91,"column":50},"end":{"line":124,"column":1}},"line":91},"6":{"name":"(anonymous_6)","decl":{"start":{"line":125,"column":32},"end":{"line":125,"column":33}},"loc":{"start":{"line":125,"column":52},"end":{"line":140,"column":1}},"line":125},"7":{"name":"(anonymous_7)","decl":{"start":{"line":141,"column":35},"end":{"line":141,"column":36}},"loc":{"start":{"line":141,"column":55},"end":{"line":158,"column":1}},"line":141},"8":{"name":"(anonymous_8)","decl":{"start":{"line":159,"column":30},"end":{"line":159,"column":31}},"loc":{"start":{"line":159,"column":50},"end":{"line":165,"column":1}},"line":159},"9":{"name":"(anonymous_9)","decl":{"start":{"line":166,"column":39},"end":{"line":166,"column":40}},"loc":{"start":{"line":166,"column":59},"end":{"line":182,"column":1}},"line":166},"10":{"name":"(anonymous_10)","decl":{"start":{"line":184,"column":32},"end":{"line":184,"column":33}},"loc":{"start":{"line":184,"column":52},"end":{"line":196,"column":1}},"line":184},"11":{"name":"(anonymous_11)","decl":{"start":{"line":197,"column":23},"end":{"line":197,"column":24}},"loc":{"start":{"line":197,"column":43},"end":{"line":231,"column":1}},"line":197},"12":{"name":"(anonymous_12)","decl":{"start":{"line":232,"column":22},"end":{"line":232,"column":23}},"loc":{"start":{"line":232,"column":42},"end":{"line":265,"column":1}},"line":232}},"branchMap":{"0":{"loc":{"start":{"line":33,"column":4},"end":{"line":33,"column":71}},"type":"if","locations":[{"start":{"line":33,"column":4},"end":{"line":33,"column":71}},{"start":{},"end":{}}],"line":33},"1":{"loc":{"start":{"line":33,"column":8},"end":{"line":33,"column":36}},"type":"binary-expr","locations":[{"start":{"line":33,"column":8},"end":{"line":33,"column":13}},{"start":{"line":33,"column":17},"end":{"line":33,"column":23}},{"start":{"line":33,"column":27},"end":{"line":33,"column":36}}],"line":33},"2":{"loc":{"start":{"line":36,"column":4},"end":{"line":43,"column":5}},"type":"if","locations":[{"start":{"line":36,"column":4},"end":{"line":43,"column":5}},{"start":{},"end":{}}],"line":36},"3":{"loc":{"start":{"line":44,"column":4},"end":{"line":51,"column":5}},"type":"if","locations":[{"start":{"line":44,"column":4},"end":{"line":51,"column":5}},{"start":{},"end":{}}],"line":44},"4":{"loc":{"start":{"line":53,"column":17},"end":{"line":53,"column":37}},"type":"cond-expr","locations":[{"start":{"line":53,"column":25},"end":{"line":53,"column":29}},{"start":{"line":53,"column":32},"end":{"line":53,"column":37}}],"line":53},"5":{"loc":{"start":{"line":54,"column":13},"end":{"line":54,"column":85}},"type":"cond-expr","locations":[{"start":{"line":54,"column":20},"end":{"line":54,"column":43}},{"start":{"line":54,"column":46},"end":{"line":54,"column":85}}],"line":54},"6":{"loc":{"start":{"line":60,"column":4},"end":{"line":71,"column":5}},"type":"if","locations":[{"start":{"line":60,"column":4},"end":{"line":71,"column":5}},{"start":{"line":68,"column":11},"end":{"line":71,"column":5}}],"line":60},"7":{"loc":{"start":{"line":62,"column":8},"end":{"line":67,"column":9}},"type":"if","locations":[{"start":{"line":62,"column":8},"end":{"line":67,"column":9}},{"start":{"line":64,"column":13},"end":{"line":67,"column":9}}],"line":62},"8":{"loc":{"start":{"line":75,"column":4},"end":{"line":75,"column":62}},"type":"if","locations":[{"start":{"line":75,"column":4},"end":{"line":75,"column":62}},{"start":{},"end":{}}],"line":75},"9":{"loc":{"start":{"line":75,"column":8},"end":{"line":75,"column":27}},"type":"binary-expr","locations":[{"start":{"line":75,"column":8},"end":{"line":75,"column":14}},{"start":{"line":75,"column":18},"end":{"line":75,"column":27}}],"line":75},"10":{"loc":{"start":{"line":79,"column":30},"end":{"line":79,"column":85}},"type":"binary-expr","locations":[{"start":{"line":79,"column":30},"end":{"line":79,"column":38}},{"start":{"line":79,"column":42},"end":{"line":79,"column":85}}],"line":79},"11":{"loc":{"start":{"line":80,"column":18},"end":{"line":80,"column":87}},"type":"binary-expr","locations":[{"start":{"line":80,"column":18},"end":{"line":80,"column":35}},{"start":{"line":80,"column":39},"end":{"line":80,"column":87}}],"line":80},"12":{"loc":{"start":{"line":82,"column":17},"end":{"line":82,"column":37}},"type":"cond-expr","locations":[{"start":{"line":82,"column":25},"end":{"line":82,"column":29}},{"start":{"line":82,"column":32},"end":{"line":82,"column":37}}],"line":82},"13":{"loc":{"start":{"line":83,"column":13},"end":{"line":83,"column":102}},"type":"cond-expr","locations":[{"start":{"line":83,"column":21},"end":{"line":83,"column":44}},{"start":{"line":83,"column":47},"end":{"line":83,"column":102}}],"line":83},"14":{"loc":{"start":{"line":83,"column":47},"end":{"line":83,"column":102}},"type":"cond-expr","locations":[{"start":{"line":83,"column":58},"end":{"line":83,"column":73}},{"start":{"line":83,"column":76},"end":{"line":83,"column":102}}],"line":83},"15":{"loc":{"start":{"line":85,"column":4},"end":{"line":85,"column":37}},"type":"if","locations":[{"start":{"line":85,"column":4},"end":{"line":85,"column":37}},{"start":{},"end":{}}],"line":85},"16":{"loc":{"start":{"line":94,"column":17},"end":{"line":94,"column":40}},"type":"cond-expr","locations":[{"start":{"line":94,"column":25},"end":{"line":94,"column":26}},{"start":{"line":94,"column":30},"end":{"line":94,"column":39}}],"line":94},"17":{"loc":{"start":{"line":95,"column":20},"end":{"line":95,"column":53}},"type":"binary-expr","locations":[{"start":{"line":95,"column":20},"end":{"line":95,"column":26}},{"start":{"line":95,"column":30},"end":{"line":95,"column":53}}],"line":95},"18":{"loc":{"start":{"line":97,"column":4},"end":{"line":97,"column":51}},"type":"if","locations":[{"start":{"line":97,"column":4},"end":{"line":97,"column":51}},{"start":{},"end":{}}],"line":97},"19":{"loc":{"start":{"line":98,"column":4},"end":{"line":98,"column":38}},"type":"if","locations":[{"start":{"line":98,"column":4},"end":{"line":98,"column":38}},{"start":{},"end":{}}],"line":98},"20":{"loc":{"start":{"line":99,"column":4},"end":{"line":106,"column":5}},"type":"if","locations":[{"start":{"line":99,"column":4},"end":{"line":106,"column":5}},{"start":{},"end":{}}],"line":99},"21":{"loc":{"start":{"line":121,"column":17},"end":{"line":121,"column":40}},"type":"cond-expr","locations":[{"start":{"line":121,"column":28},"end":{"line":121,"column":32}},{"start":{"line":121,"column":35},"end":{"line":121,"column":40}}],"line":121},"22":{"loc":{"start":{"line":122,"column":15},"end":{"line":122,"column":55}},"type":"cond-expr","locations":[{"start":{"line":122,"column":26},"end":{"line":122,"column":34}},{"start":{"line":122,"column":37},"end":{"line":122,"column":55}}],"line":122},"23":{"loc":{"start":{"line":137,"column":17},"end":{"line":137,"column":40}},"type":"cond-expr","locations":[{"start":{"line":137,"column":28},"end":{"line":137,"column":32}},{"start":{"line":137,"column":35},"end":{"line":137,"column":40}}],"line":137},"24":{"loc":{"start":{"line":138,"column":14},"end":{"line":138,"column":54}},"type":"cond-expr","locations":[{"start":{"line":138,"column":25},"end":{"line":138,"column":33}},{"start":{"line":138,"column":36},"end":{"line":138,"column":54}}],"line":138},"25":{"loc":{"start":{"line":143,"column":4},"end":{"line":143,"column":48}},"type":"if","locations":[{"start":{"line":143,"column":4},"end":{"line":143,"column":48}},{"start":{},"end":{}}],"line":143},"26":{"loc":{"start":{"line":144,"column":4},"end":{"line":152,"column":5}},"type":"if","locations":[{"start":{"line":144,"column":4},"end":{"line":152,"column":5}},{"start":{},"end":{}}],"line":144},"27":{"loc":{"start":{"line":146,"column":8},"end":{"line":151,"column":9}},"type":"if","locations":[{"start":{"line":146,"column":8},"end":{"line":151,"column":9}},{"start":{},"end":{}}],"line":146},"28":{"loc":{"start":{"line":146,"column":12},"end":{"line":146,"column":35}},"type":"binary-expr","locations":[{"start":{"line":146,"column":12},"end":{"line":146,"column":16}},{"start":{"line":146,"column":20},"end":{"line":146,"column":35}}],"line":146},"29":{"loc":{"start":{"line":155,"column":17},"end":{"line":155,"column":47}},"type":"cond-expr","locations":[{"start":{"line":155,"column":35},"end":{"line":155,"column":39}},{"start":{"line":155,"column":42},"end":{"line":155,"column":47}}],"line":155},"30":{"loc":{"start":{"line":156,"column":14},"end":{"line":156,"column":85}},"type":"cond-expr","locations":[{"start":{"line":156,"column":32},"end":{"line":156,"column":53}},{"start":{"line":156,"column":56},"end":{"line":156,"column":85}}],"line":156},"31":{"loc":{"start":{"line":162,"column":17},"end":{"line":162,"column":40}},"type":"cond-expr","locations":[{"start":{"line":162,"column":28},"end":{"line":162,"column":32}},{"start":{"line":162,"column":35},"end":{"line":162,"column":40}}],"line":162},"32":{"loc":{"start":{"line":163,"column":15},"end":{"line":163,"column":55}},"type":"cond-expr","locations":[{"start":{"line":163,"column":26},"end":{"line":163,"column":34}},{"start":{"line":163,"column":37},"end":{"line":163,"column":55}}],"line":163},"33":{"loc":{"start":{"line":168,"column":4},"end":{"line":176,"column":5}},"type":"if","locations":[{"start":{"line":168,"column":4},"end":{"line":176,"column":5}},{"start":{},"end":{}}],"line":168},"34":{"loc":{"start":{"line":170,"column":8},"end":{"line":175,"column":9}},"type":"if","locations":[{"start":{"line":170,"column":8},"end":{"line":175,"column":9}},{"start":{},"end":{}}],"line":170},"35":{"loc":{"start":{"line":170,"column":12},"end":{"line":170,"column":35}},"type":"binary-expr","locations":[{"start":{"line":170,"column":12},"end":{"line":170,"column":16}},{"start":{"line":170,"column":20},"end":{"line":170,"column":35}}],"line":170},"36":{"loc":{"start":{"line":179,"column":17},"end":{"line":179,"column":47}},"type":"cond-expr","locations":[{"start":{"line":179,"column":35},"end":{"line":179,"column":39}},{"start":{"line":179,"column":42},"end":{"line":179,"column":47}}],"line":179},"37":{"loc":{"start":{"line":180,"column":14},"end":{"line":180,"column":71}},"type":"cond-expr","locations":[{"start":{"line":180,"column":32},"end":{"line":180,"column":41}},{"start":{"line":180,"column":44},"end":{"line":180,"column":71}}],"line":180},"38":{"loc":{"start":{"line":193,"column":17},"end":{"line":193,"column":40}},"type":"cond-expr","locations":[{"start":{"line":193,"column":28},"end":{"line":193,"column":32}},{"start":{"line":193,"column":35},"end":{"line":193,"column":40}}],"line":193},"39":{"loc":{"start":{"line":194,"column":13},"end":{"line":194,"column":75}},"type":"cond-expr","locations":[{"start":{"line":194,"column":24},"end":{"line":194,"column":45}},{"start":{"line":194,"column":48},"end":{"line":194,"column":75}}],"line":194},"40":{"loc":{"start":{"line":199,"column":8},"end":{"line":202,"column":10}},"type":"if","locations":[{"start":{"line":199,"column":8},"end":{"line":202,"column":10}},{"start":{},"end":{}}],"line":199},"41":{"loc":{"start":{"line":199,"column":12},"end":{"line":199,"column":40}},"type":"binary-expr","locations":[{"start":{"line":199,"column":12},"end":{"line":199,"column":21}},{"start":{"line":199,"column":25},"end":{"line":199,"column":40}}],"line":199},"42":{"loc":{"start":{"line":204,"column":8},"end":{"line":224,"column":9}},"type":"if","locations":[{"start":{"line":204,"column":8},"end":{"line":224,"column":9}},{"start":{"line":219,"column":15},"end":{"line":224,"column":9}}],"line":204},"43":{"loc":{"start":{"line":216,"column":21},"end":{"line":216,"column":43}},"type":"cond-expr","locations":[{"start":{"line":216,"column":38},"end":{"line":216,"column":39}},{"start":{"line":216,"column":42},"end":{"line":216,"column":43}}],"line":216},"44":{"loc":{"start":{"line":217,"column":21},"end":{"line":217,"column":90}},"type":"cond-expr","locations":[{"start":{"line":217,"column":34},"end":{"line":217,"column":64}},{"start":{"line":217,"column":67},"end":{"line":217,"column":90}}],"line":217},"45":{"loc":{"start":{"line":235,"column":8},"end":{"line":238,"column":10}},"type":"if","locations":[{"start":{"line":235,"column":8},"end":{"line":238,"column":10}},{"start":{},"end":{}}],"line":235},"46":{"loc":{"start":{"line":235,"column":12},"end":{"line":235,"column":31}},"type":"binary-expr","locations":[{"start":{"line":235,"column":12},"end":{"line":235,"column":18}},{"start":{"line":235,"column":22},"end":{"line":235,"column":31}}],"line":235},"47":{"loc":{"start":{"line":240,"column":8},"end":{"line":258,"column":9}},"type":"if","locations":[{"start":{"line":240,"column":8},"end":{"line":258,"column":9}},{"start":{"line":253,"column":15},"end":{"line":258,"column":9}}],"line":240},"48":{"loc":{"start":{"line":250,"column":21},"end":{"line":250,"column":43}},"type":"cond-expr","locations":[{"start":{"line":250,"column":38},"end":{"line":250,"column":39}},{"start":{"line":250,"column":42},"end":{"line":250,"column":43}}],"line":250},"49":{"loc":{"start":{"line":251,"column":21},"end":{"line":251,"column":91}},"type":"cond-expr","locations":[{"start":{"line":251,"column":38},"end":{"line":251,"column":66}},{"start":{"line":251,"column":69},"end":{"line":251,"column":91}}],"line":251}},"s":{"0":1,"1":1,"2":1,"3":1,"4":1,"5":1,"6":1,"7":1,"8":1,"9":1,"10":0,"11":0,"12":0,"13":0,"14":0,"15":0,"16":0,"17":0,"18":0,"19":0,"20":0,"21":0,"22":0,"23":0,"24":1,"25":0,"26":0,"27":0,"28":0,"29":0,"30":0,"31":0,"32":0,"33":0,"34":0,"35":1,"36":0,"37":0,"38":0,"39":0,"40":0,"41":0,"42":0,"43":0,"44":0,"45":0,"46":1,"47":0,"48":1,"49":0,"50":0,"51":0,"52":0,"53":0,"54":0,"55":0,"56":0,"57":0,"58":0,"59":0,"60":0,"61":0,"62":1,"63":0,"64":0,"65":0,"66":1,"67":0,"68":0,"69":0,"70":0,"71":0,"72":0,"73":0,"74":0,"75":0,"76":1,"77":0,"78":0,"79":1,"80":0,"81":0,"82":0,"83":0,"84":0,"85":0,"86":0,"87":1,"88":0,"89":0,"90":0,"91":1,"92":2,"93":2,"94":0,"95":2,"96":2,"97":1,"98":1,"99":1,"100":1,"101":1,"102":0,"103":1,"104":1,"105":1,"106":7,"107":7,"108":7,"109":1,"110":6,"111":6,"112":4,"113":4,"114":2,"115":0,"116":1},"f":{"0":0,"1":0,"2":0,"3":0,"4":0,"5":0,"6":0,"7":0,"8":0,"9":0,"10":0,"11":2,"12":7},"b":{"0":[0,0],"1":[0,0,0],"2":[0,0],"3":[0,0],"4":[0,0],"5":[0,0],"6":[0,0],"7":[0,0],"8":[0,0],"9":[0,0],"10":[0,0],"11":[0,0],"12":[0,0],"13":[0,0],"14":[0,0],"15":[0,0],"16":[0,0],"17":[0,0],"18":[0,0],"19":[0,0],"20":[0,0],"21":[0,0],"22":[0,0],"23":[0,0],"24":[0,0],"25":[0,0],"26":[0,0],"27":[0,0],"28":[0,0],"29":[0,0],"30":[0,0],"31":[0,0],"32":[0,0],"33":[0,0],"34":[0,0],"35":[0,0],"36":[0,0],"37":[0,0],"38":[0,0],"39":[0,0],"40":[0,2],"41":[2,2],"42":[1,1],"43":[0,0],"44":[0,0],"45":[1,6],"46":[7,6],"47":[4,2],"48":[3,1],"49":[3,1]},"_coverageSchema":"1a1c01bbd47fc00a2c39e90264f33305004495a9","hash":"cfb64b30995507f4baa1da383f38b9dff2a98e58"}
,"D:\\Lập trình\\Phongtro\\New_code\\phongtro-ext\\server\\middlewares\\auth.js": {"path":"D:\\Lập trình\\Phongtro\\New_code\\phongtro-ext\\server\\middlewares\\auth.js","statementMap":{"0":{"start":{"line":1,"column":21},"end":{"line":1,"column":44}},"1":{"start":{"line":3,"column":20},"end":{"line":22,"column":1}},"2":{"start":{"line":4,"column":4},"end":{"line":21,"column":5}},"3":{"start":{"line":5,"column":22},"end":{"line":5,"column":62}},"4":{"start":{"line":6,"column":8},"end":{"line":15,"column":10}},"5":{"start":{"line":7,"column":12},"end":{"line":12,"column":13}},"6":{"start":{"line":8,"column":16},"end":{"line":11,"column":18}},"7":{"start":{"line":13,"column":12},"end":{"line":13,"column":29}},"8":{"start":{"line":14,"column":12},"end":{"line":14,"column":18}},"9":{"start":{"line":17,"column":8},"end":{"line":20,"column":10}},"10":{"start":{"line":23,"column":16},"end":{"line":28,"column":1}},"11":{"start":{"line":24,"column":21},"end":{"line":24,"column":29}},"12":{"start":{"line":25,"column":4},"end":{"line":26,"column":45}},"13":{"start":{"line":26,"column":8},"end":{"line":26,"column":45}},"14":{"start":{"line":27,"column":4},"end":{"line":27,"column":10}},"15":{"start":{"line":29,"column":15},"end":{"line":34,"column":1}},"16":{"start":{"line":30,"column":21},"end":{"line":30,"column":29}},"17":{"start":{"line":31,"column":4},"end":{"line":32,"column":44}},"18":{"start":{"line":32,"column":8},"end":{"line":32,"column":44}},"19":{"start":{"line":33,"column":4},"end":{"line":33,"column":10}},"20":{"start":{"line":35,"column":0},"end":{"line":39,"column":1}}},"fnMap":{"0":{"name":"(anonymous_0)","decl":{"start":{"line":3,"column":20},"end":{"line":3,"column":21}},"loc":{"start":{"line":3,"column":46},"end":{"line":22,"column":1}},"line":3},"1":{"name":"(anonymous_1)","decl":{"start":{"line":6,"column":59},"end":{"line":6,"column":60}},"loc":{"start":{"line":6,"column":76},"end":{"line":15,"column":9}},"line":6},"2":{"name":"(anonymous_2)","decl":{"start":{"line":23,"column":16},"end":{"line":23,"column":17}},"loc":{"start":{"line":23,"column":36},"end":{"line":28,"column":1}},"line":23},"3":{"name":"(anonymous_3)","decl":{"start":{"line":29,"column":15},"end":{"line":29,"column":16}},"loc":{"start":{"line":29,"column":35},"end":{"line":34,"column":1}},"line":29}},"branchMap":{"0":{"loc":{"start":{"line":4,"column":4},"end":{"line":21,"column":5}},"type":"if","locations":[{"start":{"line":4,"column":4},"end":{"line":21,"column":5}},{"start":{"line":16,"column":11},"end":{"line":21,"column":5}}],"line":4},"1":{"loc":{"start":{"line":7,"column":12},"end":{"line":12,"column":13}},"type":"if","locations":[{"start":{"line":7,"column":12},"end":{"line":12,"column":13}},{"start":{},"end":{}}],"line":7},"2":{"loc":{"start":{"line":25,"column":4},"end":{"line":26,"column":45}},"type":"if","locations":[{"start":{"line":25,"column":4},"end":{"line":26,"column":45}},{"start":{},"end":{}}],"line":25},"3":{"loc":{"start":{"line":31,"column":4},"end":{"line":32,"column":44}},"type":"if","locations":[{"start":{"line":31,"column":4},"end":{"line":32,"column":44}},{"start":{},"end":{}}],"line":31},"4":{"loc":{"start":{"line":31,"column":8},"end":{"line":31,"column":38}},"type":"binary-expr","locations":[{"start":{"line":31,"column":8},"end":{"line":31,"column":21}},{"start":{"line":31,"column":25},"end":{"line":31,"column":38}}],"line":31}},"s":{"0":1,"1":1,"2":3,"3":2,"4":2,"5":2,"6":1,"7":1,"8":1,"9":1,"10":1,"11":2,"12":2,"13":1,"14":1,"15":1,"16":2,"17":2,"18":1,"19":1,"20":1},"f":{"0":3,"1":2,"2":2,"3":2},"b":{"0":[2,1],"1":[1,1],"2":[1,1],"3":[1,1],"4":[2,2]},"_coverageSchema":"1a1c01bbd47fc00a2c39e90264f33305004495a9","hash":"242d9f6a6d4314217202a98db4661defd2b9f320"}
,"D:\\Lập trình\\Phongtro\\New_code\\phongtro-ext\\server\\middlewares\\errhandler.js": {"path":"D:\\Lập trình\\Phongtro\\New_code\\phongtro-ext\\server\\middlewares\\errhandler.js","statementMap":{"0":{"start":{"line":1,"column":17},"end":{"line":5,"column":1}},"1":{"start":{"line":2,"column":18},"end":{"line":2,"column":66}},"2":{"start":{"line":3,"column":4},"end":{"line":3,"column":19}},"3":{"start":{"line":4,"column":4},"end":{"line":4,"column":15}},"4":{"start":{"line":7,"column":21},"end":{"line":13,"column":1}},"5":{"start":{"line":8,"column":23},"end":{"line":8,"column":68}},"6":{"start":{"line":9,"column":4},"end":{"line":12,"column":6}},"7":{"start":{"line":15,"column":0},"end":{"line":18,"column":1}}},"fnMap":{"0":{"name":"(anonymous_0)","decl":{"start":{"line":1,"column":17},"end":{"line":1,"column":18}},"loc":{"start":{"line":1,"column":37},"end":{"line":5,"column":1}},"line":1},"1":{"name":"(anonymous_1)","decl":{"start":{"line":7,"column":21},"end":{"line":7,"column":22}},"loc":{"start":{"line":7,"column":46},"end":{"line":13,"column":1}},"line":7}},"branchMap":{"0":{"loc":{"start":{"line":8,"column":23},"end":{"line":8,"column":68}},"type":"cond-expr","locations":[{"start":{"line":8,"column":48},"end":{"line":8,"column":51}},{"start":{"line":8,"column":54},"end":{"line":8,"column":68}}],"line":8}},"s":{"0":1,"1":1,"2":1,"3":1,"4":1,"5":2,"6":2,"7":1},"f":{"0":1,"1":2},"b":{"0":[1,1]},"_coverageSchema":"1a1c01bbd47fc00a2c39e90264f33305004495a9","hash":"6ff7ebb583a409696ebb8c9749719ce4a4d58d72"}
,"D:\\Lập trình\\Phongtro\\New_code\\phongtro-ext\\server\\middlewares\\jwt.js": {"path":"D:\\Lập trình\\Phongtro\\New_code\\phongtro-ext\\server\\middlewares\\jwt.js","statementMap":{"0":{"start":{"line":1,"column":12},"end":{"line":1,"column":35}},"1":{"start":{"line":3,"column":29},"end":{"line":3,"column":112}},"2":{"start":{"line":3,"column":44},"end":{"line":3,"column":112}},"3":{"start":{"line":4,"column":30},"end":{"line":4,"column":101}},"4":{"start":{"line":4,"column":39},"end":{"line":4,"column":101}},"5":{"start":{"line":7,"column":0},"end":{"line":10,"column":1}}},"fnMap":{"0":{"name":"(anonymous_0)","decl":{"start":{"line":3,"column":29},"end":{"line":3,"column":30}},"loc":{"start":{"line":3,"column":44},"end":{"line":3,"column":112}},"line":3},"1":{"name":"(anonymous_1)","decl":{"start":{"line":4,"column":30},"end":{"line":4,"column":31}},"loc":{"start":{"line":4,"column":39},"end":{"line":4,"column":101}},"line":4}},"branchMap":{},"s":{"0":2,"1":2,"2":1,"3":2,"4":1,"5":2},"f":{"0":1,"1":1},"b":{},"_coverageSchema":"1a1c01bbd47fc00a2c39e90264f33305004495a9","hash":"9765532c4497d166d1bed92273577dca088fc6aa"}
,"D:\\Lập trình\\Phongtro\\New_code\\phongtro-ext\\server\\models\\category.js": {"path":"D:\\Lập trình\\Phongtro\\New_code\\phongtro-ext\\server\\models\\category.js","statementMap":{"0":{"start":{"line":4,"column":4},"end":{"line":4,"column":24}},"1":{"start":{"line":5,"column":16},"end":{"line":5,"column":34}},"2":{"start":{"line":6,"column":0},"end":{"line":34,"column":2}},"3":{"start":{"line":17,"column":2},"end":{"line":32,"column":5}},"4":{"start":{"line":26,"column":8},"end":{"line":26,"column":49}},"5":{"start":{"line":33,"column":2},"end":{"line":33,"column":18}}},"fnMap":{"0":{"name":"(anonymous_0)","decl":{"start":{"line":6,"column":17},"end":{"line":6,"column":18}},"loc":{"start":{"line":6,"column":43},"end":{"line":34,"column":1}},"line":6},"1":{"name":"(anonymous_1)","decl":{"start":{"line":13,"column":4},"end":{"line":13,"column":5}},"loc":{"start":{"line":13,"column":29},"end":{"line":15,"column":5}},"line":13},"2":{"name":"(anonymous_2)","decl":{"start":{"line":25,"column":6},"end":{"line":25,"column":7}},"loc":{"start":{"line":25,"column":17},"end":{"line":27,"column":7}},"line":25}},"branchMap":{},"s":{"0":5,"1":5,"2":5,"3":5,"4":0,"5":5},"f":{"0":5,"1":5,"2":0},"b":{},"_coverageSchema":"1a1c01bbd47fc00a2c39e90264f33305004495a9","hash":"7ba810c470b97505a1b23e9acfe2ba9e3130c2d7"}
,"D:\\Lập trình\\Phongtro\\New_code\\phongtro-ext\\server\\models\\comment.js": {"path":"D:\\Lập trình\\Phongtro\\New_code\\phongtro-ext\\server\\models\\comment.js","statementMap":{"0":{"start":{"line":4,"column":4},"end":{"line":4,"column":24}},"1":{"start":{"line":5,"column":0},"end":{"line":27,"column":2}},"2":{"start":{"line":14,"column":6},"end":{"line":14,"column":95}},"3":{"start":{"line":17,"column":2},"end":{"line":25,"column":5}},"4":{"start":{"line":26,"column":2},"end":{"line":26,"column":17}}},"fnMap":{"0":{"name":"(anonymous_0)","decl":{"start":{"line":5,"column":17},"end":{"line":5,"column":18}},"loc":{"start":{"line":5,"column":43},"end":{"line":27,"column":1}},"line":5},"1":{"name":"(anonymous_1)","decl":{"start":{"line":12,"column":4},"end":{"line":12,"column":5}},"loc":{"start":{"line":12,"column":29},"end":{"line":15,"column":5}},"line":12}},"branchMap":{},"s":{"0":5,"1":5,"2":5,"3":5,"4":5},"f":{"0":5,"1":5},"b":{},"_coverageSchema":"1a1c01bbd47fc00a2c39e90264f33305004495a9","hash":"a4dfd519927e20ccdfd9936d9ac35e4f8375e808"}
,"D:\\Lập trình\\Phongtro\\New_code\\phongtro-ext\\server\\models\\foodtype.js": {"path":"D:\\Lập trình\\Phongtro\\New_code\\phongtro-ext\\server\\models\\foodtype.js","statementMap":{"0":{"start":{"line":4,"column":4},"end":{"line":4,"column":24}},"1":{"start":{"line":5,"column":0},"end":{"line":24,"column":2}},"2":{"start":{"line":16,"column":2},"end":{"line":22,"column":5}},"3":{"start":{"line":23,"column":2},"end":{"line":23,"column":18}}},"fnMap":{"0":{"name":"(anonymous_0)","decl":{"start":{"line":5,"column":17},"end":{"line":5,"column":18}},"loc":{"start":{"line":5,"column":43},"end":{"line":24,"column":1}},"line":5},"1":{"name":"(anonymous_1)","decl":{"start":{"line":12,"column":4},"end":{"line":12,"column":5}},"loc":{"start":{"line":12,"column":29},"end":{"line":14,"column":5}},"line":12}},"branchMap":{},"s":{"0":5,"1":5,"2":5,"3":5},"f":{"0":5,"1":5},"b":{},"_coverageSchema":"1a1c01bbd47fc00a2c39e90264f33305004495a9","hash":"e1f748929caea17b4bb8880ba63f05c5dcfee271"}
,"D:\\Lập trình\\Phongtro\\New_code\\phongtro-ext\\server\\models\\index.js": {"path":"D:\\Lập trình\\Phongtro\\New_code\\phongtro-ext\\server\\models\\index.js","statementMap":{"0":{"start":{"line":1,"column":11},"end":{"line":1,"column":24}},"1":{"start":{"line":2,"column":13},"end":{"line":2,"column":28}},"2":{"start":{"line":3,"column":18},"end":{"line":3,"column":38}},"3":{"start":{"line":4,"column":16},"end":{"line":4,"column":34}},"4":{"start":{"line":5,"column":17},"end":{"line":5,"column":42}},"5":{"start":{"line":6,"column":12},"end":{"line":6,"column":49}},"6":{"start":{"line":7,"column":15},"end":{"line":7,"column":65}},"7":{"start":{"line":8,"column":11},"end":{"line":8,"column":13}},"8":{"start":{"line":10,"column":16},"end":{"line":15,"column":1}},"9":{"start":{"line":17,"column":0},"end":{"line":32,"column":5}},"10":{"start":{"line":19,"column":4},"end":{"line":24,"column":6}},"11":{"start":{"line":27,"column":18},"end":{"line":30,"column":5}},"12":{"start":{"line":31,"column":4},"end":{"line":31,"column":27}},"13":{"start":{"line":34,"column":0},"end":{"line":38,"column":3}},"14":{"start":{"line":35,"column":2},"end":{"line":37,"column":3}},"15":{"start":{"line":36,"column":4},"end":{"line":36,"column":32}},"16":{"start":{"line":40,"column":0},"end":{"line":40,"column":25}},"17":{"start":{"line":41,"column":0},"end":{"line":41,"column":25}},"18":{"start":{"line":43,"column":0},"end":{"line":43,"column":20}}},"fnMap":{"0":{"name":"(anonymous_0)","decl":{"start":{"line":18,"column":10},"end":{"line":18,"column":11}},"loc":{"start":{"line":18,"column":20},"end":{"line":25,"column":3}},"line":18},"1":{"name":"(anonymous_1)","decl":{"start":{"line":26,"column":11},"end":{"line":26,"column":12}},"loc":{"start":{"line":26,"column":21},"end":{"line":32,"column":3}},"line":26},"2":{"name":"(anonymous_2)","decl":{"start":{"line":34,"column":24},"end":{"line":34,"column":25}},"loc":{"start":{"line":34,"column":39},"end":{"line":38,"column":1}},"line":34}},"branchMap":{"0":{"loc":{"start":{"line":6,"column":12},"end":{"line":6,"column":49}},"type":"binary-expr","locations":[{"start":{"line":6,"column":12},"end":{"line":6,"column":32}},{"start":{"line":6,"column":36},"end":{"line":6,"column":49}}],"line":6},"1":{"loc":{"start":{"line":20,"column":6},"end":{"line":23,"column":37}},"type":"binary-expr","locations":[{"start":{"line":20,"column":6},"end":{"line":20,"column":29}},{"start":{"line":21,"column":6},"end":{"line":21,"column":23}},{"start":{"line":22,"column":6},"end":{"line":22,"column":30}},{"start":{"line":23,"column":6},"end":{"line":23,"column":37}}],"line":20},"2":{"loc":{"start":{"line":35,"column":2},"end":{"line":37,"column":3}},"type":"if","locations":[{"start":{"line":35,"column":2},"end":{"line":37,"column":3}},{"start":{},"end":{}}],"line":35}},"s":{"0":5,"1":5,"2":5,"3":5,"4":5,"5":5,"6":5,"7":5,"8":5,"9":5,"10":45,"11":40,"12":40,"13":5,"14":40,"15":40,"16":5,"17":5,"18":5},"f":{"0":45,"1":40,"2":40},"b":{"0":[5,0],"1":[45,45,40,40],"2":[40,0]},"_coverageSchema":"1a1c01bbd47fc00a2c39e90264f33305004495a9","hash":"de8442a8341aa997d6e9937243e6338cf2125599"}
,"D:\\Lập trình\\Phongtro\\New_code\\phongtro-ext\\server\\models\\post.js": {"path":"D:\\Lập trình\\Phongtro\\New_code\\phongtro-ext\\server\\models\\post.js","statementMap":{"0":{"start":{"line":4,"column":4},"end":{"line":4,"column":24}},"1":{"start":{"line":5,"column":0},"end":{"line":52,"column":2}},"2":{"start":{"line":14,"column":6},"end":{"line":14,"column":90}},"3":{"start":{"line":15,"column":6},"end":{"line":15,"column":104}},"4":{"start":{"line":16,"column":6},"end":{"line":16,"column":101}},"5":{"start":{"line":17,"column":6},"end":{"line":17,"column":90}},"6":{"start":{"line":18,"column":6},"end":{"line":18,"column":84}},"7":{"start":{"line":21,"column":2},"end":{"line":50,"column":5}},"8":{"start":{"line":28,"column":8},"end":{"line":28,"column":59}},"9":{"start":{"line":31,"column":20},"end":{"line":31,"column":47}},"10":{"start":{"line":32,"column":8},"end":{"line":32,"column":43}},"11":{"start":{"line":51,"column":2},"end":{"line":51,"column":14}}},"fnMap":{"0":{"name":"(anonymous_0)","decl":{"start":{"line":5,"column":17},"end":{"line":5,"column":18}},"loc":{"start":{"line":5,"column":43},"end":{"line":52,"column":1}},"line":5},"1":{"name":"(anonymous_1)","decl":{"start":{"line":12,"column":4},"end":{"line":12,"column":5}},"loc":{"start":{"line":12,"column":29},"end":{"line":19,"column":5}},"line":12},"2":{"name":"(anonymous_2)","decl":{"start":{"line":27,"column":6},"end":{"line":27,"column":7}},"loc":{"start":{"line":27,"column":18},"end":{"line":29,"column":7}},"line":27},"3":{"name":"(anonymous_3)","decl":{"start":{"line":30,"column":6},"end":{"line":30,"column":7}},"loc":{"start":{"line":30,"column":12},"end":{"line":33,"column":7}},"line":30}},"branchMap":{"0":{"loc":{"start":{"line":32,"column":15},"end":{"line":32,"column":43}},"type":"cond-expr","locations":[{"start":{"line":32,"column":21},"end":{"line":32,"column":36}},{"start":{"line":32,"column":39},"end":{"line":32,"column":43}}],"line":32}},"s":{"0":5,"1":5,"2":5,"3":5,"4":5,"5":5,"6":5,"7":5,"8":0,"9":0,"10":0,"11":5},"f":{"0":5,"1":5,"2":0,"3":0},"b":{"0":[0,0]},"_coverageSchema":"1a1c01bbd47fc00a2c39e90264f33305004495a9","hash":"2c865a6b4c18959e5a303064671be6119d8b4c58"}
,"D:\\Lập trình\\Phongtro\\New_code\\phongtro-ext\\server\\models\\role.js": {"path":"D:\\Lập trình\\Phongtro\\New_code\\phongtro-ext\\server\\models\\role.js","statementMap":{"0":{"start":{"line":4,"column":4},"end":{"line":4,"column":24}},"1":{"start":{"line":5,"column":0},"end":{"line":24,"column":2}},"2":{"start":{"line":16,"column":2},"end":{"line":22,"column":5}},"3":{"start":{"line":23,"column":2},"end":{"line":23,"column":14}}},"fnMap":{"0":{"name":"(anonymous_0)","decl":{"start":{"line":5,"column":17},"end":{"line":5,"column":18}},"loc":{"start":{"line":5,"column":43},"end":{"line":24,"column":1}},"line":5},"1":{"name":"(anonymous_1)","decl":{"start":{"line":12,"column":4},"end":{"line":12,"column":5}},"loc":{"start":{"line":12,"column":29},"end":{"line":14,"column":5}},"line":12}},"branchMap":{},"s":{"0":5,"1":5,"2":5,"3":5},"f":{"0":5,"1":5},"b":{},"_coverageSchema":"1a1c01bbd47fc00a2c39e90264f33305004495a9","hash":"9a662e265e4c17a2c01be1f491774a4086f1d91b"}
,"D:\\Lập trình\\Phongtro\\New_code\\phongtro-ext\\server\\models\\user.js": {"path":"D:\\Lập trình\\Phongtro\\New_code\\phongtro-ext\\server\\models\\user.js","statementMap":{"0":{"start":{"line":4,"column":4},"end":{"line":4,"column":24}},"1":{"start":{"line":5,"column":15},"end":{"line":5,"column":34}},"2":{"start":{"line":6,"column":0},"end":{"line":39,"column":2}},"3":{"start":{"line":15,"column":6},"end":{"line":15,"column":92}},"4":{"start":{"line":16,"column":6},"end":{"line":16,"column":89}},"5":{"start":{"line":19,"column":2},"end":{"line":37,"column":5}},"6":{"start":{"line":24,"column":21},"end":{"line":24,"column":43}},"7":{"start":{"line":25,"column":8},"end":{"line":25,"column":62}},"8":{"start":{"line":38,"column":2},"end":{"line":38,"column":14}}},"fnMap":{"0":{"name":"(anonymous_0)","decl":{"start":{"line":6,"column":17},"end":{"line":6,"column":18}},"loc":{"start":{"line":6,"column":43},"end":{"line":39,"column":1}},"line":6},"1":{"name":"(anonymous_1)","decl":{"start":{"line":13,"column":4},"end":{"line":13,"column":5}},"loc":{"start":{"line":13,"column":29},"end":{"line":17,"column":5}},"line":13},"2":{"name":"(anonymous_2)","decl":{"start":{"line":23,"column":6},"end":{"line":23,"column":7}},"loc":{"start":{"line":23,"column":16},"end":{"line":26,"column":7}},"line":23}},"branchMap":{},"s":{"0":5,"1":5,"2":5,"3":5,"4":5,"5":5,"6":0,"7":0,"8":5},"f":{"0":5,"1":5,"2":0},"b":{},"_coverageSchema":"1a1c01bbd47fc00a2c39e90264f33305004495a9","hash":"f36daf58f1b623dc3c4676422a31e7c96a97ed36"}
,"D:\\Lập trình\\Phongtro\\New_code\\phongtro-ext\\server\\models\\visited.js": {"path":"D:\\Lập trình\\Phongtro\\New_code\\phongtro-ext\\server\\models\\visited.js","statementMap":{"0":{"start":{"line":4,"column":4},"end":{"line":4,"column":24}},"1":{"start":{"line":5,"column":0},"end":{"line":24,"column":2}},"2":{"start":{"line":16,"column":2},"end":{"line":22,"column":5}},"3":{"start":{"line":23,"column":2},"end":{"line":23,"column":17}}},"fnMap":{"0":{"name":"(anonymous_0)","decl":{"start":{"line":5,"column":17},"end":{"line":5,"column":18}},"loc":{"start":{"line":5,"column":43},"end":{"line":24,"column":1}},"line":5},"1":{"name":"(anonymous_1)","decl":{"start":{"line":12,"column":4},"end":{"line":12,"column":5}},"loc":{"start":{"line":12,"column":29},"end":{"line":14,"column":5}},"line":12}},"branchMap":{},"s":{"0":5,"1":5,"2":5,"3":5},"f":{"0":5,"1":5},"b":{},"_coverageSchema":"1a1c01bbd47fc00a2c39e90264f33305004495a9","hash":"341ca851467908b41b356eabf38242eac9e1c59c"}
,"D:\\Lập trình\\Phongtro\\New_code\\phongtro-ext\\server\\models\\vote.js": {"path":"D:\\Lập trình\\Phongtro\\New_code\\phongtro-ext\\server\\models\\vote.js","statementMap":{"0":{"start":{"line":4,"column":4},"end":{"line":4,"column":24}},"1":{"start":{"line":5,"column":0},"end":{"line":27,"column":2}},"2":{"start":{"line":14,"column":6},"end":{"line":14,"column":89}},"3":{"start":{"line":17,"column":2},"end":{"line":25,"column":5}},"4":{"start":{"line":26,"column":2},"end":{"line":26,"column":14}}},"fnMap":{"0":{"name":"(anonymous_0)","decl":{"start":{"line":5,"column":17},"end":{"line":5,"column":18}},"loc":{"start":{"line":5,"column":43},"end":{"line":27,"column":1}},"line":5},"1":{"name":"(anonymous_1)","decl":{"start":{"line":12,"column":4},"end":{"line":12,"column":5}},"loc":{"start":{"line":12,"column":29},"end":{"line":15,"column":5}},"line":12}},"branchMap":{},"s":{"0":5,"1":5,"2":5,"3":5,"4":5},"f":{"0":5,"1":5},"b":{},"_coverageSchema":"1a1c01bbd47fc00a2c39e90264f33305004495a9","hash":"33170ab90983244ed80f7f81ac6441da23e7fcc0"}
}
