{"D:\\Lập trình\\Phongtro\\New_code\\phongtro-ext\\server\\server.js": {"path":"D:\\Lập trình\\Phongtro\\New_code\\phongtro-ext\\server\\server.js","statementMap":{"0":{"start":{"line":1,"column":0},"end":{"line":1,"column":26}},"1":{"start":{"line":2,"column":16},"end":{"line":2,"column":34}},"2":{"start":{"line":3,"column":13},"end":{"line":3,"column":28}},"3":{"start":{"line":4,"column":15},"end":{"line":4,"column":41}},"4":{"start":{"line":5,"column":19},"end":{"line":5,"column":38}},"5":{"start":{"line":7,"column":12},"end":{"line":7,"column":21}},"6":{"start":{"line":8,"column":0},"end":{"line":11,"column":3}},"7":{"start":{"line":12,"column":0},"end":{"line":12,"column":40}},"8":{"start":{"line":13,"column":0},"end":{"line":13,"column":62}},"9":{"start":{"line":15,"column":0},"end":{"line":15,"column":15}},"10":{"start":{"line":16,"column":0},"end":{"line":16,"column":8}},"11":{"start":{"line":18,"column":13},"end":{"line":18,"column":37}},"12":{"start":{"line":19,"column":17},"end":{"line":21,"column":2}},"13":{"start":{"line":20,"column":4},"end":{"line":20,"column":75}}},"fnMap":{"0":{"name":"(anonymous_0)","decl":{"start":{"line":19,"column":34},"end":{"line":19,"column":35}},"loc":{"start":{"line":19,"column":40},"end":{"line":21,"column":1}},"line":19}},"branchMap":{"0":{"loc":{"start":{"line":18,"column":13},"end":{"line":18,"column":37}},"type":"binary-expr","locations":[{"start":{"line":18,"column":13},"end":{"line":18,"column":29}},{"start":{"line":18,"column":33},"end":{"line":18,"column":37}}],"line":18}},"s":{"0":1,"1":1,"2":1,"3":1,"4":1,"5":1,"6":1,"7":1,"8":1,"9":1,"10":1,"11":1,"12":1,"13":1},"f":{"0":1},"b":{"0":[1,0]},"_coverageSchema":"1a1c01bbd47fc00a2c39e90264f33305004495a9","hash":"a9304ef319e46d5532ac1cf312c2846bd2f99c3d"}
,"D:\\Lập trình\\Phongtro\\New_code\\phongtro-ext\\server\\config\\cloudinary.config.js": {"path":"D:\\Lập trình\\Phongtro\\New_code\\phongtro-ext\\server\\config\\cloudinary.config.js","statementMap":{"0":{"start":{"line":1,"column":19},"end":{"line":1,"column":43}},"1":{"start":{"line":2,"column":30},"end":{"line":2,"column":66}},"2":{"start":{"line":3,"column":15},"end":{"line":3,"column":32}},"3":{"start":{"line":5,"column":0},"end":{"line":9,"column":3}},"4":{"start":{"line":11,"column":16},"end":{"line":17,"column":2}},"5":{"start":{"line":19,"column":20},"end":{"line":19,"column":39}},"6":{"start":{"line":21,"column":0},"end":{"line":21,"column":29}}},"fnMap":{},"branchMap":{},"s":{"0":1,"1":1,"2":1,"3":1,"4":1,"5":1,"6":1},"f":{},"b":{},"_coverageSchema":"1a1c01bbd47fc00a2c39e90264f33305004495a9","hash":"c0c47855d33d703d598e29038a1f3da7a6cc89ef"}
,"D:\\Lập trình\\Phongtro\\New_code\\phongtro-ext\\server\\config\\dbconn.js": {"path":"D:\\Lập trình\\Phongtro\\New_code\\phongtro-ext\\server\\config\\dbconn.js","statementMap":{"0":{"start":{"line":1,"column":22},"end":{"line":1,"column":42}},"1":{"start":{"line":4,"column":13},"end":{"line":4,"column":44}},"2":{"start":{"line":5,"column":18},"end":{"line":16,"column":2}},"3":{"start":{"line":18,"column":24},"end":{"line":25,"column":1}},"4":{"start":{"line":19,"column":4},"end":{"line":24,"column":5}},"5":{"start":{"line":20,"column":8},"end":{"line":20,"column":39}},"6":{"start":{"line":21,"column":8},"end":{"line":21,"column":69}},"7":{"start":{"line":23,"column":8},"end":{"line":23,"column":67}},"8":{"start":{"line":27,"column":0},"end":{"line":27,"column":32}}},"fnMap":{"0":{"name":"(anonymous_0)","decl":{"start":{"line":18,"column":24},"end":{"line":18,"column":25}},"loc":{"start":{"line":18,"column":36},"end":{"line":25,"column":1}},"line":18}},"branchMap":{"0":{"loc":{"start":{"line":4,"column":13},"end":{"line":4,"column":44}},"type":"binary-expr","locations":[{"start":{"line":4,"column":13},"end":{"line":4,"column":36}},{"start":{"line":4,"column":40},"end":{"line":4,"column":44}}],"line":4}},"s":{"0":1,"1":1,"2":1,"3":1,"4":1,"5":1,"6":0,"7":0,"8":1},"f":{"0":1},"b":{"0":[1,1]},"_coverageSchema":"1a1c01bbd47fc00a2c39e90264f33305004495a9","hash":"046b01621d81246d26415eaae293cb92fc6a98aa"}
,"D:\\Lập trình\\Phongtro\\New_code\\phongtro-ext\\server\\controllers\\category.js": {"path":"D:\\Lập trình\\Phongtro\\New_code\\phongtro-ext\\server\\controllers\\category.js","statementMap":{"0":{"start":{"line":1,"column":11},"end":{"line":1,"column":31}},"1":{"start":{"line":2,"column":21},"end":{"line":2,"column":53}},"2":{"start":{"line":4,"column":22},"end":{"line":18,"column":2}},"3":{"start":{"line":6,"column":21},"end":{"line":6,"column":48}},"4":{"start":{"line":7,"column":19},"end":{"line":7,"column":42}},"5":{"start":{"line":8,"column":15},"end":{"line":8,"column":67}},"6":{"start":{"line":9,"column":4},"end":{"line":13,"column":5}},"7":{"start":{"line":10,"column":8},"end":{"line":10,"column":46}},"8":{"start":{"line":12,"column":8},"end":{"line":12,"column":48}},"9":{"start":{"line":14,"column":4},"end":{"line":17,"column":6}},"10":{"start":{"line":20,"column":0},"end":{"line":22,"column":1}}},"fnMap":{"0":{"name":"(anonymous_0)","decl":{"start":{"line":4,"column":35},"end":{"line":4,"column":36}},"loc":{"start":{"line":4,"column":55},"end":{"line":18,"column":1}},"line":4}},"branchMap":{"0":{"loc":{"start":{"line":7,"column":19},"end":{"line":7,"column":42}},"type":"binary-expr","locations":[{"start":{"line":7,"column":19},"end":{"line":7,"column":32}},{"start":{"line":7,"column":36},"end":{"line":7,"column":42}}],"line":7},"1":{"loc":{"start":{"line":9,"column":4},"end":{"line":13,"column":5}},"type":"if","locations":[{"start":{"line":9,"column":4},"end":{"line":13,"column":5}},{"start":{"line":11,"column":11},"end":{"line":13,"column":5}}],"line":9},"2":{"loc":{"start":{"line":15,"column":17},"end":{"line":15,"column":40}},"type":"cond-expr","locations":[{"start":{"line":15,"column":28},"end":{"line":15,"column":32}},{"start":{"line":15,"column":35},"end":{"line":15,"column":40}}],"line":15},"3":{"loc":{"start":{"line":16,"column":20},"end":{"line":16,"column":65}},"type":"cond-expr","locations":[{"start":{"line":16,"column":31},"end":{"line":16,"column":39}},{"start":{"line":16,"column":42},"end":{"line":16,"column":65}}],"line":16}},"s":{"0":1,"1":1,"2":1,"3":0,"4":0,"5":0,"6":0,"7":0,"8":0,"9":0,"10":1},"f":{"0":0},"b":{"0":[0,0],"1":[0,0],"2":[0,0],"3":[0,0]},"_coverageSchema":"1a1c01bbd47fc00a2c39e90264f33305004495a9","hash":"1fc076690a2f52c1ee3a21bfcd429bebb50d680d"}
,"D:\\Lập trình\\Phongtro\\New_code\\phongtro-ext\\server\\controllers\\comment.js": {"path":"D:\\Lập trình\\Phongtro\\New_code\\phongtro-ext\\server\\controllers\\comment.js","statementMap":{"0":{"start":{"line":1,"column":11},"end":{"line":1,"column":31}},"1":{"start":{"line":2,"column":21},"end":{"line":2,"column":53}},"2":{"start":{"line":3,"column":15},"end":{"line":3,"column":32}},"3":{"start":{"line":5,"column":22},"end":{"line":18,"column":2}},"4":{"start":{"line":6,"column":29},"end":{"line":6,"column":37}},"5":{"start":{"line":7,"column":20},"end":{"line":7,"column":28}},"6":{"start":{"line":8,"column":4},"end":{"line":11,"column":6}},"7":{"start":{"line":8,"column":26},"end":{"line":11,"column":6}},"8":{"start":{"line":12,"column":17},"end":{"line":12,"column":37}},"9":{"start":{"line":13,"column":21},"end":{"line":13,"column":71}},"10":{"start":{"line":14,"column":4},"end":{"line":17,"column":6}},"11":{"start":{"line":20,"column":0},"end":{"line":22,"column":1}}},"fnMap":{"0":{"name":"(anonymous_0)","decl":{"start":{"line":5,"column":35},"end":{"line":5,"column":36}},"loc":{"start":{"line":5,"column":55},"end":{"line":18,"column":1}},"line":5}},"branchMap":{"0":{"loc":{"start":{"line":8,"column":4},"end":{"line":11,"column":6}},"type":"if","locations":[{"start":{"line":8,"column":4},"end":{"line":11,"column":6}},{"start":{},"end":{}}],"line":8},"1":{"loc":{"start":{"line":8,"column":8},"end":{"line":8,"column":24}},"type":"binary-expr","locations":[{"start":{"line":8,"column":8},"end":{"line":8,"column":12}},{"start":{"line":8,"column":16},"end":{"line":8,"column":24}}],"line":8},"2":{"loc":{"start":{"line":15,"column":17},"end":{"line":15,"column":40}},"type":"cond-expr","locations":[{"start":{"line":15,"column":28},"end":{"line":15,"column":32}},{"start":{"line":15,"column":35},"end":{"line":15,"column":40}}],"line":15},"3":{"loc":{"start":{"line":16,"column":13},"end":{"line":16,"column":67}},"type":"cond-expr","locations":[{"start":{"line":16,"column":24},"end":{"line":16,"column":41}},{"start":{"line":16,"column":44},"end":{"line":16,"column":67}}],"line":16}},"s":{"0":1,"1":1,"2":1,"3":1,"4":0,"5":0,"6":0,"7":0,"8":0,"9":0,"10":0,"11":1},"f":{"0":0},"b":{"0":[0,0],"1":[0,0],"2":[0,0],"3":[0,0]},"_coverageSchema":"1a1c01bbd47fc00a2c39e90264f33305004495a9","hash":"39cfc790164c96594c1f084477dedf85b8c188f2"}
,"D:\\Lập trình\\Phongtro\\New_code\\phongtro-ext\\server\\controllers\\foodtype.js": {"path":"D:\\Lập trình\\Phongtro\\New_code\\phongtro-ext\\server\\controllers\\foodtype.js","statementMap":{"0":{"start":{"line":1,"column":11},"end":{"line":1,"column":31}},"1":{"start":{"line":2,"column":21},"end":{"line":2,"column":53}},"2":{"start":{"line":4,"column":20},"end":{"line":10,"column":2}},"3":{"start":{"line":5,"column":21},"end":{"line":5,"column":48}},"4":{"start":{"line":6,"column":4},"end":{"line":9,"column":6}},"5":{"start":{"line":12,"column":0},"end":{"line":14,"column":1}}},"fnMap":{"0":{"name":"(anonymous_0)","decl":{"start":{"line":4,"column":33},"end":{"line":4,"column":34}},"loc":{"start":{"line":4,"column":53},"end":{"line":10,"column":1}},"line":4}},"branchMap":{"0":{"loc":{"start":{"line":7,"column":17},"end":{"line":7,"column":40}},"type":"cond-expr","locations":[{"start":{"line":7,"column":28},"end":{"line":7,"column":32}},{"start":{"line":7,"column":35},"end":{"line":7,"column":40}}],"line":7},"1":{"loc":{"start":{"line":8,"column":19},"end":{"line":8,"column":62}},"type":"cond-expr","locations":[{"start":{"line":8,"column":30},"end":{"line":8,"column":38}},{"start":{"line":8,"column":41},"end":{"line":8,"column":62}}],"line":8}},"s":{"0":1,"1":1,"2":1,"3":1,"4":1,"5":1},"f":{"0":1},"b":{"0":[1,0],"1":[1,0]},"_coverageSchema":"1a1c01bbd47fc00a2c39e90264f33305004495a9","hash":"28c6c7beb42bf96336c359685054b668b25d94b8"}
,"D:\\Lập trình\\Phongtro\\New_code\\phongtro-ext\\server\\controllers\\insert.js": {"path":"D:\\Lập trình\\Phongtro\\New_code\\phongtro-ext\\server\\controllers\\insert.js","statementMap":{"0":{"start":{"line":1,"column":11},"end":{"line":1,"column":31}},"1":{"start":{"line":2,"column":21},"end":{"line":2,"column":53}},"2":{"start":{"line":3,"column":43},"end":{"line":3,"column":74}},"3":{"start":{"line":4,"column":17},"end":{"line":4,"column":59}},"4":{"start":{"line":5,"column":19},"end":{"line":5,"column":56}},"5":{"start":{"line":6,"column":15},"end":{"line":6,"column":32}},"6":{"start":{"line":9,"column":19},"end":{"line":18,"column":2}},"7":{"start":{"line":10,"column":4},"end":{"line":15,"column":6}},"8":{"start":{"line":17,"column":4},"end":{"line":17,"column":27}},"9":{"start":{"line":20,"column":11},"end":{"line":46,"column":1}},"10":{"start":{"line":21,"column":16},"end":{"line":21,"column":24}},"11":{"start":{"line":22,"column":21},"end":{"line":22,"column":112}},"12":{"start":{"line":22,"column":63},"end":{"line":22,"column":102}},"13":{"start":{"line":23,"column":4},"end":{"line":30,"column":6}},"14":{"start":{"line":27,"column":49},"end":{"line":27,"column":71}},"15":{"start":{"line":28,"column":50},"end":{"line":28,"column":75}},"16":{"start":{"line":31,"column":4},"end":{"line":45,"column":6}},"17":{"start":{"line":44,"column":58},"end":{"line":44,"column":65}},"18":{"start":{"line":44,"column":87},"end":{"line":44,"column":126}},"19":{"start":{"line":48,"column":21},"end":{"line":54,"column":2}},"20":{"start":{"line":49,"column":21},"end":{"line":49,"column":23}},"21":{"start":{"line":50,"column":4},"end":{"line":50,"column":68}},"22":{"start":{"line":50,"column":48},"end":{"line":50,"column":68}},"23":{"start":{"line":51,"column":4},"end":{"line":51,"column":31}},"24":{"start":{"line":53,"column":4},"end":{"line":53,"column":27}},"25":{"start":{"line":56,"column":0},"end":{"line":59,"column":1}}},"fnMap":{"0":{"name":"(anonymous_0)","decl":{"start":{"line":9,"column":32},"end":{"line":9,"column":33}},"loc":{"start":{"line":9,"column":52},"end":{"line":18,"column":1}},"line":9},"1":{"name":"(anonymous_1)","decl":{"start":{"line":20,"column":11},"end":{"line":20,"column":12}},"loc":{"start":{"line":20,"column":27},"end":{"line":46,"column":1}},"line":20},"2":{"name":"(anonymous_2)","decl":{"start":{"line":22,"column":48},"end":{"line":22,"column":49}},"loc":{"start":{"line":22,"column":63},"end":{"line":22,"column":102}},"line":22},"3":{"name":"(anonymous_3)","decl":{"start":{"line":27,"column":43},"end":{"line":27,"column":44}},"loc":{"start":{"line":27,"column":49},"end":{"line":27,"column":71}},"line":27},"4":{"name":"(anonymous_4)","decl":{"start":{"line":28,"column":44},"end":{"line":28,"column":45}},"loc":{"start":{"line":28,"column":50},"end":{"line":28,"column":75}},"line":28},"5":{"name":"(anonymous_5)","decl":{"start":{"line":44,"column":52},"end":{"line":44,"column":53}},"loc":{"start":{"line":44,"column":58},"end":{"line":44,"column":65}},"line":44},"6":{"name":"(anonymous_6)","decl":{"start":{"line":44,"column":72},"end":{"line":44,"column":73}},"loc":{"start":{"line":44,"column":87},"end":{"line":44,"column":126}},"line":44},"7":{"name":"(anonymous_7)","decl":{"start":{"line":48,"column":34},"end":{"line":48,"column":35}},"loc":{"start":{"line":48,"column":54},"end":{"line":54,"column":1}},"line":48}},"branchMap":{"0":{"loc":{"start":{"line":22,"column":21},"end":{"line":22,"column":112}},"type":"binary-expr","locations":[{"start":{"line":22,"column":21},"end":{"line":22,"column":103}},{"start":{"line":22,"column":107},"end":{"line":22,"column":112}}],"line":22},"1":{"loc":{"start":{"line":33,"column":15},"end":{"line":33,"column":93}},"type":"cond-expr","locations":[{"start":{"line":33,"column":36},"end":{"line":33,"column":86}},{"start":{"line":33,"column":89},"end":{"line":33,"column":93}}],"line":33},"2":{"loc":{"start":{"line":40,"column":14},"end":{"line":40,"column":73}},"type":"cond-expr","locations":[{"start":{"line":40,"column":35},"end":{"line":40,"column":66}},{"start":{"line":40,"column":69},"end":{"line":40,"column":73}}],"line":40},"3":{"loc":{"start":{"line":44,"column":18},"end":{"line":44,"column":142}},"type":"cond-expr","locations":[{"start":{"line":44,"column":39},"end":{"line":44,"column":135}},{"start":{"line":44,"column":138},"end":{"line":44,"column":142}}],"line":44},"4":{"loc":{"start":{"line":44,"column":39},"end":{"line":44,"column":135}},"type":"binary-expr","locations":[{"start":{"line":44,"column":39},"end":{"line":44,"column":127}},{"start":{"line":44,"column":131},"end":{"line":44,"column":135}}],"line":44}},"s":{"0":1,"1":1,"2":1,"3":1,"4":1,"5":1,"6":1,"7":0,"8":0,"9":1,"10":0,"11":0,"12":0,"13":0,"14":0,"15":0,"16":0,"17":0,"18":0,"19":1,"20":0,"21":0,"22":0,"23":0,"24":0,"25":1},"f":{"0":0,"1":0,"2":0,"3":0,"4":0,"5":0,"6":0,"7":0},"b":{"0":[0,0],"1":[0,0],"2":[0,0],"3":[0,0],"4":[0,0]},"_coverageSchema":"1a1c01bbd47fc00a2c39e90264f33305004495a9","hash":"fbc1609b48e0b52d09a8c0323d6ab9aa027708eb"}
,"D:\\Lập trình\\Phongtro\\New_code\\phongtro-ext\\server\\controllers\\post.js": {"path":"D:\\Lập trình\\Phongtro\\New_code\\phongtro-ext\\server\\controllers\\post.js","statementMap":{"0":{"start":{"line":1,"column":11},"end":{"line":1,"column":31}},"1":{"start":{"line":2,"column":21},"end":{"line":2,"column":53}},"2":{"start":{"line":3,"column":15},"end":{"line":3,"column":32}},"3":{"start":{"line":4,"column":15},"end":{"line":4,"column":35}},"4":{"start":{"line":5,"column":22},"end":{"line":5,"column":42}},"5":{"start":{"line":8,"column":20},"end":{"line":23,"column":2}},"6":{"start":{"line":9,"column":20},"end":{"line":9,"column":28}},"7":{"start":{"line":10,"column":32},"end":{"line":10,"column":40}},"8":{"start":{"line":11,"column":32},"end":{"line":11,"column":40}},"9":{"start":{"line":12,"column":4},"end":{"line":12,"column":61}},"10":{"start":{"line":12,"column":19},"end":{"line":12,"column":61}},"11":{"start":{"line":12,"column":53},"end":{"line":12,"column":60}},"12":{"start":{"line":14,"column":4},"end":{"line":14,"column":62}},"13":{"start":{"line":14,"column":29},"end":{"line":14,"column":62}},"14":{"start":{"line":15,"column":21},"end":{"line":18,"column":6}},"15":{"start":{"line":19,"column":4},"end":{"line":22,"column":6}},"16":{"start":{"line":24,"column":19},"end":{"line":36,"column":2}},"17":{"start":{"line":25,"column":20},"end":{"line":25,"column":30}},"18":{"start":{"line":26,"column":24},"end":{"line":26,"column":32}},"19":{"start":{"line":27,"column":4},"end":{"line":27,"column":65}},"20":{"start":{"line":27,"column":19},"end":{"line":27,"column":65}},"21":{"start":{"line":27,"column":57},"end":{"line":27,"column":64}},"22":{"start":{"line":28,"column":4},"end":{"line":28,"column":64}},"23":{"start":{"line":28,"column":28},"end":{"line":28,"column":64}},"24":{"start":{"line":29,"column":18},"end":{"line":29,"column":29}},"25":{"start":{"line":30,"column":4},"end":{"line":30,"column":47}},"26":{"start":{"line":30,"column":18},"end":{"line":30,"column":47}},"27":{"start":{"line":31,"column":21},"end":{"line":31,"column":69}},"28":{"start":{"line":32,"column":4},"end":{"line":35,"column":6}},"29":{"start":{"line":37,"column":20},"end":{"line":46,"column":2}},"30":{"start":{"line":38,"column":20},"end":{"line":38,"column":30}},"31":{"start":{"line":39,"column":18},"end":{"line":39,"column":29}},"32":{"start":{"line":40,"column":4},"end":{"line":40,"column":33}},"33":{"start":{"line":41,"column":21},"end":{"line":41,"column":60}},"34":{"start":{"line":42,"column":4},"end":{"line":45,"column":6}},"35":{"start":{"line":47,"column":27},"end":{"line":54,"column":2}},"36":{"start":{"line":48,"column":20},"end":{"line":48,"column":30}},"37":{"start":{"line":49,"column":21},"end":{"line":49,"column":66}},"38":{"start":{"line":50,"column":4},"end":{"line":53,"column":6}},"39":{"start":{"line":55,"column":17},"end":{"line":79,"column":2}},"40":{"start":{"line":56,"column":60},"end":{"line":56,"column":69}},"41":{"start":{"line":57,"column":20},"end":{"line":57,"column":22}},"42":{"start":{"line":58,"column":4},"end":{"line":58,"column":33}},"43":{"start":{"line":59,"column":17},"end":{"line":59,"column":40}},"44":{"start":{"line":60,"column":4},"end":{"line":60,"column":53}},"45":{"start":{"line":61,"column":4},"end":{"line":61,"column":41}},"46":{"start":{"line":62,"column":4},"end":{"line":62,"column":54}},"47":{"start":{"line":62,"column":15},"end":{"line":62,"column":54}},"48":{"start":{"line":63,"column":4},"end":{"line":64,"column":48}},"49":{"start":{"line":63,"column":15},"end":{"line":63,"column":38}},"50":{"start":{"line":64,"column":9},"end":{"line":64,"column":48}},"51":{"start":{"line":66,"column":21},"end":{"line":74,"column":6}},"52":{"start":{"line":75,"column":4},"end":{"line":78,"column":6}},"53":{"start":{"line":80,"column":24},"end":{"line":115,"column":2}},"54":{"start":{"line":81,"column":84},"end":{"line":81,"column":93}},"55":{"start":{"line":82,"column":20},"end":{"line":82,"column":22}},"56":{"start":{"line":83,"column":17},"end":{"line":83,"column":40}},"57":{"start":{"line":84,"column":4},"end":{"line":84,"column":53}},"58":{"start":{"line":85,"column":4},"end":{"line":85,"column":41}},"59":{"start":{"line":86,"column":4},"end":{"line":86,"column":54}},"60":{"start":{"line":86,"column":15},"end":{"line":86,"column":54}},"61":{"start":{"line":87,"column":4},"end":{"line":88,"column":48}},"62":{"start":{"line":87,"column":15},"end":{"line":87,"column":38}},"63":{"start":{"line":88,"column":9},"end":{"line":88,"column":48}},"64":{"start":{"line":89,"column":4},"end":{"line":89,"column":82}},"65":{"start":{"line":89,"column":15},"end":{"line":89,"column":82}},"66":{"start":{"line":89,"column":76},"end":{"line":89,"column":79}},"67":{"start":{"line":90,"column":4},"end":{"line":90,"column":91}},"68":{"start":{"line":90,"column":18},"end":{"line":90,"column":91}},"69":{"start":{"line":90,"column":85},"end":{"line":90,"column":88}},"70":{"start":{"line":91,"column":4},"end":{"line":91,"column":79}},"71":{"start":{"line":91,"column":14},"end":{"line":91,"column":79}},"72":{"start":{"line":91,"column":73},"end":{"line":91,"column":76}},"73":{"start":{"line":92,"column":4},"end":{"line":100,"column":5}},"74":{"start":{"line":93,"column":8},"end":{"line":99,"column":9}},"75":{"start":{"line":102,"column":21},"end":{"line":110,"column":6}},"76":{"start":{"line":111,"column":4},"end":{"line":114,"column":6}},"77":{"start":{"line":116,"column":16},"end":{"line":128,"column":2}},"78":{"start":{"line":117,"column":21},"end":{"line":123,"column":6}},"79":{"start":{"line":124,"column":4},"end":{"line":127,"column":6}},"80":{"start":{"line":129,"column":16},"end":{"line":170,"column":2}},"81":{"start":{"line":130,"column":20},"end":{"line":130,"column":28}},"82":{"start":{"line":131,"column":27},"end":{"line":131,"column":35}},"83":{"start":{"line":132,"column":4},"end":{"line":137,"column":5}},"84":{"start":{"line":133,"column":8},"end":{"line":136,"column":10}},"85":{"start":{"line":138,"column":24},"end":{"line":138,"column":70}},"86":{"start":{"line":140,"column":4},"end":{"line":166,"column":5}},"87":{"start":{"line":141,"column":25},"end":{"line":141,"column":80}},"88":{"start":{"line":142,"column":21},"end":{"line":142,"column":73}},"89":{"start":{"line":143,"column":8},"end":{"line":148,"column":9}},"90":{"start":{"line":144,"column":12},"end":{"line":144,"column":73}},"91":{"start":{"line":146,"column":25},"end":{"line":146,"column":69}},"92":{"start":{"line":146,"column":51},"end":{"line":146,"column":65}},"93":{"start":{"line":147,"column":12},"end":{"line":147,"column":99}},"94":{"start":{"line":149,"column":8},"end":{"line":152,"column":10}},"95":{"start":{"line":154,"column":25},"end":{"line":154,"column":67}},"96":{"start":{"line":155,"column":21},"end":{"line":155,"column":73}},"97":{"start":{"line":156,"column":8},"end":{"line":161,"column":9}},"98":{"start":{"line":157,"column":12},"end":{"line":157,"column":73}},"99":{"start":{"line":159,"column":25},"end":{"line":159,"column":69}},"100":{"start":{"line":159,"column":51},"end":{"line":159,"column":65}},"101":{"start":{"line":160,"column":12},"end":{"line":160,"column":99}},"102":{"start":{"line":162,"column":8},"end":{"line":165,"column":10}},"103":{"start":{"line":171,"column":20},"end":{"line":199,"column":2}},"104":{"start":{"line":172,"column":20},"end":{"line":172,"column":30}},"105":{"start":{"line":173,"column":21},"end":{"line":191,"column":6}},"106":{"start":{"line":192,"column":4},"end":{"line":194,"column":5}},"107":{"start":{"line":193,"column":8},"end":{"line":193,"column":52}},"108":{"start":{"line":195,"column":4},"end":{"line":198,"column":6}},"109":{"start":{"line":201,"column":21},"end":{"line":279,"column":2}},"110":{"start":{"line":205,"column":37},"end":{"line":205,"column":46}},"111":{"start":{"line":206,"column":22},"end":{"line":206,"column":33}},"112":{"start":{"line":207,"column":21},"end":{"line":207,"column":60}},"113":{"start":{"line":208,"column":18},"end":{"line":208,"column":70}},"114":{"start":{"line":209,"column":16},"end":{"line":209,"column":32}},"115":{"start":{"line":210,"column":14},"end":{"line":210,"column":16}},"116":{"start":{"line":211,"column":4},"end":{"line":216,"column":5}},"117":{"start":{"line":212,"column":8},"end":{"line":215,"column":108}},"118":{"start":{"line":213,"column":12},"end":{"line":213,"column":108}},"119":{"start":{"line":215,"column":12},"end":{"line":215,"column":108}},"120":{"start":{"line":217,"column":69},"end":{"line":272,"column":6}},"121":{"start":{"line":273,"column":4},"end":{"line":278,"column":6}},"122":{"start":{"line":281,"column":0},"end":{"line":292,"column":1}}},"fnMap":{"0":{"name":"(anonymous_0)","decl":{"start":{"line":8,"column":33},"end":{"line":8,"column":34}},"loc":{"start":{"line":8,"column":53},"end":{"line":23,"column":1}},"line":8},"1":{"name":"(anonymous_1)","decl":{"start":{"line":12,"column":47},"end":{"line":12,"column":48}},"loc":{"start":{"line":12,"column":53},"end":{"line":12,"column":60}},"line":12},"2":{"name":"(anonymous_2)","decl":{"start":{"line":24,"column":32},"end":{"line":24,"column":33}},"loc":{"start":{"line":24,"column":52},"end":{"line":36,"column":1}},"line":24},"3":{"name":"(anonymous_3)","decl":{"start":{"line":27,"column":51},"end":{"line":27,"column":52}},"loc":{"start":{"line":27,"column":57},"end":{"line":27,"column":64}},"line":27},"4":{"name":"(anonymous_4)","decl":{"start":{"line":37,"column":33},"end":{"line":37,"column":34}},"loc":{"start":{"line":37,"column":53},"end":{"line":46,"column":1}},"line":37},"5":{"name":"(anonymous_5)","decl":{"start":{"line":47,"column":40},"end":{"line":47,"column":41}},"loc":{"start":{"line":47,"column":60},"end":{"line":54,"column":1}},"line":47},"6":{"name":"(anonymous_6)","decl":{"start":{"line":55,"column":30},"end":{"line":55,"column":31}},"loc":{"start":{"line":55,"column":50},"end":{"line":79,"column":1}},"line":55},"7":{"name":"(anonymous_7)","decl":{"start":{"line":80,"column":37},"end":{"line":80,"column":38}},"loc":{"start":{"line":80,"column":57},"end":{"line":115,"column":1}},"line":80},"8":{"name":"(anonymous_8)","decl":{"start":{"line":89,"column":70},"end":{"line":89,"column":71}},"loc":{"start":{"line":89,"column":76},"end":{"line":89,"column":79}},"line":89},"9":{"name":"(anonymous_9)","decl":{"start":{"line":90,"column":79},"end":{"line":90,"column":80}},"loc":{"start":{"line":90,"column":85},"end":{"line":90,"column":88}},"line":90},"10":{"name":"(anonymous_10)","decl":{"start":{"line":91,"column":67},"end":{"line":91,"column":68}},"loc":{"start":{"line":91,"column":73},"end":{"line":91,"column":76}},"line":91},"11":{"name":"(anonymous_11)","decl":{"start":{"line":116,"column":29},"end":{"line":116,"column":30}},"loc":{"start":{"line":116,"column":49},"end":{"line":128,"column":1}},"line":116},"12":{"name":"(anonymous_12)","decl":{"start":{"line":129,"column":29},"end":{"line":129,"column":30}},"loc":{"start":{"line":129,"column":49},"end":{"line":170,"column":1}},"line":129},"13":{"name":"(anonymous_13)","decl":{"start":{"line":146,"column":38},"end":{"line":146,"column":39}},"loc":{"start":{"line":146,"column":51},"end":{"line":146,"column":65}},"line":146},"14":{"name":"(anonymous_14)","decl":{"start":{"line":159,"column":38},"end":{"line":159,"column":39}},"loc":{"start":{"line":159,"column":51},"end":{"line":159,"column":65}},"line":159},"15":{"name":"(anonymous_15)","decl":{"start":{"line":171,"column":33},"end":{"line":171,"column":34}},"loc":{"start":{"line":171,"column":53},"end":{"line":199,"column":1}},"line":171},"16":{"name":"(anonymous_16)","decl":{"start":{"line":201,"column":34},"end":{"line":201,"column":35}},"loc":{"start":{"line":201,"column":54},"end":{"line":279,"column":1}},"line":201}},"branchMap":{"0":{"loc":{"start":{"line":12,"column":4},"end":{"line":12,"column":61}},"type":"if","locations":[{"start":{"line":12,"column":4},"end":{"line":12,"column":61}},{"start":{},"end":{}}],"line":12},"1":{"loc":{"start":{"line":14,"column":4},"end":{"line":14,"column":62}},"type":"if","locations":[{"start":{"line":14,"column":4},"end":{"line":14,"column":62}},{"start":{},"end":{}}],"line":14},"2":{"loc":{"start":{"line":14,"column":8},"end":{"line":14,"column":27}},"type":"binary-expr","locations":[{"start":{"line":14,"column":8},"end":{"line":14,"column":14}},{"start":{"line":14,"column":18},"end":{"line":14,"column":27}}],"line":14},"3":{"loc":{"start":{"line":20,"column":17},"end":{"line":20,"column":43}},"type":"cond-expr","locations":[{"start":{"line":20,"column":31},"end":{"line":20,"column":35}},{"start":{"line":20,"column":38},"end":{"line":20,"column":43}}],"line":20},"4":{"loc":{"start":{"line":21,"column":13},"end":{"line":21,"column":94}},"type":"cond-expr","locations":[{"start":{"line":21,"column":27},"end":{"line":21,"column":52}},{"start":{"line":21,"column":55},"end":{"line":21,"column":94}}],"line":21},"5":{"loc":{"start":{"line":27,"column":4},"end":{"line":27,"column":65}},"type":"if","locations":[{"start":{"line":27,"column":4},"end":{"line":27,"column":65}},{"start":{},"end":{}}],"line":27},"6":{"loc":{"start":{"line":28,"column":4},"end":{"line":28,"column":64}},"type":"if","locations":[{"start":{"line":28,"column":4},"end":{"line":28,"column":64}},{"start":{},"end":{}}],"line":28},"7":{"loc":{"start":{"line":30,"column":4},"end":{"line":30,"column":47}},"type":"if","locations":[{"start":{"line":30,"column":4},"end":{"line":30,"column":47}},{"start":{},"end":{}}],"line":30},"8":{"loc":{"start":{"line":33,"column":17},"end":{"line":33,"column":47}},"type":"cond-expr","locations":[{"start":{"line":33,"column":35},"end":{"line":33,"column":39}},{"start":{"line":33,"column":42},"end":{"line":33,"column":47}}],"line":33},"9":{"loc":{"start":{"line":34,"column":21},"end":{"line":34,"column":71}},"type":"cond-expr","locations":[{"start":{"line":34,"column":39},"end":{"line":34,"column":48}},{"start":{"line":34,"column":51},"end":{"line":34,"column":71}}],"line":34},"10":{"loc":{"start":{"line":43,"column":17},"end":{"line":43,"column":44}},"type":"cond-expr","locations":[{"start":{"line":43,"column":32},"end":{"line":43,"column":36}},{"start":{"line":43,"column":39},"end":{"line":43,"column":44}}],"line":43},"11":{"loc":{"start":{"line":44,"column":21},"end":{"line":44,"column":68}},"type":"cond-expr","locations":[{"start":{"line":44,"column":36},"end":{"line":44,"column":45}},{"start":{"line":44,"column":48},"end":{"line":44,"column":68}}],"line":44},"12":{"loc":{"start":{"line":51,"column":17},"end":{"line":51,"column":44}},"type":"cond-expr","locations":[{"start":{"line":51,"column":32},"end":{"line":51,"column":36}},{"start":{"line":51,"column":39},"end":{"line":51,"column":44}}],"line":51},"13":{"loc":{"start":{"line":52,"column":21},"end":{"line":52,"column":68}},"type":"cond-expr","locations":[{"start":{"line":52,"column":36},"end":{"line":52,"column":45}},{"start":{"line":52,"column":48},"end":{"line":52,"column":68}}],"line":52},"14":{"loc":{"start":{"line":59,"column":17},"end":{"line":59,"column":40}},"type":"cond-expr","locations":[{"start":{"line":59,"column":25},"end":{"line":59,"column":26}},{"start":{"line":59,"column":30},"end":{"line":59,"column":39}}],"line":59},"15":{"loc":{"start":{"line":60,"column":20},"end":{"line":60,"column":53}},"type":"binary-expr","locations":[{"start":{"line":60,"column":20},"end":{"line":60,"column":26}},{"start":{"line":60,"column":30},"end":{"line":60,"column":53}}],"line":60},"16":{"loc":{"start":{"line":62,"column":4},"end":{"line":62,"column":54}},"type":"if","locations":[{"start":{"line":62,"column":4},"end":{"line":62,"column":54}},{"start":{},"end":{}}],"line":62},"17":{"loc":{"start":{"line":63,"column":4},"end":{"line":64,"column":48}},"type":"if","locations":[{"start":{"line":63,"column":4},"end":{"line":64,"column":48}},{"start":{"line":64,"column":9},"end":{"line":64,"column":48}}],"line":63},"18":{"loc":{"start":{"line":76,"column":17},"end":{"line":76,"column":40}},"type":"cond-expr","locations":[{"start":{"line":76,"column":28},"end":{"line":76,"column":32}},{"start":{"line":76,"column":35},"end":{"line":76,"column":40}}],"line":76},"19":{"loc":{"start":{"line":77,"column":15},"end":{"line":77,"column":54}},"type":"cond-expr","locations":[{"start":{"line":77,"column":26},"end":{"line":77,"column":34}},{"start":{"line":77,"column":37},"end":{"line":77,"column":54}}],"line":77},"20":{"loc":{"start":{"line":83,"column":17},"end":{"line":83,"column":40}},"type":"cond-expr","locations":[{"start":{"line":83,"column":25},"end":{"line":83,"column":26}},{"start":{"line":83,"column":30},"end":{"line":83,"column":39}}],"line":83},"21":{"loc":{"start":{"line":84,"column":20},"end":{"line":84,"column":53}},"type":"binary-expr","locations":[{"start":{"line":84,"column":20},"end":{"line":84,"column":26}},{"start":{"line":84,"column":30},"end":{"line":84,"column":53}}],"line":84},"22":{"loc":{"start":{"line":86,"column":4},"end":{"line":86,"column":54}},"type":"if","locations":[{"start":{"line":86,"column":4},"end":{"line":86,"column":54}},{"start":{},"end":{}}],"line":86},"23":{"loc":{"start":{"line":87,"column":4},"end":{"line":88,"column":48}},"type":"if","locations":[{"start":{"line":87,"column":4},"end":{"line":88,"column":48}},{"start":{"line":88,"column":9},"end":{"line":88,"column":48}}],"line":87},"24":{"loc":{"start":{"line":89,"column":4},"end":{"line":89,"column":82}},"type":"if","locations":[{"start":{"line":89,"column":4},"end":{"line":89,"column":82}},{"start":{},"end":{}}],"line":89},"25":{"loc":{"start":{"line":90,"column":4},"end":{"line":90,"column":91}},"type":"if","locations":[{"start":{"line":90,"column":4},"end":{"line":90,"column":91}},{"start":{},"end":{}}],"line":90},"26":{"loc":{"start":{"line":91,"column":4},"end":{"line":91,"column":79}},"type":"if","locations":[{"start":{"line":91,"column":4},"end":{"line":91,"column":79}},{"start":{},"end":{}}],"line":91},"27":{"loc":{"start":{"line":92,"column":4},"end":{"line":100,"column":5}},"type":"if","locations":[{"start":{"line":92,"column":4},"end":{"line":100,"column":5}},{"start":{},"end":{}}],"line":92},"28":{"loc":{"start":{"line":112,"column":17},"end":{"line":112,"column":40}},"type":"cond-expr","locations":[{"start":{"line":112,"column":28},"end":{"line":112,"column":32}},{"start":{"line":112,"column":35},"end":{"line":112,"column":40}}],"line":112},"29":{"loc":{"start":{"line":113,"column":15},"end":{"line":113,"column":54}},"type":"cond-expr","locations":[{"start":{"line":113,"column":26},"end":{"line":113,"column":34}},{"start":{"line":113,"column":37},"end":{"line":113,"column":54}}],"line":113},"30":{"loc":{"start":{"line":125,"column":17},"end":{"line":125,"column":40}},"type":"cond-expr","locations":[{"start":{"line":125,"column":28},"end":{"line":125,"column":32}},{"start":{"line":125,"column":35},"end":{"line":125,"column":40}}],"line":125},"31":{"loc":{"start":{"line":126,"column":14},"end":{"line":126,"column":53}},"type":"cond-expr","locations":[{"start":{"line":126,"column":25},"end":{"line":126,"column":33}},{"start":{"line":126,"column":36},"end":{"line":126,"column":53}}],"line":126},"32":{"loc":{"start":{"line":132,"column":4},"end":{"line":137,"column":5}},"type":"if","locations":[{"start":{"line":132,"column":4},"end":{"line":137,"column":5}},{"start":{},"end":{}}],"line":132},"33":{"loc":{"start":{"line":132,"column":8},"end":{"line":132,"column":30}},"type":"binary-expr","locations":[{"start":{"line":132,"column":8},"end":{"line":132,"column":12}},{"start":{"line":132,"column":16},"end":{"line":132,"column":20}},{"start":{"line":132,"column":24},"end":{"line":132,"column":30}}],"line":132},"34":{"loc":{"start":{"line":140,"column":4},"end":{"line":166,"column":5}},"type":"if","locations":[{"start":{"line":140,"column":4},"end":{"line":166,"column":5}},{"start":{"line":153,"column":11},"end":{"line":166,"column":5}}],"line":140},"35":{"loc":{"start":{"line":143,"column":8},"end":{"line":148,"column":9}},"type":"if","locations":[{"start":{"line":143,"column":8},"end":{"line":148,"column":9}},{"start":{"line":145,"column":15},"end":{"line":148,"column":9}}],"line":143},"36":{"loc":{"start":{"line":150,"column":21},"end":{"line":150,"column":44}},"type":"cond-expr","locations":[{"start":{"line":150,"column":32},"end":{"line":150,"column":36}},{"start":{"line":150,"column":39},"end":{"line":150,"column":44}}],"line":150},"37":{"loc":{"start":{"line":151,"column":18},"end":{"line":151,"column":56}},"type":"cond-expr","locations":[{"start":{"line":151,"column":29},"end":{"line":151,"column":37}},{"start":{"line":151,"column":40},"end":{"line":151,"column":56}}],"line":151},"38":{"loc":{"start":{"line":156,"column":8},"end":{"line":161,"column":9}},"type":"if","locations":[{"start":{"line":156,"column":8},"end":{"line":161,"column":9}},{"start":{"line":158,"column":15},"end":{"line":161,"column":9}}],"line":156},"39":{"loc":{"start":{"line":163,"column":21},"end":{"line":163,"column":44}},"type":"cond-expr","locations":[{"start":{"line":163,"column":32},"end":{"line":163,"column":36}},{"start":{"line":163,"column":39},"end":{"line":163,"column":44}}],"line":163},"40":{"loc":{"start":{"line":164,"column":18},"end":{"line":164,"column":56}},"type":"cond-expr","locations":[{"start":{"line":164,"column":29},"end":{"line":164,"column":37}},{"start":{"line":164,"column":40},"end":{"line":164,"column":56}}],"line":164},"41":{"loc":{"start":{"line":192,"column":4},"end":{"line":194,"column":5}},"type":"if","locations":[{"start":{"line":192,"column":4},"end":{"line":194,"column":5}},{"start":{},"end":{}}],"line":192},"42":{"loc":{"start":{"line":196,"column":17},"end":{"line":196,"column":40}},"type":"cond-expr","locations":[{"start":{"line":196,"column":28},"end":{"line":196,"column":32}},{"start":{"line":196,"column":35},"end":{"line":196,"column":40}}],"line":196},"43":{"loc":{"start":{"line":197,"column":14},"end":{"line":197,"column":53}},"type":"cond-expr","locations":[{"start":{"line":197,"column":25},"end":{"line":197,"column":33}},{"start":{"line":197,"column":36},"end":{"line":197,"column":53}}],"line":197},"44":{"loc":{"start":{"line":206,"column":22},"end":{"line":206,"column":33}},"type":"binary-expr","locations":[{"start":{"line":206,"column":22},"end":{"line":206,"column":26}},{"start":{"line":206,"column":30},"end":{"line":206,"column":33}}],"line":206},"45":{"loc":{"start":{"line":207,"column":21},"end":{"line":207,"column":60}},"type":"cond-expr","locations":[{"start":{"line":207,"column":40},"end":{"line":207,"column":47}},{"start":{"line":207,"column":50},"end":{"line":207,"column":60}}],"line":207},"46":{"loc":{"start":{"line":208,"column":18},"end":{"line":208,"column":70}},"type":"binary-expr","locations":[{"start":{"line":208,"column":18},"end":{"line":208,"column":22}},{"start":{"line":208,"column":26},"end":{"line":208,"column":70}}],"line":208},"47":{"loc":{"start":{"line":209,"column":16},"end":{"line":209,"column":32}},"type":"binary-expr","locations":[{"start":{"line":209,"column":16},"end":{"line":209,"column":18}},{"start":{"line":209,"column":22},"end":{"line":209,"column":32}}],"line":209},"48":{"loc":{"start":{"line":211,"column":4},"end":{"line":216,"column":5}},"type":"if","locations":[{"start":{"line":211,"column":4},"end":{"line":216,"column":5}},{"start":{},"end":{}}],"line":211},"49":{"loc":{"start":{"line":211,"column":8},"end":{"line":211,"column":18}},"type":"binary-expr","locations":[{"start":{"line":211,"column":8},"end":{"line":211,"column":12}},{"start":{"line":211,"column":16},"end":{"line":211,"column":18}}],"line":211},"50":{"loc":{"start":{"line":212,"column":8},"end":{"line":215,"column":108}},"type":"if","locations":[{"start":{"line":212,"column":8},"end":{"line":215,"column":108}},{"start":{"line":215,"column":12},"end":{"line":215,"column":108}}],"line":212},"51":{"loc":{"start":{"line":274,"column":17},"end":{"line":274,"column":88}},"type":"cond-expr","locations":[{"start":{"line":274,"column":76},"end":{"line":274,"column":80}},{"start":{"line":274,"column":83},"end":{"line":274,"column":88}}],"line":274},"52":{"loc":{"start":{"line":275,"column":19},"end":{"line":277,"column":32}},"type":"cond-expr","locations":[{"start":{"line":276,"column":14},"end":{"line":276,"column":90}},{"start":{"line":277,"column":14},"end":{"line":277,"column":32}}],"line":275}},"s":{"0":2,"1":2,"2":2,"3":2,"4":2,"5":2,"6":2,"7":2,"8":2,"9":2,"10":1,"11":1,"12":2,"13":1,"14":1,"15":0,"16":2,"17":1,"18":1,"19":1,"20":0,"21":0,"22":1,"23":0,"24":1,"25":1,"26":1,"27":0,"28":0,"29":2,"30":2,"31":2,"32":2,"33":0,"34":0,"35":2,"36":0,"37":0,"38":0,"39":2,"40":1,"41":1,"42":1,"43":0,"44":0,"45":0,"46":0,"47":0,"48":0,"49":0,"50":0,"51":0,"52":0,"53":2,"54":0,"55":0,"56":0,"57":0,"58":0,"59":0,"60":0,"61":0,"62":0,"63":0,"64":0,"65":0,"66":0,"67":0,"68":0,"69":0,"70":0,"71":0,"72":0,"73":0,"74":0,"75":0,"76":0,"77":2,"78":2,"79":2,"80":2,"81":0,"82":0,"83":0,"84":0,"85":0,"86":0,"87":0,"88":0,"89":0,"90":0,"91":0,"92":0,"93":0,"94":0,"95":0,"96":0,"97":0,"98":0,"99":0,"100":0,"101":0,"102":0,"103":2,"104":2,"105":2,"106":2,"107":1,"108":1,"109":2,"110":0,"111":0,"112":0,"113":0,"114":0,"115":0,"116":0,"117":0,"118":0,"119":0,"120":0,"121":0,"122":2},"f":{"0":2,"1":1,"2":1,"3":0,"4":2,"5":0,"6":1,"7":0,"8":0,"9":0,"10":0,"11":2,"12":0,"13":0,"14":0,"15":2,"16":0},"b":{"0":[1,1],"1":[1,1],"2":[2,1],"3":[0,0],"4":[0,0],"5":[0,1],"6":[0,1],"7":[1,0],"8":[0,0],"9":[0,0],"10":[0,0],"11":[0,0],"12":[0,0],"13":[0,0],"14":[0,0],"15":[0,0],"16":[0,0],"17":[0,0],"18":[0,0],"19":[0,0],"20":[0,0],"21":[0,0],"22":[0,0],"23":[0,0],"24":[0,0],"25":[0,0],"26":[0,0],"27":[0,0],"28":[0,0],"29":[0,0],"30":[1,1],"31":[1,1],"32":[0,0],"33":[0,0,0],"34":[0,0],"35":[0,0],"36":[0,0],"37":[0,0],"38":[0,0],"39":[0,0],"40":[0,0],"41":[1,1],"42":[0,1],"43":[0,1],"44":[0,0],"45":[0,0],"46":[0,0],"47":[0,0],"48":[0,0],"49":[0,0],"50":[0,0],"51":[0,0],"52":[0,0]},"_coverageSchema":"1a1c01bbd47fc00a2c39e90264f33305004495a9","hash":"5a46d76b1a3f8b9aefc739662989914489af26d5"}
,"D:\\Lập trình\\Phongtro\\New_code\\phongtro-ext\\server\\controllers\\sendmail.js": {"path":"D:\\Lập trình\\Phongtro\\New_code\\phongtro-ext\\server\\controllers\\sendmail.js","statementMap":{"0":{"start":{"line":1,"column":19},"end":{"line":1,"column":40}},"1":{"start":{"line":3,"column":17},"end":{"line":23,"column":1}},"2":{"start":{"line":4,"column":22},"end":{"line":12,"column":6}},"3":{"start":{"line":15,"column":15},"end":{"line":20,"column":6}},"4":{"start":{"line":22,"column":4},"end":{"line":22,"column":15}},"5":{"start":{"line":25,"column":0},"end":{"line":25,"column":25}}},"fnMap":{"0":{"name":"(anonymous_0)","decl":{"start":{"line":3,"column":17},"end":{"line":3,"column":18}},"loc":{"start":{"line":3,"column":53},"end":{"line":23,"column":1}},"line":3}},"branchMap":{},"s":{"0":1,"1":1,"2":0,"3":0,"4":0,"5":1},"f":{"0":0},"b":{},"_coverageSchema":"1a1c01bbd47fc00a2c39e90264f33305004495a9","hash":"b82a497a565b6361c7e90daddd5e2f39235d7485"}
,"D:\\Lập trình\\Phongtro\\New_code\\phongtro-ext\\server\\controllers\\user.js": {"path":"D:\\Lập trình\\Phongtro\\New_code\\phongtro-ext\\server\\controllers\\user.js","statementMap":{"0":{"start":{"line":1,"column":11},"end":{"line":1,"column":31}},"1":{"start":{"line":2,"column":21},"end":{"line":2,"column":53}},"2":{"start":{"line":3,"column":15},"end":{"line":3,"column":32}},"3":{"start":{"line":4,"column":33},"end":{"line":4,"column":62}},"4":{"start":{"line":5,"column":15},"end":{"line":5,"column":34}},"5":{"start":{"line":6,"column":18},"end":{"line":6,"column":38}},"6":{"start":{"line":7,"column":15},"end":{"line":7,"column":32}},"7":{"start":{"line":8,"column":17},"end":{"line":8,"column":38}},"8":{"start":{"line":9,"column":15},"end":{"line":9,"column":35}},"9":{"start":{"line":31,"column":17},"end":{"line":54,"column":2}},"10":{"start":{"line":32,"column":17},"end":{"line":32,"column":76}},"11":{"start":{"line":33,"column":18},"end":{"line":33,"column":26}},"12":{"start":{"line":34,"column":4},"end":{"line":41,"column":5}},"13":{"start":{"line":35,"column":8},"end":{"line":40,"column":10}},"14":{"start":{"line":42,"column":4},"end":{"line":49,"column":5}},"15":{"start":{"line":43,"column":24},"end":{"line":43,"column":48}},"16":{"start":{"line":44,"column":21},"end":{"line":44,"column":242}},"17":{"start":{"line":45,"column":8},"end":{"line":45,"column":64}},"18":{"start":{"line":46,"column":8},"end":{"line":48,"column":19}},"19":{"start":{"line":47,"column":12},"end":{"line":47,"column":59}},"20":{"start":{"line":50,"column":4},"end":{"line":53,"column":6}},"21":{"start":{"line":55,"column":22},"end":{"line":70,"column":2}},"22":{"start":{"line":56,"column":29},"end":{"line":56,"column":39}},"23":{"start":{"line":57,"column":21},"end":{"line":57,"column":79}},"24":{"start":{"line":58,"column":4},"end":{"line":69,"column":5}},"25":{"start":{"line":59,"column":23},"end":{"line":59,"column":94}},"26":{"start":{"line":60,"column":8},"end":{"line":65,"column":9}},"27":{"start":{"line":61,"column":12},"end":{"line":61,"column":82}},"28":{"start":{"line":63,"column":12},"end":{"line":63,"column":59}},"29":{"start":{"line":64,"column":12},"end":{"line":64,"column":82}},"30":{"start":{"line":67,"column":8},"end":{"line":67,"column":55}},"31":{"start":{"line":68,"column":8},"end":{"line":68,"column":78}},"32":{"start":{"line":71,"column":14},"end":{"line":85,"column":2}},"33":{"start":{"line":72,"column":32},"end":{"line":72,"column":40}},"34":{"start":{"line":73,"column":4},"end":{"line":73,"column":62}},"35":{"start":{"line":73,"column":29},"end":{"line":73,"column":62}},"36":{"start":{"line":74,"column":21},"end":{"line":76,"column":6}},"37":{"start":{"line":77,"column":30},"end":{"line":77,"column":85}},"38":{"start":{"line":78,"column":18},"end":{"line":78,"column":87}},"39":{"start":{"line":79,"column":15},"end":{"line":82,"column":5}},"40":{"start":{"line":83,"column":4},"end":{"line":83,"column":37}},"41":{"start":{"line":83,"column":15},"end":{"line":83,"column":37}},"42":{"start":{"line":84,"column":4},"end":{"line":84,"column":23}},"43":{"start":{"line":86,"column":18},"end":{"line":88,"column":2}},"44":{"start":{"line":87,"column":4},"end":{"line":87,"column":38}},"45":{"start":{"line":89,"column":17},"end":{"line":122,"column":2}},"46":{"start":{"line":90,"column":60},"end":{"line":90,"column":69}},"47":{"start":{"line":91,"column":20},"end":{"line":91,"column":22}},"48":{"start":{"line":92,"column":17},"end":{"line":92,"column":40}},"49":{"start":{"line":93,"column":4},"end":{"line":93,"column":53}},"50":{"start":{"line":94,"column":4},"end":{"line":94,"column":41}},"51":{"start":{"line":95,"column":4},"end":{"line":95,"column":51}},"52":{"start":{"line":95,"column":14},"end":{"line":95,"column":51}},"53":{"start":{"line":96,"column":4},"end":{"line":96,"column":38}},"54":{"start":{"line":96,"column":15},"end":{"line":96,"column":38}},"55":{"start":{"line":97,"column":4},"end":{"line":104,"column":5}},"56":{"start":{"line":98,"column":8},"end":{"line":103,"column":9}},"57":{"start":{"line":106,"column":21},"end":{"line":117,"column":6}},"58":{"start":{"line":118,"column":4},"end":{"line":121,"column":6}},"59":{"start":{"line":123,"column":19},"end":{"line":138,"column":2}},"60":{"start":{"line":124,"column":20},"end":{"line":124,"column":28}},"61":{"start":{"line":125,"column":21},"end":{"line":133,"column":6}},"62":{"start":{"line":134,"column":4},"end":{"line":137,"column":6}},"63":{"start":{"line":139,"column":22},"end":{"line":156,"column":2}},"64":{"start":{"line":140,"column":20},"end":{"line":140,"column":28}},"65":{"start":{"line":141,"column":4},"end":{"line":141,"column":48}},"66":{"start":{"line":141,"column":18},"end":{"line":141,"column":48}},"67":{"start":{"line":142,"column":4},"end":{"line":150,"column":5}},"68":{"start":{"line":143,"column":21},"end":{"line":143,"column":80}},"69":{"start":{"line":144,"column":8},"end":{"line":149,"column":9}},"70":{"start":{"line":145,"column":12},"end":{"line":148,"column":14}},"71":{"start":{"line":151,"column":21},"end":{"line":151,"column":75}},"72":{"start":{"line":152,"column":4},"end":{"line":155,"column":6}},"73":{"start":{"line":157,"column":17},"end":{"line":163,"column":2}},"74":{"start":{"line":158,"column":21},"end":{"line":158,"column":44}},"75":{"start":{"line":159,"column":4},"end":{"line":162,"column":6}},"76":{"start":{"line":164,"column":26},"end":{"line":180,"column":2}},"77":{"start":{"line":165,"column":20},"end":{"line":165,"column":30}},"78":{"start":{"line":166,"column":4},"end":{"line":174,"column":5}},"79":{"start":{"line":167,"column":21},"end":{"line":167,"column":80}},"80":{"start":{"line":168,"column":8},"end":{"line":173,"column":9}},"81":{"start":{"line":169,"column":12},"end":{"line":172,"column":14}},"82":{"start":{"line":175,"column":21},"end":{"line":175,"column":75}},"83":{"start":{"line":176,"column":4},"end":{"line":179,"column":6}},"84":{"start":{"line":182,"column":19},"end":{"line":189,"column":2}},"85":{"start":{"line":183,"column":20},"end":{"line":183,"column":30}},"86":{"start":{"line":184,"column":21},"end":{"line":184,"column":66}},"87":{"start":{"line":185,"column":4},"end":{"line":188,"column":6}},"88":{"start":{"line":190,"column":23},"end":{"line":224,"column":1}},"89":{"start":{"line":191,"column":4},"end":{"line":223,"column":5}},"90":{"start":{"line":192,"column":8},"end":{"line":195,"column":10}},"91":{"start":{"line":192,"column":42},"end":{"line":195,"column":10}},"92":{"start":{"line":196,"column":19},"end":{"line":196,"column":78}},"93":{"start":{"line":197,"column":8},"end":{"line":217,"column":9}},"94":{"start":{"line":198,"column":26},"end":{"line":198,"column":64}},"95":{"start":{"line":199,"column":28},"end":{"line":199,"column":44}},"96":{"start":{"line":200,"column":25},"end":{"line":200,"column":210}},"97":{"start":{"line":201,"column":28},"end":{"line":206,"column":14}},"98":{"start":{"line":207,"column":12},"end":{"line":207,"column":68}},"99":{"start":{"line":208,"column":12},"end":{"line":211,"column":14}},"100":{"start":{"line":213,"column":12},"end":{"line":216,"column":14}},"101":{"start":{"line":219,"column":8},"end":{"line":222,"column":10}},"102":{"start":{"line":225,"column":22},"end":{"line":258,"column":1}},"103":{"start":{"line":226,"column":4},"end":{"line":257,"column":5}},"104":{"start":{"line":227,"column":36},"end":{"line":227,"column":44}},"105":{"start":{"line":228,"column":8},"end":{"line":231,"column":10}},"106":{"start":{"line":228,"column":33},"end":{"line":231,"column":10}},"107":{"start":{"line":232,"column":19},"end":{"line":232,"column":72}},"108":{"start":{"line":233,"column":8},"end":{"line":251,"column":9}},"109":{"start":{"line":234,"column":28},"end":{"line":241,"column":13}},"110":{"start":{"line":242,"column":12},"end":{"line":245,"column":14}},"111":{"start":{"line":247,"column":12},"end":{"line":250,"column":14}},"112":{"start":{"line":253,"column":8},"end":{"line":256,"column":10}},"113":{"start":{"line":259,"column":0},"end":{"line":272,"column":1}}},"fnMap":{"0":{"name":"(anonymous_0)","decl":{"start":{"line":31,"column":30},"end":{"line":31,"column":31}},"loc":{"start":{"line":31,"column":50},"end":{"line":54,"column":1}},"line":31},"1":{"name":"(anonymous_1)","decl":{"start":{"line":46,"column":19},"end":{"line":46,"column":20}},"loc":{"start":{"line":46,"column":31},"end":{"line":48,"column":9}},"line":46},"2":{"name":"(anonymous_2)","decl":{"start":{"line":55,"column":35},"end":{"line":55,"column":36}},"loc":{"start":{"line":55,"column":55},"end":{"line":70,"column":1}},"line":55},"3":{"name":"(anonymous_3)","decl":{"start":{"line":71,"column":27},"end":{"line":71,"column":28}},"loc":{"start":{"line":71,"column":47},"end":{"line":85,"column":1}},"line":71},"4":{"name":"(anonymous_4)","decl":{"start":{"line":86,"column":31},"end":{"line":86,"column":32}},"loc":{"start":{"line":86,"column":45},"end":{"line":88,"column":1}},"line":86},"5":{"name":"(anonymous_5)","decl":{"start":{"line":89,"column":30},"end":{"line":89,"column":31}},"loc":{"start":{"line":89,"column":50},"end":{"line":122,"column":1}},"line":89},"6":{"name":"(anonymous_6)","decl":{"start":{"line":123,"column":32},"end":{"line":123,"column":33}},"loc":{"start":{"line":123,"column":52},"end":{"line":138,"column":1}},"line":123},"7":{"name":"(anonymous_7)","decl":{"start":{"line":139,"column":35},"end":{"line":139,"column":36}},"loc":{"start":{"line":139,"column":55},"end":{"line":156,"column":1}},"line":139},"8":{"name":"(anonymous_8)","decl":{"start":{"line":157,"column":30},"end":{"line":157,"column":31}},"loc":{"start":{"line":157,"column":50},"end":{"line":163,"column":1}},"line":157},"9":{"name":"(anonymous_9)","decl":{"start":{"line":164,"column":39},"end":{"line":164,"column":40}},"loc":{"start":{"line":164,"column":59},"end":{"line":180,"column":1}},"line":164},"10":{"name":"(anonymous_10)","decl":{"start":{"line":182,"column":32},"end":{"line":182,"column":33}},"loc":{"start":{"line":182,"column":52},"end":{"line":189,"column":1}},"line":182},"11":{"name":"(anonymous_11)","decl":{"start":{"line":190,"column":23},"end":{"line":190,"column":24}},"loc":{"start":{"line":190,"column":43},"end":{"line":224,"column":1}},"line":190},"12":{"name":"(anonymous_12)","decl":{"start":{"line":225,"column":22},"end":{"line":225,"column":23}},"loc":{"start":{"line":225,"column":42},"end":{"line":258,"column":1}},"line":225}},"branchMap":{"0":{"loc":{"start":{"line":34,"column":4},"end":{"line":41,"column":5}},"type":"if","locations":[{"start":{"line":34,"column":4},"end":{"line":41,"column":5}},{"start":{},"end":{}}],"line":34},"1":{"loc":{"start":{"line":42,"column":4},"end":{"line":49,"column":5}},"type":"if","locations":[{"start":{"line":42,"column":4},"end":{"line":49,"column":5}},{"start":{},"end":{}}],"line":42},"2":{"loc":{"start":{"line":51,"column":17},"end":{"line":51,"column":37}},"type":"cond-expr","locations":[{"start":{"line":51,"column":25},"end":{"line":51,"column":29}},{"start":{"line":51,"column":32},"end":{"line":51,"column":37}}],"line":51},"3":{"loc":{"start":{"line":52,"column":13},"end":{"line":52,"column":85}},"type":"cond-expr","locations":[{"start":{"line":52,"column":20},"end":{"line":52,"column":43}},{"start":{"line":52,"column":46},"end":{"line":52,"column":85}}],"line":52},"4":{"loc":{"start":{"line":58,"column":4},"end":{"line":69,"column":5}},"type":"if","locations":[{"start":{"line":58,"column":4},"end":{"line":69,"column":5}},{"start":{"line":66,"column":11},"end":{"line":69,"column":5}}],"line":58},"5":{"loc":{"start":{"line":60,"column":8},"end":{"line":65,"column":9}},"type":"if","locations":[{"start":{"line":60,"column":8},"end":{"line":65,"column":9}},{"start":{"line":62,"column":13},"end":{"line":65,"column":9}}],"line":60},"6":{"loc":{"start":{"line":73,"column":4},"end":{"line":73,"column":62}},"type":"if","locations":[{"start":{"line":73,"column":4},"end":{"line":73,"column":62}},{"start":{},"end":{}}],"line":73},"7":{"loc":{"start":{"line":73,"column":8},"end":{"line":73,"column":27}},"type":"binary-expr","locations":[{"start":{"line":73,"column":8},"end":{"line":73,"column":14}},{"start":{"line":73,"column":18},"end":{"line":73,"column":27}}],"line":73},"8":{"loc":{"start":{"line":77,"column":30},"end":{"line":77,"column":85}},"type":"binary-expr","locations":[{"start":{"line":77,"column":30},"end":{"line":77,"column":38}},{"start":{"line":77,"column":42},"end":{"line":77,"column":85}}],"line":77},"9":{"loc":{"start":{"line":78,"column":18},"end":{"line":78,"column":87}},"type":"binary-expr","locations":[{"start":{"line":78,"column":18},"end":{"line":78,"column":35}},{"start":{"line":78,"column":39},"end":{"line":78,"column":87}}],"line":78},"10":{"loc":{"start":{"line":80,"column":17},"end":{"line":80,"column":37}},"type":"cond-expr","locations":[{"start":{"line":80,"column":25},"end":{"line":80,"column":29}},{"start":{"line":80,"column":32},"end":{"line":80,"column":37}}],"line":80},"11":{"loc":{"start":{"line":81,"column":13},"end":{"line":81,"column":102}},"type":"cond-expr","locations":[{"start":{"line":81,"column":21},"end":{"line":81,"column":44}},{"start":{"line":81,"column":47},"end":{"line":81,"column":102}}],"line":81},"12":{"loc":{"start":{"line":81,"column":47},"end":{"line":81,"column":102}},"type":"cond-expr","locations":[{"start":{"line":81,"column":58},"end":{"line":81,"column":73}},{"start":{"line":81,"column":76},"end":{"line":81,"column":102}}],"line":81},"13":{"loc":{"start":{"line":83,"column":4},"end":{"line":83,"column":37}},"type":"if","locations":[{"start":{"line":83,"column":4},"end":{"line":83,"column":37}},{"start":{},"end":{}}],"line":83},"14":{"loc":{"start":{"line":92,"column":17},"end":{"line":92,"column":40}},"type":"cond-expr","locations":[{"start":{"line":92,"column":25},"end":{"line":92,"column":26}},{"start":{"line":92,"column":30},"end":{"line":92,"column":39}}],"line":92},"15":{"loc":{"start":{"line":93,"column":20},"end":{"line":93,"column":53}},"type":"binary-expr","locations":[{"start":{"line":93,"column":20},"end":{"line":93,"column":26}},{"start":{"line":93,"column":30},"end":{"line":93,"column":53}}],"line":93},"16":{"loc":{"start":{"line":95,"column":4},"end":{"line":95,"column":51}},"type":"if","locations":[{"start":{"line":95,"column":4},"end":{"line":95,"column":51}},{"start":{},"end":{}}],"line":95},"17":{"loc":{"start":{"line":96,"column":4},"end":{"line":96,"column":38}},"type":"if","locations":[{"start":{"line":96,"column":4},"end":{"line":96,"column":38}},{"start":{},"end":{}}],"line":96},"18":{"loc":{"start":{"line":97,"column":4},"end":{"line":104,"column":5}},"type":"if","locations":[{"start":{"line":97,"column":4},"end":{"line":104,"column":5}},{"start":{},"end":{}}],"line":97},"19":{"loc":{"start":{"line":119,"column":17},"end":{"line":119,"column":40}},"type":"cond-expr","locations":[{"start":{"line":119,"column":28},"end":{"line":119,"column":32}},{"start":{"line":119,"column":35},"end":{"line":119,"column":40}}],"line":119},"20":{"loc":{"start":{"line":120,"column":15},"end":{"line":120,"column":55}},"type":"cond-expr","locations":[{"start":{"line":120,"column":26},"end":{"line":120,"column":34}},{"start":{"line":120,"column":37},"end":{"line":120,"column":55}}],"line":120},"21":{"loc":{"start":{"line":135,"column":17},"end":{"line":135,"column":40}},"type":"cond-expr","locations":[{"start":{"line":135,"column":28},"end":{"line":135,"column":32}},{"start":{"line":135,"column":35},"end":{"line":135,"column":40}}],"line":135},"22":{"loc":{"start":{"line":136,"column":14},"end":{"line":136,"column":54}},"type":"cond-expr","locations":[{"start":{"line":136,"column":25},"end":{"line":136,"column":33}},{"start":{"line":136,"column":36},"end":{"line":136,"column":54}}],"line":136},"23":{"loc":{"start":{"line":141,"column":4},"end":{"line":141,"column":48}},"type":"if","locations":[{"start":{"line":141,"column":4},"end":{"line":141,"column":48}},{"start":{},"end":{}}],"line":141},"24":{"loc":{"start":{"line":142,"column":4},"end":{"line":150,"column":5}},"type":"if","locations":[{"start":{"line":142,"column":4},"end":{"line":150,"column":5}},{"start":{},"end":{}}],"line":142},"25":{"loc":{"start":{"line":144,"column":8},"end":{"line":149,"column":9}},"type":"if","locations":[{"start":{"line":144,"column":8},"end":{"line":149,"column":9}},{"start":{},"end":{}}],"line":144},"26":{"loc":{"start":{"line":144,"column":12},"end":{"line":144,"column":35}},"type":"binary-expr","locations":[{"start":{"line":144,"column":12},"end":{"line":144,"column":16}},{"start":{"line":144,"column":20},"end":{"line":144,"column":35}}],"line":144},"27":{"loc":{"start":{"line":153,"column":17},"end":{"line":153,"column":47}},"type":"cond-expr","locations":[{"start":{"line":153,"column":35},"end":{"line":153,"column":39}},{"start":{"line":153,"column":42},"end":{"line":153,"column":47}}],"line":153},"28":{"loc":{"start":{"line":154,"column":14},"end":{"line":154,"column":77}},"type":"cond-expr","locations":[{"start":{"line":154,"column":32},"end":{"line":154,"column":53}},{"start":{"line":154,"column":56},"end":{"line":154,"column":77}}],"line":154},"29":{"loc":{"start":{"line":160,"column":17},"end":{"line":160,"column":40}},"type":"cond-expr","locations":[{"start":{"line":160,"column":28},"end":{"line":160,"column":32}},{"start":{"line":160,"column":35},"end":{"line":160,"column":40}}],"line":160},"30":{"loc":{"start":{"line":161,"column":15},"end":{"line":161,"column":55}},"type":"cond-expr","locations":[{"start":{"line":161,"column":26},"end":{"line":161,"column":34}},{"start":{"line":161,"column":37},"end":{"line":161,"column":55}}],"line":161},"31":{"loc":{"start":{"line":166,"column":4},"end":{"line":174,"column":5}},"type":"if","locations":[{"start":{"line":166,"column":4},"end":{"line":174,"column":5}},{"start":{},"end":{}}],"line":166},"32":{"loc":{"start":{"line":168,"column":8},"end":{"line":173,"column":9}},"type":"if","locations":[{"start":{"line":168,"column":8},"end":{"line":173,"column":9}},{"start":{},"end":{}}],"line":168},"33":{"loc":{"start":{"line":168,"column":12},"end":{"line":168,"column":35}},"type":"binary-expr","locations":[{"start":{"line":168,"column":12},"end":{"line":168,"column":16}},{"start":{"line":168,"column":20},"end":{"line":168,"column":35}}],"line":168},"34":{"loc":{"start":{"line":177,"column":17},"end":{"line":177,"column":47}},"type":"cond-expr","locations":[{"start":{"line":177,"column":35},"end":{"line":177,"column":39}},{"start":{"line":177,"column":42},"end":{"line":177,"column":47}}],"line":177},"35":{"loc":{"start":{"line":178,"column":14},"end":{"line":178,"column":65}},"type":"cond-expr","locations":[{"start":{"line":178,"column":32},"end":{"line":178,"column":41}},{"start":{"line":178,"column":44},"end":{"line":178,"column":65}}],"line":178},"36":{"loc":{"start":{"line":186,"column":17},"end":{"line":186,"column":40}},"type":"cond-expr","locations":[{"start":{"line":186,"column":28},"end":{"line":186,"column":32}},{"start":{"line":186,"column":35},"end":{"line":186,"column":40}}],"line":186},"37":{"loc":{"start":{"line":187,"column":13},"end":{"line":187,"column":69}},"type":"cond-expr","locations":[{"start":{"line":187,"column":24},"end":{"line":187,"column":45}},{"start":{"line":187,"column":48},"end":{"line":187,"column":69}}],"line":187},"38":{"loc":{"start":{"line":192,"column":8},"end":{"line":195,"column":10}},"type":"if","locations":[{"start":{"line":192,"column":8},"end":{"line":195,"column":10}},{"start":{},"end":{}}],"line":192},"39":{"loc":{"start":{"line":192,"column":12},"end":{"line":192,"column":40}},"type":"binary-expr","locations":[{"start":{"line":192,"column":12},"end":{"line":192,"column":21}},{"start":{"line":192,"column":25},"end":{"line":192,"column":40}}],"line":192},"40":{"loc":{"start":{"line":197,"column":8},"end":{"line":217,"column":9}},"type":"if","locations":[{"start":{"line":197,"column":8},"end":{"line":217,"column":9}},{"start":{"line":212,"column":15},"end":{"line":217,"column":9}}],"line":197},"41":{"loc":{"start":{"line":209,"column":21},"end":{"line":209,"column":43}},"type":"cond-expr","locations":[{"start":{"line":209,"column":38},"end":{"line":209,"column":39}},{"start":{"line":209,"column":42},"end":{"line":209,"column":43}}],"line":209},"42":{"loc":{"start":{"line":210,"column":21},"end":{"line":210,"column":90}},"type":"cond-expr","locations":[{"start":{"line":210,"column":34},"end":{"line":210,"column":64}},{"start":{"line":210,"column":67},"end":{"line":210,"column":90}}],"line":210},"43":{"loc":{"start":{"line":228,"column":8},"end":{"line":231,"column":10}},"type":"if","locations":[{"start":{"line":228,"column":8},"end":{"line":231,"column":10}},{"start":{},"end":{}}],"line":228},"44":{"loc":{"start":{"line":228,"column":12},"end":{"line":228,"column":31}},"type":"binary-expr","locations":[{"start":{"line":228,"column":12},"end":{"line":228,"column":18}},{"start":{"line":228,"column":22},"end":{"line":228,"column":31}}],"line":228},"45":{"loc":{"start":{"line":233,"column":8},"end":{"line":251,"column":9}},"type":"if","locations":[{"start":{"line":233,"column":8},"end":{"line":251,"column":9}},{"start":{"line":246,"column":15},"end":{"line":251,"column":9}}],"line":233},"46":{"loc":{"start":{"line":243,"column":21},"end":{"line":243,"column":43}},"type":"cond-expr","locations":[{"start":{"line":243,"column":38},"end":{"line":243,"column":39}},{"start":{"line":243,"column":42},"end":{"line":243,"column":43}}],"line":243},"47":{"loc":{"start":{"line":244,"column":21},"end":{"line":244,"column":91}},"type":"cond-expr","locations":[{"start":{"line":244,"column":38},"end":{"line":244,"column":66}},{"start":{"line":244,"column":69},"end":{"line":244,"column":91}}],"line":244}},"s":{"0":1,"1":1,"2":1,"3":1,"4":1,"5":1,"6":1,"7":1,"8":1,"9":1,"10":0,"11":0,"12":0,"13":0,"14":0,"15":0,"16":0,"17":0,"18":0,"19":0,"20":0,"21":1,"22":0,"23":0,"24":0,"25":0,"26":0,"27":0,"28":0,"29":0,"30":0,"31":0,"32":1,"33":0,"34":0,"35":0,"36":0,"37":0,"38":0,"39":0,"40":0,"41":0,"42":0,"43":1,"44":0,"45":1,"46":0,"47":0,"48":0,"49":0,"50":0,"51":0,"52":0,"53":0,"54":0,"55":0,"56":0,"57":0,"58":0,"59":1,"60":0,"61":0,"62":0,"63":1,"64":0,"65":0,"66":0,"67":0,"68":0,"69":0,"70":0,"71":0,"72":0,"73":1,"74":0,"75":0,"76":1,"77":0,"78":0,"79":0,"80":0,"81":0,"82":0,"83":0,"84":1,"85":0,"86":0,"87":0,"88":1,"89":0,"90":0,"91":0,"92":0,"93":0,"94":0,"95":0,"96":0,"97":0,"98":0,"99":0,"100":0,"101":0,"102":1,"103":0,"104":0,"105":0,"106":0,"107":0,"108":0,"109":0,"110":0,"111":0,"112":0,"113":1},"f":{"0":0,"1":0,"2":0,"3":0,"4":0,"5":0,"6":0,"7":0,"8":0,"9":0,"10":0,"11":0,"12":0},"b":{"0":[0,0],"1":[0,0],"2":[0,0],"3":[0,0],"4":[0,0],"5":[0,0],"6":[0,0],"7":[0,0],"8":[0,0],"9":[0,0],"10":[0,0],"11":[0,0],"12":[0,0],"13":[0,0],"14":[0,0],"15":[0,0],"16":[0,0],"17":[0,0],"18":[0,0],"19":[0,0],"20":[0,0],"21":[0,0],"22":[0,0],"23":[0,0],"24":[0,0],"25":[0,0],"26":[0,0],"27":[0,0],"28":[0,0],"29":[0,0],"30":[0,0],"31":[0,0],"32":[0,0],"33":[0,0],"34":[0,0],"35":[0,0],"36":[0,0],"37":[0,0],"38":[0,0],"39":[0,0],"40":[0,0],"41":[0,0],"42":[0,0],"43":[0,0],"44":[0,0],"45":[0,0],"46":[0,0],"47":[0,0]},"_coverageSchema":"1a1c01bbd47fc00a2c39e90264f33305004495a9","hash":"dafaa49b47f80a296087a989829eaeae44cf96aa"}
,"D:\\Lập trình\\Phongtro\\New_code\\phongtro-ext\\server\\middlewares\\auth.js": {"path":"D:\\Lập trình\\Phongtro\\New_code\\phongtro-ext\\server\\middlewares\\auth.js","statementMap":{"0":{"start":{"line":1,"column":21},"end":{"line":1,"column":44}},"1":{"start":{"line":3,"column":20},"end":{"line":22,"column":1}},"2":{"start":{"line":4,"column":4},"end":{"line":21,"column":5}},"3":{"start":{"line":5,"column":22},"end":{"line":5,"column":62}},"4":{"start":{"line":6,"column":8},"end":{"line":15,"column":10}},"5":{"start":{"line":7,"column":12},"end":{"line":12,"column":13}},"6":{"start":{"line":8,"column":16},"end":{"line":11,"column":18}},"7":{"start":{"line":13,"column":12},"end":{"line":13,"column":29}},"8":{"start":{"line":14,"column":12},"end":{"line":14,"column":18}},"9":{"start":{"line":17,"column":8},"end":{"line":20,"column":10}},"10":{"start":{"line":23,"column":16},"end":{"line":28,"column":1}},"11":{"start":{"line":24,"column":21},"end":{"line":24,"column":29}},"12":{"start":{"line":25,"column":4},"end":{"line":26,"column":45}},"13":{"start":{"line":26,"column":8},"end":{"line":26,"column":45}},"14":{"start":{"line":27,"column":4},"end":{"line":27,"column":10}},"15":{"start":{"line":29,"column":15},"end":{"line":34,"column":1}},"16":{"start":{"line":30,"column":21},"end":{"line":30,"column":29}},"17":{"start":{"line":31,"column":4},"end":{"line":32,"column":44}},"18":{"start":{"line":32,"column":8},"end":{"line":32,"column":44}},"19":{"start":{"line":33,"column":4},"end":{"line":33,"column":10}},"20":{"start":{"line":35,"column":0},"end":{"line":39,"column":1}}},"fnMap":{"0":{"name":"(anonymous_0)","decl":{"start":{"line":3,"column":20},"end":{"line":3,"column":21}},"loc":{"start":{"line":3,"column":46},"end":{"line":22,"column":1}},"line":3},"1":{"name":"(anonymous_1)","decl":{"start":{"line":6,"column":59},"end":{"line":6,"column":60}},"loc":{"start":{"line":6,"column":76},"end":{"line":15,"column":9}},"line":6},"2":{"name":"(anonymous_2)","decl":{"start":{"line":23,"column":16},"end":{"line":23,"column":17}},"loc":{"start":{"line":23,"column":36},"end":{"line":28,"column":1}},"line":23},"3":{"name":"(anonymous_3)","decl":{"start":{"line":29,"column":15},"end":{"line":29,"column":16}},"loc":{"start":{"line":29,"column":35},"end":{"line":34,"column":1}},"line":29}},"branchMap":{"0":{"loc":{"start":{"line":4,"column":4},"end":{"line":21,"column":5}},"type":"if","locations":[{"start":{"line":4,"column":4},"end":{"line":21,"column":5}},{"start":{"line":16,"column":11},"end":{"line":21,"column":5}}],"line":4},"1":{"loc":{"start":{"line":7,"column":12},"end":{"line":12,"column":13}},"type":"if","locations":[{"start":{"line":7,"column":12},"end":{"line":12,"column":13}},{"start":{},"end":{}}],"line":7},"2":{"loc":{"start":{"line":25,"column":4},"end":{"line":26,"column":45}},"type":"if","locations":[{"start":{"line":25,"column":4},"end":{"line":26,"column":45}},{"start":{},"end":{}}],"line":25},"3":{"loc":{"start":{"line":31,"column":4},"end":{"line":32,"column":44}},"type":"if","locations":[{"start":{"line":31,"column":4},"end":{"line":32,"column":44}},{"start":{},"end":{}}],"line":31},"4":{"loc":{"start":{"line":31,"column":8},"end":{"line":31,"column":38}},"type":"binary-expr","locations":[{"start":{"line":31,"column":8},"end":{"line":31,"column":21}},{"start":{"line":31,"column":25},"end":{"line":31,"column":38}}],"line":31}},"s":{"0":2,"1":2,"2":3,"3":2,"4":2,"5":2,"6":1,"7":1,"8":1,"9":1,"10":2,"11":2,"12":2,"13":1,"14":1,"15":2,"16":2,"17":2,"18":1,"19":1,"20":2},"f":{"0":3,"1":2,"2":2,"3":2},"b":{"0":[2,1],"1":[1,1],"2":[1,1],"3":[1,1],"4":[2,2]},"_coverageSchema":"1a1c01bbd47fc00a2c39e90264f33305004495a9","hash":"242d9f6a6d4314217202a98db4661defd2b9f320"}
,"D:\\Lập trình\\Phongtro\\New_code\\phongtro-ext\\server\\middlewares\\errhandler.js": {"path":"D:\\Lập trình\\Phongtro\\New_code\\phongtro-ext\\server\\middlewares\\errhandler.js","statementMap":{"0":{"start":{"line":1,"column":17},"end":{"line":5,"column":1}},"1":{"start":{"line":2,"column":18},"end":{"line":2,"column":66}},"2":{"start":{"line":3,"column":4},"end":{"line":3,"column":19}},"3":{"start":{"line":4,"column":4},"end":{"line":4,"column":15}},"4":{"start":{"line":7,"column":21},"end":{"line":13,"column":1}},"5":{"start":{"line":8,"column":23},"end":{"line":8,"column":68}},"6":{"start":{"line":9,"column":4},"end":{"line":12,"column":6}},"7":{"start":{"line":15,"column":0},"end":{"line":18,"column":1}}},"fnMap":{"0":{"name":"(anonymous_0)","decl":{"start":{"line":1,"column":17},"end":{"line":1,"column":18}},"loc":{"start":{"line":1,"column":37},"end":{"line":5,"column":1}},"line":1},"1":{"name":"(anonymous_1)","decl":{"start":{"line":7,"column":21},"end":{"line":7,"column":22}},"loc":{"start":{"line":7,"column":46},"end":{"line":13,"column":1}},"line":7}},"branchMap":{"0":{"loc":{"start":{"line":8,"column":23},"end":{"line":8,"column":68}},"type":"cond-expr","locations":[{"start":{"line":8,"column":48},"end":{"line":8,"column":51}},{"start":{"line":8,"column":54},"end":{"line":8,"column":68}}],"line":8}},"s":{"0":2,"1":1,"2":1,"3":1,"4":2,"5":2,"6":2,"7":2},"f":{"0":1,"1":2},"b":{"0":[1,1]},"_coverageSchema":"1a1c01bbd47fc00a2c39e90264f33305004495a9","hash":"6ff7ebb583a409696ebb8c9749719ce4a4d58d72"}
,"D:\\Lập trình\\Phongtro\\New_code\\phongtro-ext\\server\\middlewares\\jwt.js": {"path":"D:\\Lập trình\\Phongtro\\New_code\\phongtro-ext\\server\\middlewares\\jwt.js","statementMap":{"0":{"start":{"line":1,"column":12},"end":{"line":1,"column":35}},"1":{"start":{"line":3,"column":29},"end":{"line":3,"column":112}},"2":{"start":{"line":3,"column":44},"end":{"line":3,"column":112}},"3":{"start":{"line":4,"column":30},"end":{"line":4,"column":101}},"4":{"start":{"line":4,"column":39},"end":{"line":4,"column":101}},"5":{"start":{"line":7,"column":0},"end":{"line":10,"column":1}}},"fnMap":{"0":{"name":"(anonymous_0)","decl":{"start":{"line":3,"column":29},"end":{"line":3,"column":30}},"loc":{"start":{"line":3,"column":44},"end":{"line":3,"column":112}},"line":3},"1":{"name":"(anonymous_1)","decl":{"start":{"line":4,"column":30},"end":{"line":4,"column":31}},"loc":{"start":{"line":4,"column":39},"end":{"line":4,"column":101}},"line":4}},"branchMap":{},"s":{"0":2,"1":2,"2":1,"3":2,"4":1,"5":2},"f":{"0":1,"1":1},"b":{},"_coverageSchema":"1a1c01bbd47fc00a2c39e90264f33305004495a9","hash":"9765532c4497d166d1bed92273577dca088fc6aa"}
,"D:\\Lập trình\\Phongtro\\New_code\\phongtro-ext\\server\\models\\category.js": {"path":"D:\\Lập trình\\Phongtro\\New_code\\phongtro-ext\\server\\models\\category.js","statementMap":{"0":{"start":{"line":4,"column":4},"end":{"line":4,"column":24}},"1":{"start":{"line":5,"column":16},"end":{"line":5,"column":34}},"2":{"start":{"line":6,"column":0},"end":{"line":34,"column":2}},"3":{"start":{"line":17,"column":2},"end":{"line":32,"column":5}},"4":{"start":{"line":26,"column":8},"end":{"line":26,"column":49}},"5":{"start":{"line":33,"column":2},"end":{"line":33,"column":18}}},"fnMap":{"0":{"name":"(anonymous_0)","decl":{"start":{"line":6,"column":17},"end":{"line":6,"column":18}},"loc":{"start":{"line":6,"column":43},"end":{"line":34,"column":1}},"line":6},"1":{"name":"(anonymous_1)","decl":{"start":{"line":13,"column":4},"end":{"line":13,"column":5}},"loc":{"start":{"line":13,"column":29},"end":{"line":15,"column":5}},"line":13},"2":{"name":"(anonymous_2)","decl":{"start":{"line":25,"column":6},"end":{"line":25,"column":7}},"loc":{"start":{"line":25,"column":17},"end":{"line":27,"column":7}},"line":25}},"branchMap":{},"s":{"0":2,"1":2,"2":2,"3":2,"4":0,"5":2},"f":{"0":2,"1":2,"2":0},"b":{},"_coverageSchema":"1a1c01bbd47fc00a2c39e90264f33305004495a9","hash":"7ba810c470b97505a1b23e9acfe2ba9e3130c2d7"}
,"D:\\Lập trình\\Phongtro\\New_code\\phongtro-ext\\server\\models\\comment.js": {"path":"D:\\Lập trình\\Phongtro\\New_code\\phongtro-ext\\server\\models\\comment.js","statementMap":{"0":{"start":{"line":4,"column":4},"end":{"line":4,"column":24}},"1":{"start":{"line":5,"column":0},"end":{"line":27,"column":2}},"2":{"start":{"line":14,"column":6},"end":{"line":14,"column":95}},"3":{"start":{"line":17,"column":2},"end":{"line":25,"column":5}},"4":{"start":{"line":26,"column":2},"end":{"line":26,"column":17}}},"fnMap":{"0":{"name":"(anonymous_0)","decl":{"start":{"line":5,"column":17},"end":{"line":5,"column":18}},"loc":{"start":{"line":5,"column":43},"end":{"line":27,"column":1}},"line":5},"1":{"name":"(anonymous_1)","decl":{"start":{"line":12,"column":4},"end":{"line":12,"column":5}},"loc":{"start":{"line":12,"column":29},"end":{"line":15,"column":5}},"line":12}},"branchMap":{},"s":{"0":2,"1":2,"2":2,"3":2,"4":2},"f":{"0":2,"1":2},"b":{},"_coverageSchema":"1a1c01bbd47fc00a2c39e90264f33305004495a9","hash":"a4dfd519927e20ccdfd9936d9ac35e4f8375e808"}
,"D:\\Lập trình\\Phongtro\\New_code\\phongtro-ext\\server\\models\\foodtype.js": {"path":"D:\\Lập trình\\Phongtro\\New_code\\phongtro-ext\\server\\models\\foodtype.js","statementMap":{"0":{"start":{"line":4,"column":4},"end":{"line":4,"column":24}},"1":{"start":{"line":5,"column":0},"end":{"line":24,"column":2}},"2":{"start":{"line":16,"column":2},"end":{"line":22,"column":5}},"3":{"start":{"line":23,"column":2},"end":{"line":23,"column":18}}},"fnMap":{"0":{"name":"(anonymous_0)","decl":{"start":{"line":5,"column":17},"end":{"line":5,"column":18}},"loc":{"start":{"line":5,"column":43},"end":{"line":24,"column":1}},"line":5},"1":{"name":"(anonymous_1)","decl":{"start":{"line":12,"column":4},"end":{"line":12,"column":5}},"loc":{"start":{"line":12,"column":29},"end":{"line":14,"column":5}},"line":12}},"branchMap":{},"s":{"0":2,"1":2,"2":2,"3":2},"f":{"0":2,"1":2},"b":{},"_coverageSchema":"1a1c01bbd47fc00a2c39e90264f33305004495a9","hash":"e1f748929caea17b4bb8880ba63f05c5dcfee271"}
,"D:\\Lập trình\\Phongtro\\New_code\\phongtro-ext\\server\\models\\index.js": {"path":"D:\\Lập trình\\Phongtro\\New_code\\phongtro-ext\\server\\models\\index.js","statementMap":{"0":{"start":{"line":3,"column":11},"end":{"line":3,"column":24}},"1":{"start":{"line":4,"column":13},"end":{"line":4,"column":28}},"2":{"start":{"line":5,"column":18},"end":{"line":5,"column":38}},"3":{"start":{"line":6,"column":16},"end":{"line":6,"column":34}},"4":{"start":{"line":7,"column":17},"end":{"line":7,"column":42}},"5":{"start":{"line":8,"column":12},"end":{"line":8,"column":25}},"6":{"start":{"line":9,"column":15},"end":{"line":9,"column":65}},"7":{"start":{"line":10,"column":11},"end":{"line":10,"column":13}},"8":{"start":{"line":12,"column":16},"end":{"line":17,"column":1}},"9":{"start":{"line":19,"column":0},"end":{"line":34,"column":5}},"10":{"start":{"line":21,"column":4},"end":{"line":26,"column":6}},"11":{"start":{"line":29,"column":18},"end":{"line":32,"column":5}},"12":{"start":{"line":33,"column":4},"end":{"line":33,"column":27}},"13":{"start":{"line":36,"column":0},"end":{"line":40,"column":3}},"14":{"start":{"line":37,"column":2},"end":{"line":39,"column":3}},"15":{"start":{"line":38,"column":4},"end":{"line":38,"column":32}},"16":{"start":{"line":42,"column":0},"end":{"line":42,"column":25}},"17":{"start":{"line":43,"column":0},"end":{"line":43,"column":25}},"18":{"start":{"line":45,"column":0},"end":{"line":45,"column":20}}},"fnMap":{"0":{"name":"(anonymous_0)","decl":{"start":{"line":20,"column":10},"end":{"line":20,"column":11}},"loc":{"start":{"line":20,"column":20},"end":{"line":27,"column":3}},"line":20},"1":{"name":"(anonymous_1)","decl":{"start":{"line":28,"column":11},"end":{"line":28,"column":12}},"loc":{"start":{"line":28,"column":21},"end":{"line":34,"column":3}},"line":28},"2":{"name":"(anonymous_2)","decl":{"start":{"line":36,"column":24},"end":{"line":36,"column":25}},"loc":{"start":{"line":36,"column":39},"end":{"line":40,"column":1}},"line":36}},"branchMap":{"0":{"loc":{"start":{"line":22,"column":6},"end":{"line":25,"column":37}},"type":"binary-expr","locations":[{"start":{"line":22,"column":6},"end":{"line":22,"column":29}},{"start":{"line":23,"column":6},"end":{"line":23,"column":23}},{"start":{"line":24,"column":6},"end":{"line":24,"column":30}},{"start":{"line":25,"column":6},"end":{"line":25,"column":37}}],"line":22},"1":{"loc":{"start":{"line":37,"column":2},"end":{"line":39,"column":3}},"type":"if","locations":[{"start":{"line":37,"column":2},"end":{"line":39,"column":3}},{"start":{},"end":{}}],"line":37}},"s":{"0":2,"1":2,"2":2,"3":2,"4":2,"5":2,"6":2,"7":2,"8":2,"9":2,"10":18,"11":16,"12":16,"13":2,"14":16,"15":16,"16":2,"17":2,"18":2},"f":{"0":18,"1":16,"2":16},"b":{"0":[18,18,16,16],"1":[16,0]},"_coverageSchema":"1a1c01bbd47fc00a2c39e90264f33305004495a9","hash":"ae539462c7b947ba4172729ef239314eb50ec754"}
,"D:\\Lập trình\\Phongtro\\New_code\\phongtro-ext\\server\\models\\post.js": {"path":"D:\\Lập trình\\Phongtro\\New_code\\phongtro-ext\\server\\models\\post.js","statementMap":{"0":{"start":{"line":4,"column":4},"end":{"line":4,"column":24}},"1":{"start":{"line":5,"column":0},"end":{"line":52,"column":2}},"2":{"start":{"line":14,"column":6},"end":{"line":14,"column":90}},"3":{"start":{"line":15,"column":6},"end":{"line":15,"column":104}},"4":{"start":{"line":16,"column":6},"end":{"line":16,"column":101}},"5":{"start":{"line":17,"column":6},"end":{"line":17,"column":90}},"6":{"start":{"line":18,"column":6},"end":{"line":18,"column":84}},"7":{"start":{"line":21,"column":2},"end":{"line":50,"column":5}},"8":{"start":{"line":28,"column":8},"end":{"line":28,"column":59}},"9":{"start":{"line":31,"column":20},"end":{"line":31,"column":47}},"10":{"start":{"line":32,"column":8},"end":{"line":32,"column":43}},"11":{"start":{"line":51,"column":2},"end":{"line":51,"column":14}}},"fnMap":{"0":{"name":"(anonymous_0)","decl":{"start":{"line":5,"column":17},"end":{"line":5,"column":18}},"loc":{"start":{"line":5,"column":43},"end":{"line":52,"column":1}},"line":5},"1":{"name":"(anonymous_1)","decl":{"start":{"line":12,"column":4},"end":{"line":12,"column":5}},"loc":{"start":{"line":12,"column":29},"end":{"line":19,"column":5}},"line":12},"2":{"name":"(anonymous_2)","decl":{"start":{"line":27,"column":6},"end":{"line":27,"column":7}},"loc":{"start":{"line":27,"column":18},"end":{"line":29,"column":7}},"line":27},"3":{"name":"(anonymous_3)","decl":{"start":{"line":30,"column":6},"end":{"line":30,"column":7}},"loc":{"start":{"line":30,"column":12},"end":{"line":33,"column":7}},"line":30}},"branchMap":{"0":{"loc":{"start":{"line":32,"column":15},"end":{"line":32,"column":43}},"type":"cond-expr","locations":[{"start":{"line":32,"column":21},"end":{"line":32,"column":36}},{"start":{"line":32,"column":39},"end":{"line":32,"column":43}}],"line":32}},"s":{"0":2,"1":2,"2":2,"3":2,"4":2,"5":2,"6":2,"7":2,"8":0,"9":0,"10":0,"11":2},"f":{"0":2,"1":2,"2":0,"3":0},"b":{"0":[0,0]},"_coverageSchema":"1a1c01bbd47fc00a2c39e90264f33305004495a9","hash":"2c865a6b4c18959e5a303064671be6119d8b4c58"}
,"D:\\Lập trình\\Phongtro\\New_code\\phongtro-ext\\server\\models\\role.js": {"path":"D:\\Lập trình\\Phongtro\\New_code\\phongtro-ext\\server\\models\\role.js","statementMap":{"0":{"start":{"line":4,"column":4},"end":{"line":4,"column":24}},"1":{"start":{"line":5,"column":0},"end":{"line":24,"column":2}},"2":{"start":{"line":16,"column":2},"end":{"line":22,"column":5}},"3":{"start":{"line":23,"column":2},"end":{"line":23,"column":14}}},"fnMap":{"0":{"name":"(anonymous_0)","decl":{"start":{"line":5,"column":17},"end":{"line":5,"column":18}},"loc":{"start":{"line":5,"column":43},"end":{"line":24,"column":1}},"line":5},"1":{"name":"(anonymous_1)","decl":{"start":{"line":12,"column":4},"end":{"line":12,"column":5}},"loc":{"start":{"line":12,"column":29},"end":{"line":14,"column":5}},"line":12}},"branchMap":{},"s":{"0":2,"1":2,"2":2,"3":2},"f":{"0":2,"1":2},"b":{},"_coverageSchema":"1a1c01bbd47fc00a2c39e90264f33305004495a9","hash":"9a662e265e4c17a2c01be1f491774a4086f1d91b"}
,"D:\\Lập trình\\Phongtro\\New_code\\phongtro-ext\\server\\models\\user.js": {"path":"D:\\Lập trình\\Phongtro\\New_code\\phongtro-ext\\server\\models\\user.js","statementMap":{"0":{"start":{"line":4,"column":4},"end":{"line":4,"column":24}},"1":{"start":{"line":5,"column":15},"end":{"line":5,"column":34}},"2":{"start":{"line":6,"column":0},"end":{"line":39,"column":2}},"3":{"start":{"line":15,"column":6},"end":{"line":15,"column":92}},"4":{"start":{"line":16,"column":6},"end":{"line":16,"column":89}},"5":{"start":{"line":19,"column":2},"end":{"line":37,"column":5}},"6":{"start":{"line":24,"column":21},"end":{"line":24,"column":43}},"7":{"start":{"line":25,"column":8},"end":{"line":25,"column":62}},"8":{"start":{"line":38,"column":2},"end":{"line":38,"column":14}}},"fnMap":{"0":{"name":"(anonymous_0)","decl":{"start":{"line":6,"column":17},"end":{"line":6,"column":18}},"loc":{"start":{"line":6,"column":43},"end":{"line":39,"column":1}},"line":6},"1":{"name":"(anonymous_1)","decl":{"start":{"line":13,"column":4},"end":{"line":13,"column":5}},"loc":{"start":{"line":13,"column":29},"end":{"line":17,"column":5}},"line":13},"2":{"name":"(anonymous_2)","decl":{"start":{"line":23,"column":6},"end":{"line":23,"column":7}},"loc":{"start":{"line":23,"column":16},"end":{"line":26,"column":7}},"line":23}},"branchMap":{},"s":{"0":2,"1":2,"2":2,"3":2,"4":2,"5":2,"6":0,"7":0,"8":2},"f":{"0":2,"1":2,"2":0},"b":{},"_coverageSchema":"1a1c01bbd47fc00a2c39e90264f33305004495a9","hash":"f36daf58f1b623dc3c4676422a31e7c96a97ed36"}
,"D:\\Lập trình\\Phongtro\\New_code\\phongtro-ext\\server\\models\\visited.js": {"path":"D:\\Lập trình\\Phongtro\\New_code\\phongtro-ext\\server\\models\\visited.js","statementMap":{"0":{"start":{"line":4,"column":4},"end":{"line":4,"column":24}},"1":{"start":{"line":5,"column":0},"end":{"line":24,"column":2}},"2":{"start":{"line":16,"column":2},"end":{"line":22,"column":5}},"3":{"start":{"line":23,"column":2},"end":{"line":23,"column":17}}},"fnMap":{"0":{"name":"(anonymous_0)","decl":{"start":{"line":5,"column":17},"end":{"line":5,"column":18}},"loc":{"start":{"line":5,"column":43},"end":{"line":24,"column":1}},"line":5},"1":{"name":"(anonymous_1)","decl":{"start":{"line":12,"column":4},"end":{"line":12,"column":5}},"loc":{"start":{"line":12,"column":29},"end":{"line":14,"column":5}},"line":12}},"branchMap":{},"s":{"0":2,"1":2,"2":2,"3":2},"f":{"0":2,"1":2},"b":{},"_coverageSchema":"1a1c01bbd47fc00a2c39e90264f33305004495a9","hash":"341ca851467908b41b356eabf38242eac9e1c59c"}
,"D:\\Lập trình\\Phongtro\\New_code\\phongtro-ext\\server\\models\\vote.js": {"path":"D:\\Lập trình\\Phongtro\\New_code\\phongtro-ext\\server\\models\\vote.js","statementMap":{"0":{"start":{"line":4,"column":4},"end":{"line":4,"column":24}},"1":{"start":{"line":5,"column":0},"end":{"line":27,"column":2}},"2":{"start":{"line":14,"column":6},"end":{"line":14,"column":89}},"3":{"start":{"line":17,"column":2},"end":{"line":25,"column":5}},"4":{"start":{"line":26,"column":2},"end":{"line":26,"column":14}}},"fnMap":{"0":{"name":"(anonymous_0)","decl":{"start":{"line":5,"column":17},"end":{"line":5,"column":18}},"loc":{"start":{"line":5,"column":43},"end":{"line":27,"column":1}},"line":5},"1":{"name":"(anonymous_1)","decl":{"start":{"line":12,"column":4},"end":{"line":12,"column":5}},"loc":{"start":{"line":12,"column":29},"end":{"line":15,"column":5}},"line":12}},"branchMap":{},"s":{"0":2,"1":2,"2":2,"3":2,"4":2},"f":{"0":2,"1":2},"b":{},"_coverageSchema":"1a1c01bbd47fc00a2c39e90264f33305004495a9","hash":"33170ab90983244ed80f7f81ac6441da23e7fcc0"}
,"D:\\Lập trình\\Phongtro\\New_code\\phongtro-ext\\server\\routes\\category.js": {"path":"D:\\Lập trình\\Phongtro\\New_code\\phongtro-ext\\server\\routes\\category.js","statementMap":{"0":{"start":{"line":1,"column":15},"end":{"line":1,"column":42}},"1":{"start":{"line":2,"column":14},"end":{"line":2,"column":48}},"2":{"start":{"line":4,"column":0},"end":{"line":4,"column":36}},"3":{"start":{"line":7,"column":0},"end":{"line":7,"column":23}}},"fnMap":{},"branchMap":{},"s":{"0":1,"1":1,"2":1,"3":1},"f":{},"b":{},"_coverageSchema":"1a1c01bbd47fc00a2c39e90264f33305004495a9","hash":"043806fcf76f4304d605df3a4d7eda8a1326cdfe"}
,"D:\\Lập trình\\Phongtro\\New_code\\phongtro-ext\\server\\routes\\comment.js": {"path":"D:\\Lập trình\\Phongtro\\New_code\\phongtro-ext\\server\\routes\\comment.js","statementMap":{"0":{"start":{"line":1,"column":15},"end":{"line":1,"column":42}},"1":{"start":{"line":2,"column":14},"end":{"line":2,"column":47}},"2":{"start":{"line":3,"column":24},"end":{"line":3,"column":54}},"3":{"start":{"line":5,"column":0},"end":{"line":5,"column":50}},"4":{"start":{"line":8,"column":0},"end":{"line":8,"column":23}}},"fnMap":{},"branchMap":{},"s":{"0":1,"1":1,"2":1,"3":1,"4":1},"f":{},"b":{},"_coverageSchema":"1a1c01bbd47fc00a2c39e90264f33305004495a9","hash":"02bac1fe1a34f8c5c43418211a93c5c3defad06f"}
,"D:\\Lập trình\\Phongtro\\New_code\\phongtro-ext\\server\\routes\\foodtype.js": {"path":"D:\\Lập trình\\Phongtro\\New_code\\phongtro-ext\\server\\routes\\foodtype.js","statementMap":{"0":{"start":{"line":1,"column":15},"end":{"line":1,"column":42}},"1":{"start":{"line":2,"column":14},"end":{"line":2,"column":48}},"2":{"start":{"line":4,"column":0},"end":{"line":4,"column":34}},"3":{"start":{"line":7,"column":0},"end":{"line":7,"column":23}}},"fnMap":{},"branchMap":{},"s":{"0":1,"1":1,"2":1,"3":1},"f":{},"b":{},"_coverageSchema":"1a1c01bbd47fc00a2c39e90264f33305004495a9","hash":"97d27f081960911b676b9e3fec8f6c84c1b0db4e"}
,"D:\\Lập trình\\Phongtro\\New_code\\phongtro-ext\\server\\routes\\index.js": {"path":"D:\\Lập trình\\Phongtro\\New_code\\phongtro-ext\\server\\routes\\index.js","statementMap":{"0":{"start":{"line":1,"column":15},"end":{"line":1,"column":34}},"1":{"start":{"line":2,"column":17},"end":{"line":2,"column":38}},"2":{"start":{"line":3,"column":13},"end":{"line":3,"column":30}},"3":{"start":{"line":4,"column":13},"end":{"line":4,"column":30}},"4":{"start":{"line":5,"column":16},"end":{"line":5,"column":36}},"5":{"start":{"line":6,"column":17},"end":{"line":6,"column":38}},"6":{"start":{"line":7,"column":35},"end":{"line":7,"column":71}},"7":{"start":{"line":9,"column":22},"end":{"line":22,"column":1}},"8":{"start":{"line":10,"column":4},"end":{"line":10,"column":34}},"9":{"start":{"line":11,"column":4},"end":{"line":11,"column":38}},"10":{"start":{"line":12,"column":4},"end":{"line":12,"column":30}},"11":{"start":{"line":13,"column":4},"end":{"line":13,"column":30}},"12":{"start":{"line":14,"column":4},"end":{"line":14,"column":36}},"13":{"start":{"line":15,"column":4},"end":{"line":15,"column":38}},"14":{"start":{"line":20,"column":4},"end":{"line":20,"column":21}},"15":{"start":{"line":21,"column":4},"end":{"line":21,"column":25}},"16":{"start":{"line":24,"column":0},"end":{"line":24,"column":30}}},"fnMap":{"0":{"name":"(anonymous_0)","decl":{"start":{"line":9,"column":22},"end":{"line":9,"column":23}},"loc":{"start":{"line":9,"column":31},"end":{"line":22,"column":1}},"line":9}},"branchMap":{},"s":{"0":1,"1":1,"2":1,"3":1,"4":1,"5":1,"6":1,"7":1,"8":1,"9":1,"10":1,"11":1,"12":1,"13":1,"14":1,"15":1,"16":1},"f":{"0":1},"b":{},"_coverageSchema":"1a1c01bbd47fc00a2c39e90264f33305004495a9","hash":"2e76fd680b7b7bc5dd9374b1213dd078f1b085c6"}
,"D:\\Lập trình\\Phongtro\\New_code\\phongtro-ext\\server\\routes\\insert.js": {"path":"D:\\Lập trình\\Phongtro\\New_code\\phongtro-ext\\server\\routes\\insert.js","statementMap":{"0":{"start":{"line":1,"column":15},"end":{"line":1,"column":42}},"1":{"start":{"line":2,"column":14},"end":{"line":2,"column":46}},"2":{"start":{"line":4,"column":0},"end":{"line":4,"column":34}},"3":{"start":{"line":5,"column":0},"end":{"line":5,"column":40}},"4":{"start":{"line":8,"column":0},"end":{"line":8,"column":23}}},"fnMap":{},"branchMap":{},"s":{"0":1,"1":1,"2":1,"3":1,"4":1},"f":{},"b":{},"_coverageSchema":"1a1c01bbd47fc00a2c39e90264f33305004495a9","hash":"939436a35e34c184770c7d31b67e584862cdddc8"}
,"D:\\Lập trình\\Phongtro\\New_code\\phongtro-ext\\server\\routes\\post.js": {"path":"D:\\Lập trình\\Phongtro\\New_code\\phongtro-ext\\server\\routes\\post.js","statementMap":{"0":{"start":{"line":1,"column":15},"end":{"line":1,"column":42}},"1":{"start":{"line":2,"column":14},"end":{"line":2,"column":44}},"2":{"start":{"line":3,"column":20},"end":{"line":3,"column":58}},"3":{"start":{"line":4,"column":41},"end":{"line":4,"column":71}},"4":{"start":{"line":6,"column":0},"end":{"line":6,"column":89}},"5":{"start":{"line":7,"column":0},"end":{"line":7,"column":56}},"6":{"start":{"line":8,"column":0},"end":{"line":8,"column":38}},"7":{"start":{"line":9,"column":0},"end":{"line":9,"column":34}},"8":{"start":{"line":10,"column":0},"end":{"line":10,"column":66}},"9":{"start":{"line":11,"column":0},"end":{"line":11,"column":51}},"10":{"start":{"line":12,"column":0},"end":{"line":12,"column":98}},"11":{"start":{"line":13,"column":0},"end":{"line":13,"column":76}},"12":{"start":{"line":14,"column":0},"end":{"line":14,"column":91}},"13":{"start":{"line":15,"column":0},"end":{"line":15,"column":38}},"14":{"start":{"line":16,"column":0},"end":{"line":16,"column":62}},"15":{"start":{"line":19,"column":0},"end":{"line":19,"column":23}}},"fnMap":{},"branchMap":{},"s":{"0":1,"1":1,"2":1,"3":1,"4":1,"5":1,"6":1,"7":1,"8":1,"9":1,"10":1,"11":1,"12":1,"13":1,"14":1,"15":1},"f":{},"b":{},"_coverageSchema":"1a1c01bbd47fc00a2c39e90264f33305004495a9","hash":"605aa2d452af1c92d2e262c8b37dbfa15b535b3b"}
,"D:\\Lập trình\\Phongtro\\New_code\\phongtro-ext\\server\\routes\\user.js": {"path":"D:\\Lập trình\\Phongtro\\New_code\\phongtro-ext\\server\\routes\\user.js","statementMap":{"0":{"start":{"line":1,"column":15},"end":{"line":1,"column":42}},"1":{"start":{"line":2,"column":14},"end":{"line":2,"column":44}},"2":{"start":{"line":3,"column":33},"end":{"line":3,"column":63}},"3":{"start":{"line":4,"column":17},"end":{"line":4,"column":55}},"4":{"start":{"line":6,"column":0},"end":{"line":6,"column":40}},"5":{"start":{"line":7,"column":0},"end":{"line":7,"column":63}},"6":{"start":{"line":8,"column":0},"end":{"line":8,"column":34}},"7":{"start":{"line":9,"column":0},"end":{"line":9,"column":52}},"8":{"start":{"line":10,"column":0},"end":{"line":10,"column":50}},"9":{"start":{"line":11,"column":0},"end":{"line":11,"column":58}},"10":{"start":{"line":12,"column":0},"end":{"line":12,"column":58}},"11":{"start":{"line":13,"column":0},"end":{"line":13,"column":53}},"12":{"start":{"line":14,"column":0},"end":{"line":14,"column":53}},"13":{"start":{"line":15,"column":0},"end":{"line":15,"column":98}},"14":{"start":{"line":16,"column":0},"end":{"line":16,"column":68}},"15":{"start":{"line":17,"column":0},"end":{"line":17,"column":79}},"16":{"start":{"line":20,"column":0},"end":{"line":20,"column":23}}},"fnMap":{},"branchMap":{},"s":{"0":1,"1":1,"2":1,"3":1,"4":1,"5":1,"6":1,"7":1,"8":1,"9":1,"10":1,"11":1,"12":1,"13":1,"14":1,"15":1,"16":1},"f":{},"b":{},"_coverageSchema":"1a1c01bbd47fc00a2c39e90264f33305004495a9","hash":"f8971f4487f6ebb4ae46bff19e5ee5457b81e793"}
,"D:\\Lập trình\\Phongtro\\New_code\\phongtro-ext\\server\\ultils\\insertdata.js": {"path":"D:\\Lập trình\\Phongtro\\New_code\\phongtro-ext\\server\\ultils\\insertdata.js","statementMap":{"0":{"start":{"line":1,"column":14},"end":{"line":1,"column":31}},"1":{"start":{"line":3,"column":13},"end":{"line":16,"column":1}},"2":{"start":{"line":18,"column":17},"end":{"line":43,"column":1}},"3":{"start":{"line":45,"column":13},"end":{"line":67,"column":1}},"4":{"start":{"line":68,"column":17},"end":{"line":93,"column":1}},"5":{"start":{"line":95,"column":0},"end":{"line":100,"column":1}}},"fnMap":{},"branchMap":{},"s":{"0":1,"1":1,"2":1,"3":1,"4":1,"5":1},"f":{},"b":{},"_coverageSchema":"1a1c01bbd47fc00a2c39e90264f33305004495a9","hash":"b0cf2e74d0eb33051106bbf1c0a6c17000693d63"}
}
