TN:
SF:controllers\category.js
FN:4,(anonymous_0)
FNF:1
FNH:1
FNDA:3,(anonymous_0)
DA:1,1
DA:2,1
DA:4,1
DA:6,3
DA:7,2
DA:8,2
DA:9,2
DA:10,2
DA:12,0
DA:14,0
DA:20,1
LF:11
LH:9
BRDA:7,0,0,2
BRDA:7,0,1,1
BRDA:9,1,0,2
BRDA:9,1,1,0
BRDA:15,2,0,0
BRDA:15,2,1,0
BRDA:16,3,0,0
BRDA:16,3,1,0
BRF:8
BRH:3
end_of_record
TN:
SF:controllers\comment.js
FN:5,(anonymous_0)
FNF:1
FNH:1
FNDA:3,(anonymous_0)
DA:1,1
DA:2,1
DA:3,1
DA:5,1
DA:6,3
DA:7,3
DA:8,3
DA:12,2
DA:13,2
DA:14,1
DA:20,1
LF:11
LH:11
BRDA:8,0,0,1
BRDA:8,0,1,2
BRDA:8,1,0,3
BRDA:8,1,1,2
BRDA:15,2,0,1
BRDA:15,2,1,0
BRDA:16,3,0,1
BRDA:16,3,1,0
BRF:8
BRH:6
end_of_record
TN:
SF:controllers\foodtype.js
FN:4,(anonymous_0)
FNF:1
FNH:1
FNDA:2,(anonymous_0)
DA:1,1
DA:2,1
DA:4,1
DA:5,2
DA:6,1
DA:12,1
LF:6
LH:6
BRDA:7,0,0,1
BRDA:7,0,1,0
BRDA:8,1,0,1
BRDA:8,1,1,0
BRF:4
BRH:2
end_of_record
TN:
SF:controllers\post.js
FN:7,(anonymous_0)
FN:11,(anonymous_1)
FN:26,(anonymous_2)
FN:29,(anonymous_3)
FN:39,(anonymous_4)
FN:49,(anonymous_5)
FN:57,(anonymous_6)
FN:92,(anonymous_7)
FN:132,(anonymous_8)
FN:134,(anonymous_9)
FN:135,(anonymous_10)
FN:152,(anonymous_11)
FN:165,(anonymous_12)
FN:193,(anonymous_13)
FN:209,(anonymous_14)
FN:221,(anonymous_15)
FN:265,(anonymous_16)
FNF:17
FNH:15
FNDA:2,(anonymous_0)
FNDA:2,(anonymous_1)
FNDA:3,(anonymous_2)
FNDA:2,(anonymous_3)
FNDA:2,(anonymous_4)
FNDA:2,(anonymous_5)
FNDA:2,(anonymous_6)
FNDA:2,(anonymous_7)
FNDA:2,(anonymous_8)
FNDA:2,(anonymous_9)
FNDA:2,(anonymous_10)
FNDA:1,(anonymous_11)
FNDA:2,(anonymous_12)
FNDA:0,(anonymous_13)
FNDA:0,(anonymous_14)
FNDA:1,(anonymous_15)
FNDA:1,(anonymous_16)
DA:1,1
DA:2,1
DA:3,1
DA:4,1
DA:5,1
DA:7,1
DA:8,2
DA:9,2
DA:10,2
DA:11,2
DA:13,2
DA:14,1
DA:15,1
DA:19,1
DA:26,1
DA:27,3
DA:28,3
DA:29,3
DA:30,3
DA:31,3
DA:32,3
DA:33,3
DA:34,3
DA:39,1
DA:40,2
DA:41,2
DA:42,2
DA:43,2
DA:44,2
DA:49,1
DA:50,2
DA:51,2
DA:52,2
DA:57,1
DA:58,2
DA:60,2
DA:61,2
DA:62,2
DA:63,2
DA:64,2
DA:65,2
DA:66,1
DA:67,2
DA:68,1
DA:76,2
DA:78,2
DA:87,2
DA:92,1
DA:105,2
DA:106,2
DA:107,2
DA:108,2
DA:109,2
DA:110,2
DA:111,0
DA:119,2
DA:120,1
DA:128,2
DA:129,2
DA:130,1
DA:131,2
DA:132,2
DA:133,2
DA:134,2
DA:135,2
DA:136,2
DA:138,2
DA:147,2
DA:152,1
DA:153,1
DA:160,1
DA:165,1
DA:166,2
DA:167,2
DA:168,2
DA:169,0
DA:174,2
DA:175,0
DA:179,2
DA:180,2
DA:181,2
DA:185,0
DA:187,0
DA:188,0
DA:189,0
DA:190,0
DA:191,0
DA:193,0
DA:194,0
DA:199,0
DA:204,0
DA:205,0
DA:206,0
DA:207,0
DA:209,0
DA:210,0
DA:215,0
DA:221,1
DA:222,1
DA:223,1
DA:256,1
DA:257,0
DA:259,1
DA:265,1
DA:269,1
DA:270,1
DA:271,1
DA:272,1
DA:273,1
DA:274,1
DA:275,1
DA:276,0
DA:277,0
DA:284,0
DA:292,1
DA:354,1
DA:372,1
LF:117
LH:94
BRDA:11,0,0,1
BRDA:11,0,1,1
BRDA:13,1,0,1
BRDA:13,1,1,1
BRDA:13,2,0,2
BRDA:13,2,1,1
BRDA:14,3,0,1
BRDA:14,3,1,0
BRDA:20,4,0,0
BRDA:20,4,1,0
BRDA:21,5,0,0
BRDA:21,5,1,0
BRDA:29,6,0,2
BRDA:29,6,1,1
BRDA:30,7,0,0
BRDA:30,7,1,3
BRDA:32,8,0,2
BRDA:32,8,1,1
BRDA:35,9,0,0
BRDA:35,9,1,0
BRDA:36,10,0,0
BRDA:36,10,1,0
BRDA:45,11,0,0
BRDA:45,11,1,2
BRDA:46,12,0,0
BRDA:46,12,1,2
BRDA:53,13,0,0
BRDA:53,13,1,2
BRDA:54,14,0,0
BRDA:54,14,1,2
BRDA:61,15,0,1
BRDA:61,15,1,1
BRDA:62,16,0,2
BRDA:62,16,1,1
BRDA:64,17,0,1
BRDA:64,17,1,1
BRDA:65,18,0,1
BRDA:65,18,1,1
BRDA:67,19,0,1
BRDA:67,19,1,1
BRDA:88,20,0,0
BRDA:88,20,1,2
BRDA:89,21,0,0
BRDA:89,21,1,2
BRDA:107,22,0,1
BRDA:107,22,1,1
BRDA:108,23,0,2
BRDA:108,23,1,1
BRDA:110,24,0,0
BRDA:110,24,1,2
BRDA:110,25,0,2
BRDA:110,25,1,1
BRDA:119,26,0,1
BRDA:119,26,1,1
BRDA:119,27,0,2
BRDA:119,27,1,1
BRDA:128,28,0,1
BRDA:128,28,1,1
BRDA:129,29,0,1
BRDA:129,29,1,1
BRDA:131,30,0,1
BRDA:131,30,1,1
BRDA:133,31,0,1
BRDA:133,31,1,1
BRDA:135,32,0,1
BRDA:135,32,1,1
BRDA:136,33,0,1
BRDA:136,33,1,1
BRDA:148,34,0,0
BRDA:148,34,1,2
BRDA:149,35,0,0
BRDA:149,35,1,2
BRDA:161,36,0,0
BRDA:161,36,1,1
BRDA:162,37,0,0
BRDA:162,37,1,1
BRDA:168,38,0,0
BRDA:168,38,1,2
BRDA:168,39,0,2
BRDA:168,39,1,2
BRDA:168,39,2,2
BRDA:174,40,0,0
BRDA:174,40,1,2
BRDA:174,41,0,2
BRDA:174,41,1,2
BRDA:174,41,2,2
BRDA:180,42,0,2
BRDA:180,42,1,0
BRDA:187,43,0,0
BRDA:187,43,1,0
BRDA:190,44,0,0
BRDA:190,44,1,0
BRDA:200,45,0,0
BRDA:200,45,1,0
BRDA:201,46,0,0
BRDA:201,46,1,0
BRDA:206,47,0,0
BRDA:206,47,1,0
BRDA:216,48,0,0
BRDA:216,48,1,0
BRDA:217,49,0,0
BRDA:217,49,1,0
BRDA:256,50,0,0
BRDA:256,50,1,1
BRDA:260,51,0,0
BRDA:260,51,1,1
BRDA:261,52,0,0
BRDA:261,52,1,1
BRDA:270,53,0,1
BRDA:270,53,1,1
BRDA:271,54,0,0
BRDA:271,54,1,1
BRDA:272,55,0,1
BRDA:272,55,1,1
BRDA:273,56,0,1
BRDA:273,56,1,1
BRDA:275,57,0,0
BRDA:275,57,1,1
BRDA:275,58,0,1
BRDA:275,58,1,0
BRDA:276,59,0,0
BRDA:276,59,1,0
BRDA:355,60,0,1
BRDA:355,60,1,0
BRDA:358,61,0,1
BRDA:358,61,1,0
BRF:126
BRH:78
end_of_record
TN:
SF:controllers\sendmail.js
FN:3,(anonymous_0)
FNF:1
FNH:1
FNDA:2,(anonymous_0)
DA:1,2
DA:3,2
DA:4,2
DA:15,1
DA:22,1
DA:25,2
LF:6
LH:6
BRF:0
BRH:0
end_of_record
TN:
SF:controllers\user.js
FN:31,(anonymous_0)
FN:48,(anonymous_1)
FN:57,(anonymous_2)
FN:73,(anonymous_3)
FN:88,(anonymous_4)
FN:91,(anonymous_5)
FN:125,(anonymous_6)
FN:141,(anonymous_7)
FN:159,(anonymous_8)
FN:166,(anonymous_9)
FN:184,(anonymous_10)
FN:197,(anonymous_11)
FN:232,(anonymous_12)
FNF:13
FNH:2
FNDA:0,(anonymous_0)
FNDA:0,(anonymous_1)
FNDA:0,(anonymous_2)
FNDA:0,(anonymous_3)
FNDA:0,(anonymous_4)
FNDA:0,(anonymous_5)
FNDA:0,(anonymous_6)
FNDA:0,(anonymous_7)
FNDA:0,(anonymous_8)
FNDA:0,(anonymous_9)
FNDA:0,(anonymous_10)
FNDA:2,(anonymous_11)
FNDA:7,(anonymous_12)
DA:1,1
DA:2,1
DA:3,1
DA:4,1
DA:5,1
DA:6,1
DA:7,1
DA:8,1
DA:9,1
DA:31,1
DA:32,0
DA:33,0
DA:34,0
DA:35,0
DA:36,0
DA:37,0
DA:44,0
DA:45,0
DA:46,0
DA:47,0
DA:48,0
DA:49,0
DA:52,0
DA:57,1
DA:58,0
DA:59,0
DA:60,0
DA:61,0
DA:62,0
DA:63,0
DA:65,0
DA:66,0
DA:69,0
DA:70,0
DA:73,1
DA:74,0
DA:75,0
DA:76,0
DA:79,0
DA:80,0
DA:81,0
DA:85,0
DA:86,0
DA:88,1
DA:89,0
DA:91,1
DA:92,0
DA:93,0
DA:94,0
DA:95,0
DA:96,0
DA:97,0
DA:98,0
DA:99,0
DA:100,0
DA:108,0
DA:120,0
DA:125,1
DA:126,0
DA:127,0
DA:136,0
DA:141,1
DA:142,0
DA:143,0
DA:144,0
DA:145,0
DA:146,0
DA:147,0
DA:153,0
DA:154,0
DA:159,1
DA:160,0
DA:161,0
DA:166,1
DA:167,0
DA:168,0
DA:169,0
DA:170,0
DA:171,0
DA:177,0
DA:178,0
DA:184,1
DA:185,0
DA:186,0
DA:192,0
DA:197,1
DA:198,2
DA:199,2
DA:203,2
DA:204,2
DA:205,1
DA:206,1
DA:207,1
DA:208,1
DA:214,1
DA:215,0
DA:220,1
DA:226,1
DA:232,1
DA:233,7
DA:234,7
DA:235,7
DA:239,6
DA:240,6
DA:241,4
DA:249,4
DA:254,2
DA:260,0
DA:266,1
LF:109
LH:41
BRDA:33,0,0,0
BRDA:33,0,1,0
BRDA:33,1,0,0
BRDA:33,1,1,0
BRDA:33,1,2,0
BRDA:36,2,0,0
BRDA:36,2,1,0
BRDA:44,3,0,0
BRDA:44,3,1,0
BRDA:53,4,0,0
BRDA:53,4,1,0
BRDA:54,5,0,0
BRDA:54,5,1,0
BRDA:60,6,0,0
BRDA:60,6,1,0
BRDA:62,7,0,0
BRDA:62,7,1,0
BRDA:75,8,0,0
BRDA:75,8,1,0
BRDA:75,9,0,0
BRDA:75,9,1,0
BRDA:79,10,0,0
BRDA:79,10,1,0
BRDA:80,11,0,0
BRDA:80,11,1,0
BRDA:82,12,0,0
BRDA:82,12,1,0
BRDA:83,13,0,0
BRDA:83,13,1,0
BRDA:83,14,0,0
BRDA:83,14,1,0
BRDA:85,15,0,0
BRDA:85,15,1,0
BRDA:94,16,0,0
BRDA:94,16,1,0
BRDA:95,17,0,0
BRDA:95,17,1,0
BRDA:97,18,0,0
BRDA:97,18,1,0
BRDA:98,19,0,0
BRDA:98,19,1,0
BRDA:99,20,0,0
BRDA:99,20,1,0
BRDA:121,21,0,0
BRDA:121,21,1,0
BRDA:122,22,0,0
BRDA:122,22,1,0
BRDA:137,23,0,0
BRDA:137,23,1,0
BRDA:138,24,0,0
BRDA:138,24,1,0
BRDA:143,25,0,0
BRDA:143,25,1,0
BRDA:144,26,0,0
BRDA:144,26,1,0
BRDA:146,27,0,0
BRDA:146,27,1,0
BRDA:146,28,0,0
BRDA:146,28,1,0
BRDA:155,29,0,0
BRDA:155,29,1,0
BRDA:156,30,0,0
BRDA:156,30,1,0
BRDA:162,31,0,0
BRDA:162,31,1,0
BRDA:163,32,0,0
BRDA:163,32,1,0
BRDA:168,33,0,0
BRDA:168,33,1,0
BRDA:170,34,0,0
BRDA:170,34,1,0
BRDA:170,35,0,0
BRDA:170,35,1,0
BRDA:179,36,0,0
BRDA:179,36,1,0
BRDA:180,37,0,0
BRDA:180,37,1,0
BRDA:193,38,0,0
BRDA:193,38,1,0
BRDA:194,39,0,0
BRDA:194,39,1,0
BRDA:199,40,0,0
BRDA:199,40,1,2
BRDA:199,41,0,2
BRDA:199,41,1,2
BRDA:204,42,0,1
BRDA:204,42,1,1
BRDA:216,43,0,0
BRDA:216,43,1,0
BRDA:217,44,0,0
BRDA:217,44,1,0
BRDA:235,45,0,1
BRDA:235,45,1,6
BRDA:235,46,0,7
BRDA:235,46,1,6
BRDA:240,47,0,4
BRDA:240,47,1,2
BRDA:250,48,0,3
BRDA:250,48,1,1
BRDA:251,49,0,3
BRDA:251,49,1,1
BRF:101
BRH:15
end_of_record
TN:
SF:middlewares\auth.js
FN:3,(anonymous_0)
FN:6,(anonymous_1)
FN:23,(anonymous_2)
FN:29,(anonymous_3)
FNF:4
FNH:4
FNDA:3,(anonymous_0)
FNDA:2,(anonymous_1)
FNDA:2,(anonymous_2)
FNDA:2,(anonymous_3)
DA:1,1
DA:3,1
DA:4,3
DA:5,2
DA:6,2
DA:7,2
DA:8,1
DA:13,1
DA:14,1
DA:17,1
DA:23,1
DA:24,2
DA:25,2
DA:26,1
DA:27,1
DA:29,1
DA:30,2
DA:31,2
DA:32,1
DA:33,1
DA:35,1
LF:21
LH:21
BRDA:4,0,0,2
BRDA:4,0,1,1
BRDA:7,1,0,1
BRDA:7,1,1,1
BRDA:25,2,0,1
BRDA:25,2,1,1
BRDA:31,3,0,1
BRDA:31,3,1,1
BRDA:31,4,0,2
BRDA:31,4,1,2
BRF:10
BRH:10
end_of_record
TN:
SF:middlewares\errhandler.js
FN:1,(anonymous_0)
FN:7,(anonymous_1)
FNF:2
FNH:2
FNDA:1,(anonymous_0)
FNDA:2,(anonymous_1)
DA:1,1
DA:2,1
DA:3,1
DA:4,1
DA:7,1
DA:8,2
DA:9,2
DA:15,1
LF:8
LH:8
BRDA:8,0,0,1
BRDA:8,0,1,1
BRF:2
BRH:2
end_of_record
TN:
SF:middlewares\jwt.js
FN:3,(anonymous_0)
FN:4,(anonymous_1)
FNF:2
FNH:2
FNDA:1,(anonymous_0)
FNDA:1,(anonymous_1)
DA:1,2
DA:3,2
DA:4,2
DA:7,2
LF:4
LH:4
BRF:0
BRH:0
end_of_record
TN:
SF:models\category.js
FN:6,(anonymous_0)
FN:13,(anonymous_1)
FN:25,(anonymous_2)
FNF:3
FNH:2
FNDA:5,(anonymous_0)
FNDA:5,(anonymous_1)
FNDA:0,(anonymous_2)
DA:4,5
DA:5,5
DA:6,5
DA:17,5
DA:26,0
DA:33,5
LF:6
LH:5
BRF:0
BRH:0
end_of_record
TN:
SF:models\comment.js
FN:5,(anonymous_0)
FN:12,(anonymous_1)
FNF:2
FNH:2
FNDA:5,(anonymous_0)
FNDA:5,(anonymous_1)
DA:4,5
DA:5,5
DA:14,5
DA:17,5
DA:26,5
LF:5
LH:5
BRF:0
BRH:0
end_of_record
TN:
SF:models\foodtype.js
FN:5,(anonymous_0)
FN:12,(anonymous_1)
FNF:2
FNH:2
FNDA:5,(anonymous_0)
FNDA:5,(anonymous_1)
DA:4,5
DA:5,5
DA:16,5
DA:23,5
LF:4
LH:4
BRF:0
BRH:0
end_of_record
TN:
SF:models\index.js
FN:18,(anonymous_0)
FN:26,(anonymous_1)
FN:34,(anonymous_2)
FNF:3
FNH:3
FNDA:45,(anonymous_0)
FNDA:40,(anonymous_1)
FNDA:40,(anonymous_2)
DA:1,5
DA:2,5
DA:3,5
DA:4,5
DA:5,5
DA:6,5
DA:7,5
DA:8,5
DA:10,5
DA:17,5
DA:19,45
DA:27,40
DA:31,40
DA:34,5
DA:35,40
DA:36,40
DA:40,5
DA:41,5
DA:43,5
LF:19
LH:19
BRDA:6,0,0,5
BRDA:6,0,1,0
BRDA:20,1,0,45
BRDA:20,1,1,45
BRDA:20,1,2,40
BRDA:20,1,3,40
BRDA:35,2,0,40
BRDA:35,2,1,0
BRF:8
BRH:6
end_of_record
TN:
SF:models\post.js
FN:5,(anonymous_0)
FN:12,(anonymous_1)
FN:27,(anonymous_2)
FN:30,(anonymous_3)
FNF:4
FNH:2
FNDA:5,(anonymous_0)
FNDA:5,(anonymous_1)
FNDA:0,(anonymous_2)
FNDA:0,(anonymous_3)
DA:4,5
DA:5,5
DA:14,5
DA:15,5
DA:16,5
DA:17,5
DA:18,5
DA:21,5
DA:28,0
DA:31,0
DA:32,0
DA:51,5
LF:12
LH:9
BRDA:32,0,0,0
BRDA:32,0,1,0
BRF:2
BRH:0
end_of_record
TN:
SF:models\role.js
FN:5,(anonymous_0)
FN:12,(anonymous_1)
FNF:2
FNH:2
FNDA:5,(anonymous_0)
FNDA:5,(anonymous_1)
DA:4,5
DA:5,5
DA:16,5
DA:23,5
LF:4
LH:4
BRF:0
BRH:0
end_of_record
TN:
SF:models\user.js
FN:6,(anonymous_0)
FN:13,(anonymous_1)
FN:23,(anonymous_2)
FNF:3
FNH:2
FNDA:5,(anonymous_0)
FNDA:5,(anonymous_1)
FNDA:0,(anonymous_2)
DA:4,5
DA:5,5
DA:6,5
DA:15,5
DA:16,5
DA:19,5
DA:24,0
DA:25,0
DA:38,5
LF:9
LH:7
BRF:0
BRH:0
end_of_record
TN:
SF:models\visited.js
FN:5,(anonymous_0)
FN:12,(anonymous_1)
FNF:2
FNH:2
FNDA:5,(anonymous_0)
FNDA:5,(anonymous_1)
DA:4,5
DA:5,5
DA:16,5
DA:23,5
LF:4
LH:4
BRF:0
BRH:0
end_of_record
TN:
SF:models\vote.js
FN:5,(anonymous_0)
FN:12,(anonymous_1)
FNF:2
FNH:2
FNDA:5,(anonymous_0)
FNDA:5,(anonymous_1)
DA:4,5
DA:5,5
DA:14,5
DA:17,5
DA:26,5
LF:5
LH:5
BRF:0
BRH:0
end_of_record
